Idle	0	0	2	2	2	2	2	0	25	-30	30	0	25	-30	30
Insert	0	0	2	2	2	2	2	0	25	-30	30	0	25	-30	30
InsertIdle	0	0	2	2	2	2	2	0	25	-30	30	0	25	-30	30
WLoop	0	0	2	2	2	2	2	0	25	-30	30	0	25	-30	30
SLoop	0	0	2	2	2	2	2	0	25	-30	30	0	25	-30	30
OLoop	0	0	2	2	2	2	2	0	25	-30	30	0	25	-30	30
M_IN_Start	0	0	2	2	2	2	2	0	25	-30	30	0	25	-30	30
M_IN_Loop	0	0	2	2	2	2	2	0	25	-30	30	0	25	-30	30
WF_IN_Start	0	0	2	2	2	2	2	0	25	-30	30	0	25	-30	30
WF_IN_Loop	0	0	2	2	2	2	2	0	25	-30	30	0	25	-30	30
WS_IN_Start	0	0	2	2	2	2	2	0	25	-30	30	0	25	-30	30
WS_IN_Loop	0	0	2	2	2	2	2	0	25	-30	30	0	25	-30	30
WS_IN_A	0	0	2	2	2	2	2	0	25	-30	30	0	25	-30	30
SF_IN_Start	0	0	2	2	2	2	2	0	25	-30	30	0	25	-30	30
SF_IN_Loop	0	0	2	2	2	2	2	0	25	-30	30	0	25	-30	30
SS_IN_Start	0	0	2	2	2	2	2	0	25	-30	30	0	25	-30	30
SS_IN_Loop	0	0	2	2	2	2	2	0	25	-30	30	0	25	-30	30
SS_IN_A	0	0	2	2	2	2	2	0	25	-30	30	0	25	-30	30
IN_A	0	0	2	2	2	2	2	0	25	-30	30	0	25	-30	30
M_OUT_Start	0	0	2	2	2	2	2	0	25	-30	30	0	25	-30	30
M_OUT_Loop	0	0	2	2	2	2	2	0	25	-30	30	0	25	-30	30
OUT_A	0	0	2	2	2	2	2	0	25	-30	30	0	25	-30	30
Pull	0	0	2	2	2	2	2	0	25	-30	30	0	25	-30	30
Drop	0	0	2	2	2	2	2	0	25	-30	30	0	25	-30	30
