0	WLoop	1	cf_j_kokan	0.2	0	0	sound/data/se/h/00/00_00.unity3d	khse_12	0		0
1	MLoop	1	cf_j_kokan	0.1	0	0	sound/data/se/h/00/00_00.unity3d	khse_13	0		0
2	SLoop	1	cf_j_kokan	0.05	0	0	sound/data/se/h/00/00_00.unity3d	khse_14	0		0
3	OLoop	1	cf_j_kokan	0.25	0	0	sound/data/se/h/00/00_00.unity3d	khse_14	0		0
4	OLoop	1	cf_j_kokan	0.75	0	0	sound/data/se/h/00/00_00.unity3d	khse_14	0		0
5	Orgasm	1	cf_j_kokan	0.21	0	0	sound/data/se/h/00/00_00.unity3d	khse_12	0		0
6	Orgasm	1	cf_j_kokan	0.26	0	0	sound/data/se/h/00/00_00.unity3d	khse_12	0		0
7	Orgasm	1	cf_j_kokan	0.3	0	0	sound/data/se/h/00/00_00.unity3d	khse_12	0		0
8	Orgasm	1	cf_j_kokan	0.33	0	0	sound/data/se/h/00/00_00.unity3d	khse_12	0		0
9	Orgasm	1	cf_j_kokan	0.37	0	0	sound/data/se/h/00/00_00.unity3d	khse_12	0		0
10	Orgasm	1	cf_j_kokan	0.42	0	0	sound/data/se/h/00/00_00.unity3d	khse_12	0		0
11	Orgasm	1	cf_j_kokan	0.45	0	0	sound/data/se/h/00/00_00.unity3d	khse_12	0		0
12	Orgasm	1	cf_j_kokan	0.5	0	0	sound/data/se/h/00/00_00.unity3d	khse_12	0		0
13	Orgasm	1	cf_j_kokan	0.53	0	0	sound/data/se/h/00/00_00.unity3d	khse_12	0		0
14	Orgasm	1	cf_j_kokan	0.57	0	0	sound/data/se/h/00/00_00.unity3d	khse_12	0		0
15	Orgasm	1	cf_j_kokan	0.61	0	0	sound/data/se/h/00/00_00.unity3d	khse_12	0		0
16	Orgasm	1	cf_j_kokan	0.65	0	0	sound/data/se/h/00/00_00.unity3d	khse_12	0		0
17	Orgasm	1	cf_j_kokan	0.69	0	0	sound/data/se/h/00/00_00.unity3d	khse_12	0		0
18	Orgasm	1	cf_j_kokan	0.73	0	0	sound/data/se/h/00/00_00.unity3d	khse_12	0		0
19	Orgasm	1	cf_j_kokan	0.77	0	0	sound/data/se/h/00/00_00.unity3d	khse_12	0		0
