0	sound/data/pcm/c33/h/17_00.unity3d	h_ko_33_00_005_00		1	100	sound/data/pcm/c33/h/17_00.unity3d	h_ko_33_00_005_00		1	100	sound/data/pcm/c33/h/17_00.unity3d	h_ko_33_02_005_00		1	160	sound/data/pcm/c33/h/17_00.unity3d	h_ko_33_03_005_00		1	220
1	sound/data/pcm/c33/h/17_00.unity3d	h_ko_33_00_005_01		1	101	sound/data/pcm/c33/h/17_00.unity3d	h_ko_33_00_005_01		1	101	sound/data/pcm/c33/h/17_00.unity3d	h_ko_33_02_005_01		1	161	sound/data/pcm/c33/h/17_00.unity3d	h_ko_33_03_005_01		1	221
2	sound/data/pcm/c33/h/17_00.unity3d	h_ko_33_00_005_02		1	102	sound/data/pcm/c33/h/17_00.unity3d	h_ko_33_00_005_02		1	102	sound/data/pcm/c33/h/17_00.unity3d	h_ko_33_02_005_02		1	162	sound/data/pcm/c33/h/17_00.unity3d	h_ko_33_03_005_02		1	222
3	sound/data/pcm/c33/h/17_00.unity3d	h_ko_33_00_005_03		1	103	sound/data/pcm/c33/h/17_00.unity3d	h_ko_33_00_005_03		1	103	sound/data/pcm/c33/h/17_00.unity3d	h_ko_33_02_005_03		1	163	sound/data/pcm/c33/h/17_00.unity3d	h_ko_33_03_005_03		1	223
4	sound/data/pcm/c33/h/17_00.unity3d	h_ko_33_00_005_04		1	104	sound/data/pcm/c33/h/17_00.unity3d	h_ko_33_00_005_04		1	104	sound/data/pcm/c33/h/17_00.unity3d	h_ko_33_02_005_04		1	164	sound/data/pcm/c33/h/17_00.unity3d	h_ko_33_03_005_04		1	224
5	sound/data/pcm/c33/h/17_00.unity3d	h_ko_33_00_005_05		1	105	sound/data/pcm/c33/h/17_00.unity3d	h_ko_33_00_005_05		1	105	sound/data/pcm/c33/h/17_00.unity3d	h_ko_33_02_005_05		1	165	sound/data/pcm/c33/h/17_00.unity3d	h_ko_33_03_005_05		1	225
6	sound/data/pcm/c33/h/17_00.unity3d	h_ko_33_00_005_06		1	106	sound/data/pcm/c33/h/17_00.unity3d	h_ko_33_00_005_06		1	106	sound/data/pcm/c33/h/17_00.unity3d	h_ko_33_02_005_06		1	166	sound/data/pcm/c33/h/17_00.unity3d	h_ko_33_03_005_06		1	226
7	sound/data/pcm/c33/h/17_00.unity3d	h_ko_33_00_005_07		1	107	sound/data/pcm/c33/h/17_00.unity3d	h_ko_33_00_005_07		1	107	sound/data/pcm/c33/h/17_00.unity3d	h_ko_33_02_005_07		1	167	sound/data/pcm/c33/h/17_00.unity3d	h_ko_33_03_005_07		1	227
8	sound/data/pcm/c33/h/17_00.unity3d	h_ko_33_00_005_08		1	108	sound/data/pcm/c33/h/17_00.unity3d	h_ko_33_00_005_08		1	108	sound/data/pcm/c33/h/17_00.unity3d	h_ko_33_02_005_08		1	168	sound/data/pcm/c33/h/17_00.unity3d	h_ko_33_03_005_08		1	228
9	sound/data/pcm/c33/h/17_00.unity3d	h_ko_33_00_005_09		1	100	sound/data/pcm/c33/h/17_00.unity3d	h_ko_33_00_005_09		1	100	sound/data/pcm/c33/h/17_00.unity3d	h_ko_33_02_005_09		1	160	sound/data/pcm/c33/h/17_00.unity3d	h_ko_33_03_005_09		1	220
10	sound/data/pcm/c33/h/17_00.unity3d	h_ko_33_00_006_00		1	110	sound/data/pcm/c33/h/17_00.unity3d	h_ko_33_00_006_00		1	110	sound/data/pcm/c33/h/17_00.unity3d	h_ko_33_02_006_00		1	170	sound/data/pcm/c33/h/17_00.unity3d	h_ko_33_03_006_00		1	230
11	sound/data/pcm/c33/h/17_00.unity3d	h_ko_33_00_006_01		1	111	sound/data/pcm/c33/h/17_00.unity3d	h_ko_33_00_006_01		1	111	sound/data/pcm/c33/h/17_00.unity3d	h_ko_33_02_006_01		1	171	sound/data/pcm/c33/h/17_00.unity3d	h_ko_33_03_006_01		1	231
12	sound/data/pcm/c33/h/17_00.unity3d	h_ko_33_00_006_02		1	112	sound/data/pcm/c33/h/17_00.unity3d	h_ko_33_00_006_02		1	112	sound/data/pcm/c33/h/17_00.unity3d	h_ko_33_02_006_02		1	172	sound/data/pcm/c33/h/17_00.unity3d	h_ko_33_03_006_02		1	232
13	sound/data/pcm/c33/h/17_00.unity3d	h_ko_33_00_006_03		1	113	sound/data/pcm/c33/h/17_00.unity3d	h_ko_33_00_006_03		1	113	sound/data/pcm/c33/h/17_00.unity3d	h_ko_33_02_006_03		1	173	sound/data/pcm/c33/h/17_00.unity3d	h_ko_33_03_006_03		1	233
14	sound/data/pcm/c33/h/17_00.unity3d	h_ko_33_00_006_04		1	114	sound/data/pcm/c33/h/17_00.unity3d	h_ko_33_00_006_04		1	114	sound/data/pcm/c33/h/17_00.unity3d	h_ko_33_02_006_04		1	174	sound/data/pcm/c33/h/17_00.unity3d	h_ko_33_03_006_04		1	234
15	sound/data/pcm/c33/h/17_00.unity3d	h_ko_33_00_006_05		1	115	sound/data/pcm/c33/h/17_00.unity3d	h_ko_33_00_006_05		1	115	sound/data/pcm/c33/h/17_00.unity3d	h_ko_33_02_006_05		1	175	sound/data/pcm/c33/h/17_00.unity3d	h_ko_33_03_006_05		1	235
16	sound/data/pcm/c33/h/17_00.unity3d	h_ko_33_00_006_06		1	116	sound/data/pcm/c33/h/17_00.unity3d	h_ko_33_00_006_06		1	116	sound/data/pcm/c33/h/17_00.unity3d	h_ko_33_02_006_06		1	176	sound/data/pcm/c33/h/17_00.unity3d	h_ko_33_03_006_06		1	236
17	sound/data/pcm/c33/h/17_00.unity3d	h_ko_33_00_006_07		1	117	sound/data/pcm/c33/h/17_00.unity3d	h_ko_33_00_006_07		1	117	sound/data/pcm/c33/h/17_00.unity3d	h_ko_33_02_006_07		1	177	sound/data/pcm/c33/h/17_00.unity3d	h_ko_33_03_006_07		1	237
18	sound/data/pcm/c33/h/17_00.unity3d	h_ko_33_00_006_08		1	118	sound/data/pcm/c33/h/17_00.unity3d	h_ko_33_00_006_08		1	118	sound/data/pcm/c33/h/17_00.unity3d	h_ko_33_02_006_08		1	178	sound/data/pcm/c33/h/17_00.unity3d	h_ko_33_03_006_08		1	238
19	sound/data/pcm/c33/h/17_00.unity3d	h_ko_33_00_006_09		1	110	sound/data/pcm/c33/h/17_00.unity3d	h_ko_33_00_006_09		1	110	sound/data/pcm/c33/h/17_00.unity3d	h_ko_33_02_006_09		1	170	sound/data/pcm/c33/h/17_00.unity3d	h_ko_33_03_006_09		1	230
20	sound/data/pcm/c33/h/17_00.unity3d	h_ko_33_00_023_00		1	120	sound/data/pcm/c33/h/17_00.unity3d	h_ko_33_00_023_00		1	120	sound/data/pcm/c33/h/17_00.unity3d	h_ko_33_02_023_00		1	180	sound/data/pcm/c33/h/17_00.unity3d	h_ko_33_03_023_00		1	240
21	sound/data/pcm/c33/h/17_00.unity3d	h_ko_33_00_023_01		1	121	sound/data/pcm/c33/h/17_00.unity3d	h_ko_33_00_023_01		1	121	sound/data/pcm/c33/h/17_00.unity3d	h_ko_33_02_023_01		1	181	sound/data/pcm/c33/h/17_00.unity3d	h_ko_33_03_023_01		1	241
22	sound/data/pcm/c33/h/17_00.unity3d	h_ko_33_00_023_02		1	122	sound/data/pcm/c33/h/17_00.unity3d	h_ko_33_00_023_02		1	122	sound/data/pcm/c33/h/17_00.unity3d	h_ko_33_02_023_02		1	182	sound/data/pcm/c33/h/17_00.unity3d	h_ko_33_03_023_02		1	242
23	sound/data/pcm/c33/h/17_00.unity3d	h_ko_33_00_023_03		1	123	sound/data/pcm/c33/h/17_00.unity3d	h_ko_33_00_023_03		1	123	sound/data/pcm/c33/h/17_00.unity3d	h_ko_33_02_023_03		1	183	sound/data/pcm/c33/h/17_00.unity3d	h_ko_33_03_023_03		1	243
24	sound/data/pcm/c33/h/17_00.unity3d	h_ko_33_00_023_04		1	124	sound/data/pcm/c33/h/17_00.unity3d	h_ko_33_00_023_04		1	124	sound/data/pcm/c33/h/17_00.unity3d	h_ko_33_02_023_04		1	184	sound/data/pcm/c33/h/17_00.unity3d	h_ko_33_03_023_04		1	244
25	sound/data/pcm/c33/h/17_00.unity3d	h_ko_33_00_023_05		1	125	sound/data/pcm/c33/h/17_00.unity3d	h_ko_33_00_023_05		1	125	sound/data/pcm/c33/h/17_00.unity3d	h_ko_33_02_023_05		1	185	sound/data/pcm/c33/h/17_00.unity3d	h_ko_33_03_023_05		1	245
26	sound/data/pcm/c33/h/17_00.unity3d	h_ko_33_00_023_06		1	126	sound/data/pcm/c33/h/17_00.unity3d	h_ko_33_00_023_06		1	126	sound/data/pcm/c33/h/17_00.unity3d	h_ko_33_02_023_06		1	186	sound/data/pcm/c33/h/17_00.unity3d	h_ko_33_03_023_06		1	246
27	sound/data/pcm/c33/h/17_00.unity3d	h_ko_33_00_023_07		1	127	sound/data/pcm/c33/h/17_00.unity3d	h_ko_33_00_023_07		1	127	sound/data/pcm/c33/h/17_00.unity3d	h_ko_33_02_023_07		1	187	sound/data/pcm/c33/h/17_00.unity3d	h_ko_33_03_023_07		1	247
28	sound/data/pcm/c33/h/17_00.unity3d	h_ko_33_00_023_08		1	128	sound/data/pcm/c33/h/17_00.unity3d	h_ko_33_00_023_08		1	128	sound/data/pcm/c33/h/17_00.unity3d	h_ko_33_02_023_08		1	188	sound/data/pcm/c33/h/17_00.unity3d	h_ko_33_03_023_08		1	248
29	sound/data/pcm/c33/h/17_00.unity3d	h_ko_33_00_023_09		1	120	sound/data/pcm/c33/h/17_00.unity3d	h_ko_33_00_023_09		1	120	sound/data/pcm/c33/h/17_00.unity3d	h_ko_33_02_023_09		1	180	sound/data/pcm/c33/h/17_00.unity3d	h_ko_33_03_023_09		1	240
30	sound/data/pcm/c33/h/17_00.unity3d	h_ko_33_00_023_00		1	130	sound/data/pcm/c33/h/17_00.unity3d	h_ko_33_00_023_00		1	130	sound/data/pcm/c33/h/17_00.unity3d	h_ko_33_02_023_00		1	190	sound/data/pcm/c33/h/17_00.unity3d	h_ko_33_03_023_00		1	250
31	sound/data/pcm/c33/h/17_00.unity3d	h_ko_33_00_023_01		1	131	sound/data/pcm/c33/h/17_00.unity3d	h_ko_33_00_023_01		1	131	sound/data/pcm/c33/h/17_00.unity3d	h_ko_33_02_023_01		1	191	sound/data/pcm/c33/h/17_00.unity3d	h_ko_33_03_023_01		1	251
32	sound/data/pcm/c33/h/17_00.unity3d	h_ko_33_00_023_02		1	132	sound/data/pcm/c33/h/17_00.unity3d	h_ko_33_00_023_02		1	132	sound/data/pcm/c33/h/17_00.unity3d	h_ko_33_02_023_02		1	192	sound/data/pcm/c33/h/17_00.unity3d	h_ko_33_03_023_02		1	252
33	sound/data/pcm/c33/h/17_00.unity3d	h_ko_33_00_023_03		1	133	sound/data/pcm/c33/h/17_00.unity3d	h_ko_33_00_023_03		1	133	sound/data/pcm/c33/h/17_00.unity3d	h_ko_33_02_023_03		1	193	sound/data/pcm/c33/h/17_00.unity3d	h_ko_33_03_023_03		1	253
34	sound/data/pcm/c33/h/17_00.unity3d	h_ko_33_00_023_04		1	134	sound/data/pcm/c33/h/17_00.unity3d	h_ko_33_00_023_04		1	134	sound/data/pcm/c33/h/17_00.unity3d	h_ko_33_02_023_04		1	194	sound/data/pcm/c33/h/17_00.unity3d	h_ko_33_03_023_04		1	254
35	sound/data/pcm/c33/h/17_00.unity3d	h_ko_33_00_023_05		1	135	sound/data/pcm/c33/h/17_00.unity3d	h_ko_33_00_023_05		1	135	sound/data/pcm/c33/h/17_00.unity3d	h_ko_33_02_023_05		1	195	sound/data/pcm/c33/h/17_00.unity3d	h_ko_33_03_023_05		1	255
36	sound/data/pcm/c33/h/17_00.unity3d	h_ko_33_00_023_06		1	136	sound/data/pcm/c33/h/17_00.unity3d	h_ko_33_00_023_06		1	136	sound/data/pcm/c33/h/17_00.unity3d	h_ko_33_02_023_06		1	196	sound/data/pcm/c33/h/17_00.unity3d	h_ko_33_03_023_06		1	256
37	sound/data/pcm/c33/h/17_00.unity3d	h_ko_33_00_023_07		1	137	sound/data/pcm/c33/h/17_00.unity3d	h_ko_33_00_023_07		1	137	sound/data/pcm/c33/h/17_00.unity3d	h_ko_33_02_023_07		1	197	sound/data/pcm/c33/h/17_00.unity3d	h_ko_33_03_023_07		1	257
38	sound/data/pcm/c33/h/17_00.unity3d	h_ko_33_00_023_08		1	138	sound/data/pcm/c33/h/17_00.unity3d	h_ko_33_00_023_08		1	138	sound/data/pcm/c33/h/17_00.unity3d	h_ko_33_02_023_08		1	198	sound/data/pcm/c33/h/17_00.unity3d	h_ko_33_03_023_08		1	258
39	sound/data/pcm/c33/h/17_00.unity3d	h_ko_33_00_023_09		1	130	sound/data/pcm/c33/h/17_00.unity3d	h_ko_33_00_023_09		1	130	sound/data/pcm/c33/h/17_00.unity3d	h_ko_33_02_023_09		1	190	sound/data/pcm/c33/h/17_00.unity3d	h_ko_33_03_023_09		1	250
40	sound/data/pcm/c33/h/17_00.unity3d	h_ko_33_00_024_00		1	140	sound/data/pcm/c33/h/17_00.unity3d	h_ko_33_00_024_00		1	140	sound/data/pcm/c33/h/17_00.unity3d	h_ko_33_02_024_00		1	200	sound/data/pcm/c33/h/17_00.unity3d	h_ko_33_03_024_00		1	260
41	sound/data/pcm/c33/h/17_00.unity3d	h_ko_33_00_024_01		1	141	sound/data/pcm/c33/h/17_00.unity3d	h_ko_33_00_024_01		1	141	sound/data/pcm/c33/h/17_00.unity3d	h_ko_33_02_024_01		1	201	sound/data/pcm/c33/h/17_00.unity3d	h_ko_33_03_024_01		1	261
42	sound/data/pcm/c33/h/17_00.unity3d	h_ko_33_00_024_02		1	142	sound/data/pcm/c33/h/17_00.unity3d	h_ko_33_00_024_02		1	142	sound/data/pcm/c33/h/17_00.unity3d	h_ko_33_02_024_02		1	202	sound/data/pcm/c33/h/17_00.unity3d	h_ko_33_03_024_02		1	262
43	sound/data/pcm/c33/h/17_00.unity3d	h_ko_33_00_024_03		1	143	sound/data/pcm/c33/h/17_00.unity3d	h_ko_33_00_024_03		1	143	sound/data/pcm/c33/h/17_00.unity3d	h_ko_33_02_024_03		1	203	sound/data/pcm/c33/h/17_00.unity3d	h_ko_33_03_024_03		1	263
44	sound/data/pcm/c33/h/17_00.unity3d	h_ko_33_00_024_04		1	144	sound/data/pcm/c33/h/17_00.unity3d	h_ko_33_00_024_04		1	144	sound/data/pcm/c33/h/17_00.unity3d	h_ko_33_02_024_04		1	204	sound/data/pcm/c33/h/17_00.unity3d	h_ko_33_03_024_04		1	264
45	sound/data/pcm/c33/h/17_00.unity3d	h_ko_33_00_024_05		1	145	sound/data/pcm/c33/h/17_00.unity3d	h_ko_33_00_024_05		1	145	sound/data/pcm/c33/h/17_00.unity3d	h_ko_33_02_024_05		1	205	sound/data/pcm/c33/h/17_00.unity3d	h_ko_33_03_024_05		1	265
46	sound/data/pcm/c33/h/17_00.unity3d	h_ko_33_00_024_06		1	146	sound/data/pcm/c33/h/17_00.unity3d	h_ko_33_00_024_06		1	146	sound/data/pcm/c33/h/17_00.unity3d	h_ko_33_02_024_06		1	206	sound/data/pcm/c33/h/17_00.unity3d	h_ko_33_03_024_06		1	266
47	sound/data/pcm/c33/h/17_00.unity3d	h_ko_33_00_024_07		1	147	sound/data/pcm/c33/h/17_00.unity3d	h_ko_33_00_024_07		1	147	sound/data/pcm/c33/h/17_00.unity3d	h_ko_33_02_024_07		1	207	sound/data/pcm/c33/h/17_00.unity3d	h_ko_33_03_024_07		1	267
48	sound/data/pcm/c33/h/17_00.unity3d	h_ko_33_00_024_08		1	148	sound/data/pcm/c33/h/17_00.unity3d	h_ko_33_00_024_08		1	148	sound/data/pcm/c33/h/17_00.unity3d	h_ko_33_02_024_08		1	208	sound/data/pcm/c33/h/17_00.unity3d	h_ko_33_03_024_08		1	268
49	sound/data/pcm/c33/h/17_00.unity3d	h_ko_33_00_024_09		1	140	sound/data/pcm/c33/h/17_00.unity3d	h_ko_33_00_024_09		1	140	sound/data/pcm/c33/h/17_00.unity3d	h_ko_33_02_024_09		1	200	sound/data/pcm/c33/h/17_00.unity3d	h_ko_33_03_024_09		1	260
50	sound/data/pcm/c33/h/17_00.unity3d	h_ko_33_00_024_00		1	150	sound/data/pcm/c33/h/17_00.unity3d	h_ko_33_00_024_00		1	150	sound/data/pcm/c33/h/17_00.unity3d	h_ko_33_02_024_00		1	210	sound/data/pcm/c33/h/17_00.unity3d	h_ko_33_03_024_00		1	270
51	sound/data/pcm/c33/h/17_00.unity3d	h_ko_33_00_024_01		1	151	sound/data/pcm/c33/h/17_00.unity3d	h_ko_33_00_024_01		1	151	sound/data/pcm/c33/h/17_00.unity3d	h_ko_33_02_024_01		1	211	sound/data/pcm/c33/h/17_00.unity3d	h_ko_33_03_024_01		1	271
52	sound/data/pcm/c33/h/17_00.unity3d	h_ko_33_00_024_02		1	152	sound/data/pcm/c33/h/17_00.unity3d	h_ko_33_00_024_02		1	152	sound/data/pcm/c33/h/17_00.unity3d	h_ko_33_02_024_02		1	212	sound/data/pcm/c33/h/17_00.unity3d	h_ko_33_03_024_02		1	272
53	sound/data/pcm/c33/h/17_00.unity3d	h_ko_33_00_024_03		1	153	sound/data/pcm/c33/h/17_00.unity3d	h_ko_33_00_024_03		1	153	sound/data/pcm/c33/h/17_00.unity3d	h_ko_33_02_024_03		1	213	sound/data/pcm/c33/h/17_00.unity3d	h_ko_33_03_024_03		1	273
54	sound/data/pcm/c33/h/17_00.unity3d	h_ko_33_00_024_04		1	154	sound/data/pcm/c33/h/17_00.unity3d	h_ko_33_00_024_04		1	154	sound/data/pcm/c33/h/17_00.unity3d	h_ko_33_02_024_04		1	214	sound/data/pcm/c33/h/17_00.unity3d	h_ko_33_03_024_04		1	274
55	sound/data/pcm/c33/h/17_00.unity3d	h_ko_33_00_024_05		1	155	sound/data/pcm/c33/h/17_00.unity3d	h_ko_33_00_024_05		1	155	sound/data/pcm/c33/h/17_00.unity3d	h_ko_33_02_024_05		1	215	sound/data/pcm/c33/h/17_00.unity3d	h_ko_33_03_024_05		1	275
56	sound/data/pcm/c33/h/17_00.unity3d	h_ko_33_00_024_06		1	156	sound/data/pcm/c33/h/17_00.unity3d	h_ko_33_00_024_06		1	156	sound/data/pcm/c33/h/17_00.unity3d	h_ko_33_02_024_06		1	216	sound/data/pcm/c33/h/17_00.unity3d	h_ko_33_03_024_06		1	276
57	sound/data/pcm/c33/h/17_00.unity3d	h_ko_33_00_024_07		1	157	sound/data/pcm/c33/h/17_00.unity3d	h_ko_33_00_024_07		1	157	sound/data/pcm/c33/h/17_00.unity3d	h_ko_33_02_024_07		1	217	sound/data/pcm/c33/h/17_00.unity3d	h_ko_33_03_024_07		1	277
58	sound/data/pcm/c33/h/17_00.unity3d	h_ko_33_00_024_08		1	158	sound/data/pcm/c33/h/17_00.unity3d	h_ko_33_00_024_08		1	158	sound/data/pcm/c33/h/17_00.unity3d	h_ko_33_02_024_08		1	218	sound/data/pcm/c33/h/17_00.unity3d	h_ko_33_03_024_08		1	278
59	sound/data/pcm/c33/h/17_00.unity3d	h_ko_33_00_024_09		1	150	sound/data/pcm/c33/h/17_00.unity3d	h_ko_33_00_024_09		1	150	sound/data/pcm/c33/h/17_00.unity3d	h_ko_33_02_024_09		1	210	sound/data/pcm/c33/h/17_00.unity3d	h_ko_33_03_024_09		1	270
60	sound/data/pcm/c33/h/17_00.unity3d	h_ko_33_02_097_00		1	300	sound/data/pcm/c33/h/17_00.unity3d	h_ko_33_02_097_00		1	300	sound/data/pcm/c33/h/17_00.unity3d	h_ko_33_02_097_00		1	320	sound/data/pcm/c33/h/17_00.unity3d	h_ko_33_02_097_00		1	340
61	sound/data/pcm/c33/h/17_00.unity3d	h_ko_33_02_097_01		1	301	sound/data/pcm/c33/h/17_00.unity3d	h_ko_33_02_097_01		1	301	sound/data/pcm/c33/h/17_00.unity3d	h_ko_33_02_097_01		1	321	sound/data/pcm/c33/h/17_00.unity3d	h_ko_33_02_097_01		1	341
62	sound/data/pcm/c33/h/17_00.unity3d	h_ko_33_02_097_02		1	302	sound/data/pcm/c33/h/17_00.unity3d	h_ko_33_02_097_02		1	302	sound/data/pcm/c33/h/17_00.unity3d	h_ko_33_02_097_02		1	322	sound/data/pcm/c33/h/17_00.unity3d	h_ko_33_02_097_02		1	342
63	sound/data/pcm/c33/h/17_00.unity3d	h_ko_33_02_097_03		1	303	sound/data/pcm/c33/h/17_00.unity3d	h_ko_33_02_097_03		1	303	sound/data/pcm/c33/h/17_00.unity3d	h_ko_33_02_097_03		1	323	sound/data/pcm/c33/h/17_00.unity3d	h_ko_33_02_097_03		1	343
64	sound/data/pcm/c33/h/17_00.unity3d	h_ko_33_02_097_04		1	304	sound/data/pcm/c33/h/17_00.unity3d	h_ko_33_02_097_04		1	304	sound/data/pcm/c33/h/17_00.unity3d	h_ko_33_02_097_04		1	324	sound/data/pcm/c33/h/17_00.unity3d	h_ko_33_02_097_04		1	344
65	sound/data/pcm/c33/h/17_00.unity3d	h_ko_33_02_097_05		1	305	sound/data/pcm/c33/h/17_00.unity3d	h_ko_33_02_097_05		1	305	sound/data/pcm/c33/h/17_00.unity3d	h_ko_33_02_097_05		1	325	sound/data/pcm/c33/h/17_00.unity3d	h_ko_33_02_097_05		1	345
66	sound/data/pcm/c33/h/17_00.unity3d	h_ko_33_02_097_06		1	306	sound/data/pcm/c33/h/17_00.unity3d	h_ko_33_02_097_06		1	306	sound/data/pcm/c33/h/17_00.unity3d	h_ko_33_02_097_06		1	326	sound/data/pcm/c33/h/17_00.unity3d	h_ko_33_02_097_06		1	346
67	sound/data/pcm/c33/h/17_00.unity3d	h_ko_33_02_097_07		1	307	sound/data/pcm/c33/h/17_00.unity3d	h_ko_33_02_097_07		1	307	sound/data/pcm/c33/h/17_00.unity3d	h_ko_33_02_097_07		1	327	sound/data/pcm/c33/h/17_00.unity3d	h_ko_33_02_097_07		1	347
68	sound/data/pcm/c33/h/17_00.unity3d	h_ko_33_02_097_08		1	308	sound/data/pcm/c33/h/17_00.unity3d	h_ko_33_02_097_08		1	308	sound/data/pcm/c33/h/17_00.unity3d	h_ko_33_02_097_08		1	328	sound/data/pcm/c33/h/17_00.unity3d	h_ko_33_02_097_08		1	348
69	sound/data/pcm/c33/h/17_00.unity3d	h_ko_33_02_097_09		1	300	sound/data/pcm/c33/h/17_00.unity3d	h_ko_33_02_097_09		1	300	sound/data/pcm/c33/h/17_00.unity3d	h_ko_33_02_097_09		1	320	sound/data/pcm/c33/h/17_00.unity3d	h_ko_33_02_097_09		1	340
70	sound/data/pcm/c33/h/17_00.unity3d	h_ko_33_02_098_00		1	310	sound/data/pcm/c33/h/17_00.unity3d	h_ko_33_02_098_00		1	310	sound/data/pcm/c33/h/17_00.unity3d	h_ko_33_02_098_00		1	330	sound/data/pcm/c33/h/17_00.unity3d	h_ko_33_02_098_00		1	350
71	sound/data/pcm/c33/h/17_00.unity3d	h_ko_33_02_098_01		1	311	sound/data/pcm/c33/h/17_00.unity3d	h_ko_33_02_098_01		1	311	sound/data/pcm/c33/h/17_00.unity3d	h_ko_33_02_098_01		1	331	sound/data/pcm/c33/h/17_00.unity3d	h_ko_33_02_098_01		1	351
72	sound/data/pcm/c33/h/17_00.unity3d	h_ko_33_02_098_02		1	312	sound/data/pcm/c33/h/17_00.unity3d	h_ko_33_02_098_02		1	312	sound/data/pcm/c33/h/17_00.unity3d	h_ko_33_02_098_02		1	332	sound/data/pcm/c33/h/17_00.unity3d	h_ko_33_02_098_02		1	352
73	sound/data/pcm/c33/h/17_00.unity3d	h_ko_33_02_098_03		1	313	sound/data/pcm/c33/h/17_00.unity3d	h_ko_33_02_098_03		1	313	sound/data/pcm/c33/h/17_00.unity3d	h_ko_33_02_098_03		1	333	sound/data/pcm/c33/h/17_00.unity3d	h_ko_33_02_098_03		1	353
74	sound/data/pcm/c33/h/17_00.unity3d	h_ko_33_02_098_04		1	314	sound/data/pcm/c33/h/17_00.unity3d	h_ko_33_02_098_04		1	314	sound/data/pcm/c33/h/17_00.unity3d	h_ko_33_02_098_04		1	334	sound/data/pcm/c33/h/17_00.unity3d	h_ko_33_02_098_04		1	354
75	sound/data/pcm/c33/h/17_00.unity3d	h_ko_33_02_098_05		1	315	sound/data/pcm/c33/h/17_00.unity3d	h_ko_33_02_098_05		1	315	sound/data/pcm/c33/h/17_00.unity3d	h_ko_33_02_098_05		1	335	sound/data/pcm/c33/h/17_00.unity3d	h_ko_33_02_098_05		1	355
76	sound/data/pcm/c33/h/17_00.unity3d	h_ko_33_02_098_06		1	316	sound/data/pcm/c33/h/17_00.unity3d	h_ko_33_02_098_06		1	316	sound/data/pcm/c33/h/17_00.unity3d	h_ko_33_02_098_06		1	336	sound/data/pcm/c33/h/17_00.unity3d	h_ko_33_02_098_06		1	356
77	sound/data/pcm/c33/h/17_00.unity3d	h_ko_33_02_098_07		1	317	sound/data/pcm/c33/h/17_00.unity3d	h_ko_33_02_098_07		1	317	sound/data/pcm/c33/h/17_00.unity3d	h_ko_33_02_098_07		1	337	sound/data/pcm/c33/h/17_00.unity3d	h_ko_33_02_098_07		1	357
78	sound/data/pcm/c33/h/17_00.unity3d	h_ko_33_02_098_08		1	318	sound/data/pcm/c33/h/17_00.unity3d	h_ko_33_02_098_08		1	318	sound/data/pcm/c33/h/17_00.unity3d	h_ko_33_02_098_08		1	338	sound/data/pcm/c33/h/17_00.unity3d	h_ko_33_02_098_08		1	358
79	sound/data/pcm/c33/h/17_00.unity3d	h_ko_33_02_098_09		1	310	sound/data/pcm/c33/h/17_00.unity3d	h_ko_33_02_098_09		1	310	sound/data/pcm/c33/h/17_00.unity3d	h_ko_33_02_098_09		1	330	sound/data/pcm/c33/h/17_00.unity3d	h_ko_33_02_098_09		1	350
