Idle	0	k_f_kosi02_00	0	1							
Insert	0	k_f_kokan_00	1	0							
InsertIdle	0	k_f_kokan_00	1	0							
WLoop	0	k_f_kokan_00	1	0							
SLoop	0	k_f_kokan_00	1	0							
OLoop	0	k_f_kokan_00	1	0							
M_IN_Start	0	k_f_kokan_00	1	0							
M_IN_Loop	0	k_f_kokan_00	1	0							
WF_IN_Start	0	k_f_kokan_00	1	0							
WF_IN_Loop	0	k_f_kokan_00	1	0							
WS_IN_Start	0	k_f_kokan_00	1	0							
WS_IN_Loop	0	k_f_kokan_00	1	0							
WS_IN_A	0	k_f_kokan_00	1	0							
SF_IN_Start	0	k_f_kokan_00	1	0							
SF_IN_Loop	0	k_f_kokan_00	1	0							
SS_IN_Start	0	k_f_kokan_00	1	0							
SS_IN_Loop	0	k_f_kokan_00	1	0							
SS_IN_A	0	k_f_kokan_00	1	0							
IN_A	0	k_f_kokan_00	1	0							
M_OUT_Start	0	k_f_kosi02_00	0	1							
M_OUT_Loop	0	k_f_kosi02_00	0	1							
OUT_A	0	k_f_kosi02_00	0	1							
Pull	0	k_f_kosi02_00	0	1							
Drop	0	k_f_kosi02_00	0	1							
A_Idle	0	k_f_kosi02_00	0	1							
A_Insert	0	k_f_ana_00	1	0							
A_InsertIdle	0	k_f_ana_00	1	0							
A_WLoop	0	k_f_ana_00	1	0							
A_SLoop	0	k_f_ana_00	1	0							
A_OLoop	0	k_f_ana_00	1	0							
A_M_IN_Start	0	k_f_ana_00	1	0							
A_M_IN_Loop	0	k_f_ana_00	1	0							
A_WF_IN_Start	0	k_f_ana_00	1	0							
A_WF_IN_Loop	0	k_f_ana_00	1	0							
A_WS_IN_Start	0	k_f_ana_00	1	0							
A_WS_IN_Loop	0	k_f_ana_00	1	0							
A_WS_IN_A	0	k_f_ana_00	1	0							
A_SF_IN_Start	0	k_f_ana_00	1	0							
A_SF_IN_Loop	0	k_f_ana_00	1	0							
A_SS_IN_Start	0	k_f_ana_00	1	0							
A_SS_IN_Loop	0	k_f_ana_00	1	0							
A_SS_IN_A	0	k_f_ana_00	1	0							
A_IN_A	0	k_f_ana_00	1	0							
A_M_OUT_Start	0	k_f_kosi02_00	0	1							
A_M_OUT_Loop	0	k_f_kosi02_00	0	1							
A_OUT_A	0	k_f_kosi02_00	0	1							
A_Pull	0	k_f_kosi02_00	0	1							
A_Drop	0	k_f_kosi02_00	0	1							
