Idle	0	k_f_kosi02_00	1	1							
Insert	0	k_f_kokan_00	1	0							
InsertIdle	0	k_f_kokan_00	1	0							
WLoop	0	k_f_kokan_00	1	0							
SLoop	0	k_f_kokan_00	1	0							
OLoop	0	k_f_kokan_00	1	0							
M_IN_Start	0	k_f_kokan_00	1	0							
M_IN_Loop	0	k_f_kokan_00	1	0							
WF_IN_Start	0	k_f_kokan_00	1	0							
WF_IN_Loop	0	k_f_kokan_00	1	0							
WS_IN_Start	0	k_f_kokan_00	1	0							
WS_IN_Loop	0	k_f_kokan_00	1	0							
WS_IN_A	0	k_f_kosi02_00	1	1							
SF_IN_Start	0	k_f_kokan_00	1	0							
SF_IN_Loop	0	k_f_kokan_00	1	0							
SS_IN_Start	0	k_f_kokan_00	1	0							
SS_IN_Loop	0	k_f_kokan_00	1	0							
SS_IN_A	0	k_f_kosi02_00	1	1							
IN_A	0	k_f_kosi02_00	1	1							
M_OUT_Start	0	k_f_kosi02_00	1	1							
M_OUT_Loop	0	k_f_kosi02_00	1	1							
OUT_A	0	k_f_kosi02_00	1	1							
Pull	0	k_f_kosi02_00	1	1							
Drop	0	k_f_kosi02_00	1	1							
