0	挿入前待機	13	10	1	10	0	0	0.5	1	1	0
1	挿入 入れるよ	2	8	0.9	10	0	0	0.5	1	1	0
2	挿入 ゴムつけてないときの否定	2	4	0.9	10	0	0	0.5	1	1	0
3	挿入 ゴムつけてないときの否定 危険日	2	4	0.9	10	0	0	0.5	1	1	0
4	入れるよから（処女）	2	35	1	9	0.5	1	0.8	1	0	0
5	入れるから（処女）	2	35	1	9	0.5	1	0.8	1	0	0
6	挿入 入れるよ から	2	10	0.8	10	0	0	0.5	1	1	0
7	挿入 入れる から	2	10	0.8	10	0	0	0.5	1	1	0
8	挿入中待機セリフ	2	10	0.8	10	0	0	0.5	1	1	0
9	抜き終わったときのセリフ	2	10	1	10	0	0	0.5	1	1	0
10	挿入弱ループ喘ぎ ゆっくり	2	10	0.8	11	0	0	0.5	1	1	0
11	挿入弱ループ喘ぎ はやく	2	10	0.8	11	0	0	0.5	1	1	0
12	挿入弱ループおさわり喘ぎ気持ちイイとこ汎用 ゆっくり	2	10	0.7	11	0	0	1	1	1	1
13	挿入弱ループおさわり喘ぎ気持ちイイとこ汎用 はやく	2	10	0.7	11	0	0	1	1	1	1
14	挿入弱ループおさわり喘ぎアナルが不慣れ　ゆっくり	2	10	1	11	0	0	0.5	1	1	0
15	挿入弱ループおさわり喘ぎアナルが不慣れ　はやく	2	10	1	11	0	0	0.5	1	1	0
16	挿入強ループ喘ぎ ゆっくり	2	8	0.8	11	0	0	0.5	1	1	0
17	挿入強ループ喘ぎ はやく	2	8	0.8	11	0	0	0.5	1	1	0
18	挿入強ループおさわり喘ぎ気持ちイイとこ汎用 ゆっくり	2	4	0.7	11	0	0	1	1	1	1
19	挿入強ループおさわり喘ぎ気持ちイイとこ汎用 はやく	2	4	0.7	11	0	0	1	1	1	1
20	挿入強ループおさわり喘ぎアナルが不慣れ　ゆっくり	2	4	1	11	0	0	0.5	1	1	0
21	挿入強ループおさわり喘ぎアナルが不慣れ　はやく	2	4	1	11	0	0	0.5	1	1	0
22	挿入中キス弱ループ喘ぎ　ゆっくり	2	1	1	23	0	0	0.5	1	1	0
23	挿入中キス弱ループ喘ぎ　はやく	2	1	1	23	0	0	0.5	1	1	0
24	挿入中キス強ループ喘ぎ　ゆっくり	2	3	1	23	0	0	0.5	1	1	0
25	挿入中キス強ループ喘ぎ　はやく	2	3	1	23	0	0	0.5	1	1	0
26	女ゲージ７割セリフ喘ぎ　ゆっくり	2	17	0.8	11	0	0	0.5	1	1	0
27	女ゲージ７割セリフ喘ぎ　はやく	2	17	0.8	11	0	0	0.5	1	1	0
28	男ゲージ７割セリフ喘ぎ　ゆっくり	2	17	0.8	11	0	0	0.5	1	1	0
29	男ゲージ７割セリフ喘ぎ　はやく	2	17	0.8	11	0	0	0.5	1	1	0
30	女絶頂前セリフ　（女のみイク）	2	4	0.8	11	0	0	0.5	1	1	0
31	同時絶頂前セリフ	2	4	0.8	11	0	0	0.5	1	1	0
32	男中にだすよ返しセリフ　（男のみイク）	2	4	0.8	11	0	0	0.5	1	1	0
33	外にだすよ返しセリフ　（男のみイク）　アナルも同じ	2	4	0.8	11	0	0	0.5	1	1	0
34	無言中出し、外出し　アナルも同じ	2	4	0.8	11	0	0	0.5	1	1	0
35	ゴム有り中出し　アナルも同じ	2	4	0.8	11	0	0	0.5	1	1	0
36	中出し開始	2	4	0.6	11	0	0	0.5	1	1	0
37	ゴム有り中出し開始　アナルも同じ	2	4	0.6	11	0	0	0.5	1	1	0
38	女絶頂弱開始　アナルも同じ	2	35	1	9	0.5	0	0.5	1	0	0
39	女絶頂強開始　アナルも同じ	2	35	1	9	0.5	0	0.5	1	0	0
40	同時絶頂ゴムあり	2	8	0.7	11	0	0	0.5	1	1	0
41	同時絶頂ゴムなし　（合意の上です（ゴムなし共通）	2	8	0.7	11	0	0	0.5	1	1	0
42	同時絶頂ゴムなし　危険日	2	8	0.7	11	0	0	0.5	1	1	0
43	女絶頂	2	8	0.7	11	0	0	0.5	1	1	0
44	同時絶頂ゴムあり	2	8	0.7	11	0	0	0.5	1	1	0
45	同時絶頂ゴムなし　	2	8	0.7	11	0	0	0.5	1	1	0
46	同時絶頂ゴムなし　危険日	2	8	0.7	11	0	0	0.5	1	1	0
47	女絶頂	2	8	0.7	11	0	0	0.5	1	1	0
48	男絶頂ゴムあり	13	8	0.7	11	0	0	0.5	1	1	0
49	男絶頂ゴムなし　	13	8	0.7	11	0	0	0.5	1	1	0
50	男絶頂ゴムなし　危険日	13	8	0.7	11	0	0	0.5	1	1	0
51	同時絶頂事後ゴムあり	13	8	0.7	11	0	0	0.5	1	1	0
52	同時絶頂事後ゴムなし　	13	8	0.7	11	0	0	0.5	1	1	0
53	同時絶頂事後ゴムなし　危険日	13	8	0.7	11	0	0	0.5	1	1	0
54	女絶頂	13	8	0.7	11	0	0	0.5	1	1	0
55	外だし中　アナルも同じ	2	10	1	11	0	0	0.5	1	1	0
56	落ち着いている　アナルも同じ	13	2	0.7	11	0	0	0.5	1	1	0
57	抜く【汁たれ】	13	2	1	11	0	0	0.5	1	1	0
58	入れるよから	2	4	0.9	9	0.5	0	0.5	1	0	0
59	入れるから	2	4	0.9	9	0.5	0	0.5	1	0	0
100	挿入前待機	0	10	1	1	0	0	0.5	1	1	0
101	挿入 入れるよ	3	8	0.9	1	0	0	0.5	1	1	0
102	挿入 ゴムつけてないときの否定	3	4	0.9	1	0	0	0.5	1	1	0
103	挿入 ゴムつけてないときの否定 危険日	3	4	0.9	1	0	0	0.5	1	1	0
104	入れるよから	13	10	0.8	11	0.5	0	0.5	1	0	0
105	入れるから	13	10	0.8	11	0.5	0	0.5	1	0	0
106	挿入 入れるよ から	3	10	0.8	1	0	0	0.5	1	1	0
107	挿入 入れる から	3	10	0.8	1	0	0	0.5	1	1	0
108	挿入中待機セリフ	3	10	0.8	1	0	0	0.5	1	1	0
109	抜き終わったときのセリフ	2	10	1	1	0	0	0.5	1	1	0
110	挿入弱ループ喘ぎ ゆっくり	3	10	0.8	2	0	0	0.5	1	1	0
111	挿入弱ループ喘ぎ はやく	3	10	0.8	2	0	0	0.5	1	1	0
112	挿入弱ループおさわり喘ぎ気持ちイイとこ汎用 ゆっくり	3	10	0.7	2	0	0	1	1	1	1
113	挿入弱ループおさわり喘ぎ気持ちイイとこ汎用 はやく	3	10	0.7	2	0	0	1	1	1	1
114	挿入弱ループおさわり喘ぎアナルが不慣れ　ゆっくり	3	10	1	2	0	0	0.5	1	1	0
115	挿入弱ループおさわり喘ぎアナルが不慣れ　はやく	3	10	1	2	0	0	0.5	1	1	0
116	挿入強ループ喘ぎ ゆっくり	3	8	0.8	2	0	0	0.5	1	1	0
117	挿入強ループ喘ぎ はやく	3	8	0.8	2	0	0	0.5	1	1	0
118	挿入強ループおさわり喘ぎ気持ちイイとこ汎用 ゆっくり	3	4	0.7	2	0	0	1	1	1	1
119	挿入強ループおさわり喘ぎ気持ちイイとこ汎用 はやく	3	4	0.7	2	0	0	1	1	1	1
120	挿入強ループおさわり喘ぎアナルが不慣れ　ゆっくり	3	4	1	2	0	0	0.5	1	1	0
121	挿入強ループおさわり喘ぎアナルが不慣れ　はやく	3	4	1	2	0	0	0.5	1	1	0
122	挿入中キス弱ループ喘ぎ　ゆっくり	3	1	1	23	0	0	0.5	1	1	0
123	挿入中キス弱ループ喘ぎ　はやく	3	1	1	23	0	0	0.5	1	1	0
124	挿入中キス強ループ喘ぎ　ゆっくり	3	3	1	23	0	0	0.5	1	1	0
125	挿入中キス強ループ喘ぎ　はやく	3	3	1	23	0	0	0.5	1	1	0
126	女ゲージ７割セリフ喘ぎ　ゆっくり	3	17	0.8	2	0	0	0.5	1	1	0
127	女ゲージ７割セリフ喘ぎ　はやく	3	17	0.8	2	0	0	0.5	1	1	0
128	男ゲージ７割セリフ喘ぎ　ゆっくり	3	17	0.8	2	0	0	0.5	1	1	0
129	男ゲージ７割セリフ喘ぎ　はやく	3	17	0.8	2	0	0	0.5	1	1	0
130	女絶頂前セリフ　（女のみイク）	3	4	0.8	2	0	0	0.5	1	1	0
131	同時絶頂前セリフ	3	4	0.8	2	0	0	0.5	1	1	0
132	男中にだすよ返しセリフ　（男のみイク）	3	4	0.8	2	0	0	0.5	1	1	0
133	外にだすよ返しセリフ　（男のみイク）　アナルも同じ	3	4	0.8	2	0	0	0.5	1	1	0
134	無言中出し、外出し　アナルも同じ	3	4	0.8	2	0	0	0.5	1	1	0
135	ゴム有り中出し　アナルも同じ	3	4	0.8	2	0	0	0.5	1	1	0
136	中出し開始	3	4	0.6	2	0	0	0.5	1	1	0
137	ゴム有り中出し開始　アナルも同じ	3	4	0.6	2	0	0	0.5	1	1	0
138	女絶頂弱開始　アナルも同じ	3	35	1	9	0.5	0	0.5	1	0	0
139	女絶頂強開始　アナルも同じ	3	35	1	9	0.5	0	0.5	1	0	0
140	同時絶頂ゴムあり	3	8	0.7	2	0	0	0.5	1	1	0
141	同時絶頂ゴムなし　（合意の上です（ゴムなし共通）	3	8	0.7	2	0	0	0.5	1	1	0
142	同時絶頂ゴムなし　危険日	3	8	0.7	2	0	0	0.5	1	1	0
143	女絶頂	3	8	0.7	2	0	0	0.5	1	1	0
144	同時絶頂ゴムあり	3	8	0.7	2	0	0	0.5	1	1	0
145	同時絶頂ゴムなし　	3	8	0.7	2	0	0	0.5	1	1	0
146	同時絶頂ゴムなし　危険日	3	8	0.7	2	0	0	0.5	1	1	0
147	女絶頂	3	8	0.7	2	0	0	0.5	1	1	0
148	男絶頂ゴムあり	0	8	0.7	2	0	0	0.5	1	1	0
149	男絶頂ゴムなし　	0	8	0.7	2	0	0	0.5	1	1	0
150	男絶頂ゴムなし　危険日	0	8	0.7	2	0	0	0.5	1	1	0
151	同時絶頂事後ゴムあり	0	8	0.7	2	0	0	0.5	1	1	0
152	同時絶頂事後ゴムなし　	0	8	0.7	2	0	0	0.5	1	1	0
153	同時絶頂事後ゴムなし　危険日	0	8	0.7	2	0	0	0.5	1	1	0
154	女絶頂	0	8	0.7	2	0	0	0.5	1	1	0
155	外だし中　アナルも同じ	3	10	1	2	0	0	0.5	1	1	0
156	落ち着いている　アナルも同じ	0	2	0.7	2	0	0	0.5	1	1	0
157	抜く【汁たれ】	0	2	1	2	0	0	0.5	1	1	0
158	入れるよから	13	10	0.8	11	0.5	0	0.5	1	0	0
159	入れるから	13	10	0.8	11	0.5	0	0.5	1	0	0
200	挿入前待機	13	10	1	1	0	0	0.5	1	1	0
201	挿入 入れるよ	0	8	0.9	2	0	0	0.5	1	1	0
202	挿入 ゴムつけてないときの否定	0	4	0.9	2	0	0	0.5	0	1	0
203	挿入 ゴムつけてないときの否定 危険日	0	4	0.9	2	0	0	0.5	0	1	0
204	入れるよから	0	10	0.8	2	0.5	0	0.5	1	0	0
205	入れるから	0	10	0.8	2	0.5	0	0.5	1	0	0
206	挿入 入れるよ から	0	10	0.8	2	0	0	0.5	1	1	0
207	挿入 入れる から	0	10	0.8	2	0	0	0.5	1	1	0
208	挿入中待機セリフ	0	10	0.8	1	0	0	0.5	1	1	0
209	抜き終わったときのセリフ	2	10	1	2	0	0	0.5	1	1	0
210	挿入弱ループ喘ぎ ゆっくり	0	10	0.8	2	0	0	0.5	1	1	0
211	挿入弱ループ喘ぎ はやく	0	25	0.8	24	0	0	0.5	1	1	0
212	挿入弱ループおさわり喘ぎ気持ちイイとこ汎用 ゆっくり	0	10	0.7	2	0	0	1	1	1	1
213	挿入弱ループおさわり喘ぎ気持ちイイとこ汎用 はやく	0	25	0.7	24	0	0	1	1	1	1
214	挿入弱ループおさわり喘ぎアナルが不慣れ　ゆっくり	0	10	1	1	0	0	0.5	1	1	0
215	挿入弱ループおさわり喘ぎアナルが不慣れ　はやく	0	10	1	2	0	0	0.5	1	1	0
216	挿入強ループ喘ぎ ゆっくり	0	8	0.8	2	0	0	0.5	1	1	0
217	挿入強ループ喘ぎ はやく	2	25	0.8	24	0	0	0.5	1	1	0
218	挿入強ループおさわり喘ぎ気持ちイイとこ汎用 ゆっくり	0	4	0.7	2	0	0	1	1	1	1
219	挿入強ループおさわり喘ぎ気持ちイイとこ汎用 はやく	0	25	0.7	24	0	0	1	1	1	1
220	挿入強ループおさわり喘ぎアナルが不慣れ　ゆっくり	0	4	1	1	0	0	0.5	1	1	0
221	挿入強ループおさわり喘ぎアナルが不慣れ　はやく	0	4	1	2	0	0	0.5	1	1	0
222	挿入中キス弱ループ喘ぎ　ゆっくり	0	1	1	23	0	0	0.5	1	1	0
223	挿入中キス弱ループ喘ぎ　はやく	0	1	1	23	0	0	0.5	1	1	0
224	挿入中キス強ループ喘ぎ　ゆっくり	0	3	1	23	0	0	0.5	1	1	0
225	挿入中キス強ループ喘ぎ　はやく	0	3	1	23	0	0	0.5	1	1	0
226	女ゲージ７割セリフ喘ぎ　ゆっくり	0	17	0.8	1	0	0	0.5	1	1	0
227	女ゲージ７割セリフ喘ぎ　はやく	2	25	0.8	24	0	0	0.5	1	1	0
228	男ゲージ７割セリフ喘ぎ　ゆっくり	0	17	0.8	1	0	0	0.5	1	1	0
229	男ゲージ７割セリフ喘ぎ　はやく	0	17	0.8	1	0	0	0.5	1	1	0
230	女絶頂前セリフ　（女のみイク）	2	25	0.6	1	0	0	0.5	1	1	1
231	同時絶頂前セリフ	2	25	0.6	2	0	0	0.5	1	1	1
232	男中にだすよ返しセリフ　（男のみイク）	0	4	0.8	1	0	0	0.5	1	1	0
233	外にだすよ返しセリフ　（男のみイク）　アナルも同じ	2	2	0.8	1	0	0	0.5	1	1	0
234	無言中出し、外出し　アナルも同じ	2	25	0.8	24	0	0	0.5	0	1	0
235	ゴム有り中出し　アナルも同じ	2	4	0.8	2	0	0	0.5	1	1	0
236	中出し開始	13	8	0.8	2	0	0	0.5	0	1	0
237	ゴム有り中出し開始　アナルも同じ	2	4	0.6	2	0	0	0.5	1	1	0
238	女絶頂弱開始　アナルも同じ	2	25	1	24	0.5	0	0.5	1	0	0
239	女絶頂強開始　アナルも同じ	2	25	1	24	0.5	0	0.5	0	0	1
240	同時絶頂ゴムあり	0	8	0.7	2	0	0	0.5	1	1	0
241	同時絶頂ゴムなし　（合意の上です（ゴムなし共通）	0	8	0.9	2	0	0	0.5	0	1	0
242	同時絶頂ゴムなし　危険日	0	25	0.7	2	0	0	0.5	0	1	1
243	女絶頂	0	25	0.7	2	0	0	0.5	0	1	1
244	同時絶頂ゴムあり	0	8	0.7	2	0	0	0.5	1	1	0
245	同時絶頂ゴムなし　	0	8	0.9	2	0	0	0.5	0	1	0
246	同時絶頂ゴムなし　危険日	0	25	0.7	2	0	0	0.5	0	1	1
247	女絶頂	0	25	0.7	2	0	0	0.5	0	1	1
248	男絶頂ゴムあり	13	8	0.7	2	0	0	0.5	1	1	0
249	男絶頂ゴムなし　	13	8	0.7	2	0	0	0.5	1	1	0
250	男絶頂ゴムなし　危険日	13	8	0.7	2	0	0	0.5	1	1	0
251	同時絶頂事後ゴムあり	13	8	0.7	2	0	0	0.5	1	1	0
252	同時絶頂事後ゴムなし　	13	8	0.9	2	0	0	0.5	1	1	1
253	同時絶頂事後ゴムなし　危険日	13	25	0.7	2	0	0	0.5	1	1	1
254	女絶頂	13	25	0.7	2	0	0	0.5	0	1	1
255	外だし中　アナルも同じ	2	11	1	24	0	0	0.5	1	1	0
256	落ち着いている　アナルも同じ	13	2	0.7	24	0	0	0.5	1	1	0
257	抜く【汁たれ】	13	2	1	2	0	0	0.5	1	1	0
258	入れるよから	0	10	0.8	2	0.5	0	0.5	1	0	0
259	入れるから	0	10	0.8	2	0.5	0	0.5	1	0	0
