0	開始（既にオナニー中）	2	10	0.8	11	0	0	0.5	1	1	0
1	開始（見られ）	2	10	0.8	11	0	0	0.5	1	1	0
2	２回目以降開始	2	10	0.8	11	0	0	0.5	1	1	0
3	中	2	8	0.8	11	0	0	0.5	1	1	0
4	強	2	8	0.8	11	0	0	0.5	1	1	0
5	MAX：絶頂前から絶頂	2	4	0.8	11	0	0	0.5	1	1	0
6	MAX：絶頂前（見られ）	2	4	0.8	11	0	0	0.5	1	1	0
7	事後	13	8	0.7	11	0	0	0.5	1	1	0
8	事後（見られ）	13	8	0.7	11	0	0	0.5	1	1	0
9	絶頂	2	35	1	9	0.5	0	0.5	1	0	0
100	開始（既にオナニー中）	3	10	0.8	2	0	0	0.5	1	1	0
101	開始（見られ）	3	10	0.8	2	0	0	0.5	1	1	0
102	２回目以降開始	3	10	0.8	2	0	0	0.5	1	1	0
103	中	3	8	0.8	2	0	0	0.5	1	1	0
104	強	3	8	0.8	2	0	0	0.5	1	1	0
105	MAX：絶頂前から絶頂	3	4	0.8	2	0	0	0.5	1	1	0
106	MAX：絶頂前（見られ）	3	4	0.8	2	0	0	0.5	1	1	0
107	事後	0	8	0.7	2	0	0	0.5	1	1	0
108	事後（見られ）	0	8	0.7	2	0	0	0.5	1	1	0
109	絶頂	3	35	1	9	0.5	0	0.5	1	0	0
200	開始（既にオナニー中）	0	10	0.8	39	0	0	0.5	1	1	0
201	開始（見られ）	0	10	0.8	39	0	0	0.5	1	1	0
202	２回目以降開始	0	10	0.8	39	0	0	0.5	1	1	0
203	中	0	8	0.8	39	0	0	0.5	1	1	0
204	強	0	8	0.8	39	0	0	0.5	1	1	0
205	MAX：絶頂前から絶頂	0	4	0.8	39	0	0	0.5	1	1	0
206	MAX：絶頂前（見られ）	0	4	0.8	39	0	0	0.5	1	1	0
207	事後	13	8	0.7	39	0	0	0.5	1	1	0
208	事後（見られ）	13	8	0.7	39	0	0	0.5	1	1	0
209	絶頂	2	35	1	11	0.5	0	0.5	1	0	0
