mo_koi_map04_wall00_00_d	mo_koi_map04_wall00_00						
mo_koi_map04_wall01_00_d	mo_koi_map04_wall01_00						
mo_koi_map04_wall02_00_d	mo_koi_map04_wall02_00						
mo_koi_map04_wall03_00_d	mo_koi_map04_wall03_00						
mo_koi_map04_wall04_00_d	mo_koi_map04_wall04_00						
mo_koi_map04_wall05_00_d	mo_koi_map04_wall05_00						
mo_koi_map04_wall06_00_d	mo_koi_map04_wall06_00						
mo_koi_map04_yuka00_naka01_d	mo_koi_map04_yuka00_naka01						
mo_koi_map04_wall06_01_d	mo_koi_map04_wall06_01	mo_koi_map03_yane02_00					
mo_koi_map04_wall06_02_d	mo_koi_map04_wall06_02						
mo_koi_map04_wall06_03_d	mo_koi_map04_wall06_03						
mo_koi_map04_wall07_00_d	mo_koi_map04_wall07_00						
mo_koi_map04_wall08_00_d	mo_koi_map04_wall08_00						
mo_koi_map04_wall09_00_d	mo_koi_map04_wall09_00						
mo_koi_map04_wall10_00_d	mo_koi_map04_wall10_00						
mo_koi_map04_wall11_00_d	mo_koi_map04_wall11_00						
mo_koi_map04_yane02_00_d	mo_koi_map04_yane02_00						
mo_koi_map04_yane00_00_d	mo_koi_map04_yane00_00						
mo_koi_map04_yane01_00_d	mo_koi_map04_yane01_00						
mo_koi_map04_yane03_00_d	mo_koi_map04_yane03_00						
mo_koi_map04_yuka00_00_d	mo_koi_map04_yuka00_00	mo_koi_map04_yuka01_00	mo_koi_map04_yuka00_naka01	mo_koi_map04_yane04_00	mo_koi_map04_wall07_gaiheki00_yane	mo_koi_map04_yuka00_soto00	mo_koi_map04_wall07_gaiheki00
