mo_koi_map02_wall00_00_d	mo_koi_map02_wall00_00				
mo_koi_map02_wall01_00_d	mo_koi_map02_wall01_00				
mo_koi_map02_wall02_00_d	mo_koi_map02_wall02_00				
mo_koi_map02_wall03_00_d	mo_koi_map02_wall03_00				
mo_koi_map02_wall04_00_d	mo_koi_map02_wall04_00				
mo_koi_map02_wall05_00_d	mo_koi_map02_wall07_00	mo_koi_map02_wall07_gaiheki01	mo_koi_map02_wall05_00	mo_koi_map02_wall05_gaiheki00	
mo_koi_map02_wall05_gaiheki00_d	mo_koi_map02_wall07_00	mo_koi_map02_wall07_gaiheki01	mo_koi_map02_wall05_00	mo_koi_map02_wall05_gaiheki00	
mo_koi_map02_wall06_00_d	mo_koi_map02_wall06_00				
mo_koi_map02_wall07_00_d	mo_koi_map02_wall07_00	mo_koi_map02_wall07_gaiheki01	mo_koi_map02_wall05_00	mo_koi_map02_wall05_gaiheki00	
mo_koi_map02_wall07_gaiheki01_d	mo_koi_map02_wall07_00	mo_koi_map02_wall07_gaiheki01	mo_koi_map02_wall05_00	mo_koi_map02_wall05_gaiheki00	
mo_koi_map02_wall07_genkan00_d	mo_koi_map02_wall07_genkan00				
mo_koi_map02_wall07_gaiheki00_yane_d	mo_koi_map02_wall07_gaiheki00_yane	mo_koi_map02_yane02_00			
mo_koi_map02_wall08_00_d	mo_koi_map02_wall08_00				
mo_koi_map02_wall09_00_d	mo_koi_map02_wall09_00				
mo_koi_map02_wall10_00_d	mo_koi_map02_wall10_00				
mo_koi_map02_wall11_00_d	mo_koi_map02_wall11_00				
mo_koi_map02_wall12_00_d	mo_koi_map02_wall12_00				
mo_koi_map02_wall06_kaidan04_d	mo_koi_map02_wall06_kaidan04	mo_koi_map02_wall06_kaidan01	mo_koi_map02_wall06_kaidan_yuka	mo_koi_map02_wall06_kaidan00	
mo_koi_map02_wall06_kaidan02_d	mo_koi_map02_wall06_kaidan02	mo_koi_map02_wall06_kaidan_yuka			
mo_koi_map02_wall06_kaidan06_d	mo_koi_map02_wall06_kaidan06				
mo_koi_map02_wall06_kaidan05_d	mo_koi_map02_wall06_kaidan05				
mo_koi_map02_wall06_kaidan00_d	mo_koi_map02_wall06_kaidan00	mo_koi_map02_wall06_kaidan01	mo_koi_map02_wall06_kaidan03		
mo_koi_map02_yane00_00_d	mo_koi_map02_yane00_00				
mo_koi_map02_yane03_00_d	mo_koi_map02_yane03_00				
mo_koi_map02_yane01_00_d	mo_koi_map02_yane01_00				
mo_koi_map02_yuka00_00_d	mo_koi_map02_yuka00_00	mo_koi_map02_yuka00_syakou00	mo_koi_map02_yuka01_00	mo_koi_map02_yuka02_00	mo_koi_map02_yuka00_soto00
o_koi_map02_ki00_d	o_koi_map02_ki00				
