mo_koi_map21_wall00_00_d	mo_koi_map21_wall00_00	o_koi_map21_soto	
mo_koi_map21_wall01_00_d	mo_koi_map21_wall01_00		
mo_koi_map21_wall02_00_d	mo_koi_map21_wall02_00		
mo_koi_map21_wall03_00_d	mo_koi_map21_wall03_00		
mo_koi_map21_yane00_00_d	mo_koi_map21_yane00_00		
mo_koi_map21_yuka00_00_d	mo_koi_map21_yuka00_00		
p_o_koi_tana07_03_d	p_o_koi_tana07_03		
p_o_koi_tana07_02_d	p_o_koi_tana07_02		
p_o_koi_tana07_01_d	p_o_koi_tana07_01		
p_o_koi_tana07_00_d	p_o_koi_tana07_00		
p_o_koi_desk03_d	p_o_koi_desk03		
p_o_koi_desk01_01_d	p_o_koi_desk01_01	p_o_koi_desk01_00	p_o_koi_isu0200_01
p_o_koi_desk01_02_d	p_o_koi_desk01_02	p_o_koi_desk01_03	p_o_koi_isu0200_00
p_o_koi_tana05_01_d	p_o_koi_tana05_01	p_o_koi_tana05 (2)	
p_o_koi_tana05_00_d	p_o_koi_tana05_00	p_o_koi_tana05 (1)	
p_o_koi_bord00_d	p_o_koi_bord00		
isu0200	isu0200		
isu0200 (1)	isu0200 (1)		
isu0200 (2)	isu0200 (2)		
isu0200 (3)	isu0200 (3)		
isu0200 (4)	isu0200 (4)		
isu0200 (5)	isu0200 (5)		
