mo_koi_map22_wall00_d	mo_koi_map22_wall00	o_koi_map22_soto	
mo_koi_map22_wall01_d	mo_koi_map22_wall01		
mo_koi_map22_wall02_d	mo_koi_map22_wall02		
mo_koi_map22_wall03_d	mo_koi_map22_wall03		
mo_koi_map22_yane00_d	mo_koi_map22_yane00		
mo_koi_map22_yuka00_d	mo_koi_map22_yuka00		
p_o_koi_nisu05_d	p_o_koi_nisu05		
p_o_koi_nisu06_d	p_o_koi_nisu06		
p_o_koi_desk010_d	p_o_koi_desk010		
p_o_koi_desk08_d	p_o_koi_desk08	p_o_koi_tana11	p_o_koi_tana19 (1)
p_o_koi_tyabu00_00_d	p_o_koi_tyabu00_00		
p_o_koi_desk09_d	p_o_koi_desk09		
p_o_koi_desk08 (4)_d	p_o_koi_desk08 (4)	p_o_koi_desk08 (3)	
isu11	isu11		
isu11 (1)	isu11 (1)		
isu11 (2)	isu11 (2)		
isu11 (3)	isu11 (3)		
isu11 (4)	isu11 (4)		
isu0200	isu0200		
isu10	isu10		
