mo_koi_map17_wall00_00_d	mo_koi_map17_wall00_00	o_koi_map17_soto	mo_koi_mi_isu00_13
mo_koi_map17_wall01_00_d	mo_koi_map17_wall01_00		
mo_koi_map17_wall02_00_d	mo_koi_map17_wall02_00		
mo_koi_map17_wall03_00_d	mo_koi_map17_wall03_00		
mo_koi_map17_yane00_00_d	mo_koi_map17_yane00_00		
mo_koi_map17_yuka00_00_d	mo_koi_map17_yuka00_00		
mo_koi_mi_desk00_15_d	mo_koi_mi_desk00_15		
mo_koi_mi_desk00_14_d	mo_koi_mi_desk00_14	mo_koi_mi_isu00_12	
mo_koi_mi_desk00_13_d	mo_koi_mi_desk00_13		
mo_koi_mi_desk00_12_d	mo_koi_mi_desk00_12		
mo_koi_mi_desk00_10_d	mo_koi_mi_desk00_10	mo_koi_mi_desk00_08	
mo_koi_mi_desk00_03_d	mo_koi_mi_desk00_03	mo_koi_mi_desk00_09	mo_koi_mi_tana12_03
mo_koi_mi_desk00_02_d	mo_koi_mi_desk00_02	mo_koi_mi_desk00_00	mo_koi_mi_isu00_01
mo_koi_mi_desk00_04_d	mo_koi_mi_desk00_04	mo_koi_mi_desk00_06	
mo_koi_mi_desk00_01_d	mo_koi_mi_desk00_01	mo_koi_mi_desk00_05	mo_koi_mi_isu00_03
mo_koi_mi_desk01_02_d	mo_koi_mi_desk01_01	mo_koi_mi_desk01_02	
mo_koi_mi_desk00_07_d	mo_koi_mi_desk00_07	mo_koi_mi_isu00_14	
mo_koi_mi_desk00_16_d	mo_koi_mi_desk00_16	mo_koi_mi_isu00_15	
isu01	isu01		
isu02	isu02		
isu01 (1)	isu01 (1)		
isu02 (1)	isu02 (1)		
isu01 (2)	isu01 (2)		
isu01 (3)	isu01 (3)		
