mo_koi_map45_wall00_d	mo_koi_map45_wall00	
mo_koi_map45_wall01_d	mo_koi_map45_wall01	mo_koi_map45_yuka00_side00
mo_koi_map45_wall02_d	mo_koi_map45_wall02	
mo_koi_map45_wall03_d	mo_koi_map45_wall03	mo_koi_map45_yuka00_side04
mo_koi_map45_ten00_d	mo_koi_map45_ten00	
mo_koi_map45_yuka00_d	mo_koi_map45_yuka00	
mo_koi_map45_yuka00_front00_d	mo_koi_map45_yuka00_front00	p_koi_map45_yuka00_d00
mo_koi_map45_yuka00_front01_d	mo_koi_map45_yuka00_front01	p_koi_map45_yuka00_d01
mo_koi_map45_yuka00_front02_d	mo_koi_map45_yuka00_front02	p_koi_map45_yuka00_d02
mo_koi_map45_yuka00_front03_d	mo_koi_map45_yuka00_front03	p_koi_map45_yuka00_d01 (1)
mo_koi_map45_yuka00_front04_d	mo_koi_map45_yuka00_front04	p_koi_map45_yuka00_d03
mo_koi_map45_yuka00_front05_d	mo_koi_map45_yuka00_front05	p_koi_map45_yuka00_d03 (1)
mo_koi_map45_yuka00_side01_d	mo_koi_map45_yuka00_side01	
mo_koi_map45_yuka00_side02_d	mo_koi_map45_yuka00_side02	
mo_koi_map45_yuka00_side03_d	mo_koi_map45_yuka00_side03	
mo_koi_map45_yuka00_side05_d	mo_koi_map45_yuka00_side05	
mo_koi_map45_yuka00_side06_d	mo_koi_map45_yuka00_side06	
mo_koi_map45_yuka00_side07_d	mo_koi_map45_yuka00_side07	
p_o_koi_nisu02_d	p_o_koi_nisu02	p_o_koi_nisu02 (1)
p_o_koi_nisu02 (2)_d	p_o_koi_nisu02 (2)	p_o_koi_nisu02 (3)
p_o_koi_nisu04_d	p_o_koi_nisu04	
p_o_koi_nisu04 (1)_d	p_o_koi_nisu04 (1)	
		
