mo_koi_map08_wall00_00_d	mo_koi_map08_wall00_00	
mo_koi_map08_wall01_00_d	mo_koi_map08_wall01_00	o_koi_map09_soto
mo_koi_map08_wall02_00_d	mo_koi_map08_wall02_00	
mo_koi_map08_wall03_00_d	mo_koi_map08_wall03_00	
mo_koi_map08_yuka00_00_d	mo_koi_map08_yuka00_00	
o_koi_map08_kyoutaku_d	o_koi_map08_kyoutaku	
desk00	desk00	
desk00 (1)	desk00 (1)	
desk00 (2)	desk00 (2)	
desk00 (3)	desk00 (3)	
desk00 (4)	desk00 (4)	
desk00 (5)	desk00 (5)	
desk00 (6)	desk00 (6)	
desk00 (7)	desk00 (7)	
desk00 (8)	desk00 (8)	
desk00 (9)	desk00 (9)	
desk00 (10)	desk00 (10)	
desk00 (11)	desk00 (11)	
desk00 (12)	desk00 (12)	
desk00 (13)	desk00 (13)	
desk00 (14)	desk00 (14)	
desk00 (15)	desk00 (15)	
desk00 (16)	desk00 (16)	
desk00 (17)	desk00 (17)	
desk00 (18)	desk00 (18)	
desk00 (19)	desk00 (19)	
desk00 (20)	desk00 (20)	
desk00 (21)	desk00 (21)	
desk00 (22)	desk00 (22)	
desk00 (23)	desk00 (23)	
desk00 (24)	desk00 (24)	
isu00	isu00	
isu00 (1)	isu00 (1)	
isu00 (2)	isu00 (2)	
isu00 (3)	isu00 (3)	
isu00 (4)	isu00 (4)	
isu00 (5)	isu00 (5)	
isu00 (6)	isu00 (6)	
isu00 (7)	isu00 (7)	
isu00 (8)	isu00 (8)	
isu00 (9)	isu00 (9)	
isu00 (10)	isu00 (10)	
isu00 (11)	isu00 (11)	
isu00 (12)	isu00 (12)	
isu00 (13)	isu00 (13)	
isu00 (14)	isu00 (14)	
isu00 (15)	isu00 (15)	
isu00 (16)	isu00 (16)	
isu00 (17)	isu00 (17)	
isu00 (18)	isu00 (18)	
isu00 (19)	isu00 (19)	
isu00 (20)	isu00 (20)	
isu00 (21)	isu00 (21)	
isu00 (22)	isu00 (22)	
isu00 (23)	isu00 (23)	
isu00 (24)	isu00 (24)	
mo_koi_map08_yane00_00_d	mo_koi_map08_yane00_00	
