mo_koi_map38_ten00_d	mo_koi_map38_ten00	
mo_koi_map38_ten01_d	mo_koi_map38_ten01	
mo_koi_map38_wall01_d	mo_koi_map38_wall01	
mo_koi_map38_wall02_d	mo_koi_map38_wall02	
mo_koi_map38_wall03_d	mo_koi_map38_wall03	
mo_koi_map38_wall04_d	mo_koi_map38_wall04	
mo_koi_map38_wall05_d	mo_koi_map38_wall05	
mo_koi_map38_wall06_d	mo_koi_map38_wall06	
mo_koi_map38_yuka00_d	mo_koi_map38_yuka00	
mo_koi_map38_yuka01_d	mo_koi_map38_yuka01	mo_koi_map38_yuka02
p_o_koi_desk06 (5)_d	p_o_koi_desk06 (5)	p_o_koi_kanban00 (1)
mo_koi_map38_wall07_d	mo_koi_map38_wall07	
mo_koi_map38_wall08_d	mo_koi_map38_wall08	
mo_koi_map38_wall09_d	mo_koi_map38_wall09	
mo_koi_map38_wall010_d	mo_koi_map38_wall010	
mo_koi_map38_wall011_d	mo_koi_map38_wall011	
mo_koi_map38_wall012_d	mo_koi_map38_wall012	
mo_koi_map38_wall013_d	mo_koi_map38_wall013	
mo_koi_map38_wall14_d	mo_koi_map38_wall14	
p_o_koi_kanban00_d	p_o_koi_kanban00	
p_o_koi_desk06_d	p_o_koi_desk06	
p_o_koi_desk06 (1)_d	p_o_koi_desk06 (1)	
p_o_koi_desk06 (2)_d	p_o_koi_desk06 (2)	
p_o_koi_desk06 (3)_d	p_o_koi_desk06 (3)	
p_o_koi_desk06 (4)_d	p_o_koi_desk06 (4)	
p_o_koi_desk07_d	p_o_koi_desk07	
p_o_koi_desk07 (1)_d	p_o_koi_desk07 (1)	
p_o_koi_desk07 (2)_d	p_o_koi_desk07 (2)	
p_o_koi_nisu01_d	p_o_koi_nisu01	
isu06	isu06	
isu06 (1)	isu06 (1)	
isu06 (2)	isu06 (2)	
isu06 (3)	isu06 (3)	
isu06 (4)	isu06 (4)	
isu06 (5)	isu06 (5)	
isu06 (6)	isu06 (6)	
isu06 (7)	isu06 (7)	
isu06 (8)	isu06 (8)	
isu06 (9)	isu06 (9)	
isu06 (10)	isu06 (10)	
isu06 (11)	isu06 (11)	
isu06 (12)	isu06 (12)	
isu07	isu07	
isu07 (1)	isu07 (1)	
isu07 (2)	isu07 (2)	
isu07 (3)	isu07 (3)	
isu07 (4)	isu07 (4)	
isu07 (5)	isu07 (5)	
isu07 (6)	isu07 (6)	
isu07 (7)	isu07 (7)	
isu07 (8)	isu07 (8)	
isu07 (9)	isu07 (9)	
isu07 (10)	isu07 (10)	
isu07 (11)	isu07 (11)	
isu07 (12)	isu07 (12)	
isu07 (13)	isu07 (13)	
isu07 (14)	isu07 (14)	
isu07 (15)	isu07 (15)	
isu07 (16)	isu07 (16)	
isu07 (17)	isu07 (17)	
isu07 (18)	isu07 (18)	
isu08	isu08	
isu08 (1)	isu08 (1)	
isu08 (2)	isu08 (2)	
isu08 (3)	isu08 (3)	
isu08 (4)	isu08 (4)	
isu08 (5)	isu08 (5)	
isu08 (6)	isu08 (6)	
isu08 (7)	isu08 (7)	
isu08 (8)	isu08 (8)	
isu08 (9)	isu08 (9)	
isu08 (10)	isu08 (10)	
isu08 (11)	isu08 (11)	
isu08 (12)	isu08 (12)	
isu08 (13)	isu08 (13)	
isu08 (14)	isu08 (14)	
isu08 (15)	isu08 (15)	
isu08 (16)	isu08 (16)	
isu08 (17)	isu08 (17)	
isu08 (18)	isu08 (18)	
isu08 (19)	isu08 (19)	
