mo_koi_map03_wall00_00_d	mo_koi_map03_wall00_00					
mo_koi_map03_wall01_00_d	mo_koi_map03_wall01_00					
mo_koi_map03_wall02_00_d	mo_koi_map03_wall02_00					
mo_koi_map03_wall03_00_d	mo_koi_map03_wall03_00					
mo_koi_map03_wall04_00_d	mo_koi_map03_wall04_00					
mo_koi_map03_wall05_00_d	mo_koi_map03_wall05_00					
mo_koi_map03_wall06_00_d	mo_koi_map03_wall06_00					
mo_koi_map03_yuka00_naka01_d	mo_koi_map03_yuka00_naka01					
mo_koi_map03_wall06_01_d	mo_koi_map03_wall06_01	mo_koi_map03_yane02_00				
mo_koi_map03_wall06_02_d	mo_koi_map03_wall06_02					
mo_koi_map03_wall06_03_d	mo_koi_map03_wall06_03					
mo_koi_map03_wall07_00_d	mo_koi_map03_wall07_00					
mo_koi_map03_wall08_00_d	mo_koi_map03_wall08_00					
mo_koi_map03_wall09_00_d	mo_koi_map03_wall09_00					
mo_koi_map03_wall10_00_d	mo_koi_map03_wall10_00					
mo_koi_map03_wall11_00_d	mo_koi_map03_wall11_00					
mo_koi_map03_yane02_00_d	mo_koi_map03_yane02_00					
mo_koi_map03_yane00_00_d	mo_koi_map03_yane00_00					
mo_koi_map03_yane01_00_d	mo_koi_map03_yane01_00					
mo_koi_map03_yane03_00_d	mo_koi_map03_yane03_00					
mo_koi_map03_yuka00_00_d	mo_koi_map03_yuka00_00	mo_koi_map03_yuka01_00	mo_koi_map03_yuka00_naka01	mo_koi_map03_yane04_00	mo_koi_map03_wall07_gaiheki00_yane	mo_koi_map02_yuka00_soto00
isu0200	isu0200					
isu00	isu00					
isu0200 (1)	isu0200 (1)					
