mo_koi_map37_ten00_d	mo_koi_map37_ten00
mo_koi_map37_ten01_d	mo_koi_map37_ten01
mo_koi_map37_ten02_d	mo_koi_map37_ten02
mo_koi_map37_wall00_d	mo_koi_map37_wall00
mo_koi_map37_wall01_d	mo_koi_map37_wall01
mo_koi_map37_wall02_d	mo_koi_map37_wall02
mo_koi_map37_wall03_d	mo_koi_map37_wall03
mo_koi_map37_wall04_d	mo_koi_map37_wall04
mo_koi_map37_wall05_d	mo_koi_map37_wall05
mo_koi_map37_wall06_d	mo_koi_map37_wall06
mo_koi_map37_yuka00_d	mo_koi_map37_yuka00
mo_koi_map37_yuka01_d	mo_koi_map37_yuka01
mo_koi_map37_yuka01_pool_yuka_d	mo_koi_map37_yuka01_pool_yuka
mo_koi_map37_yuka01_pool_rope00_d	mo_koi_map37_yuka01_pool_rope00
mo_koi_map37_yuka01_pool_rope01_d	mo_koi_map37_yuka01_pool_rope01
mo_koi_map37_yuka01_pool_rope02_d	mo_koi_map37_yuka01_pool_rope02
mo_koi_map37_yuka01_pool_rope03_d	mo_koi_map37_yuka01_pool_rope03
mo_koi_map37_yuka01_pool_rope04_d	mo_koi_map37_yuka01_pool_rope04
mo_koi_map37_yuka01_pool_wall00_d	mo_koi_map37_yuka01_pool_wall00
mo_koi_map37_yuka01_pool_wall01_d	mo_koi_map37_yuka01_pool_wall01
mo_koi_map37_yuka01_pool_wall02_d	mo_koi_map37_yuka01_pool_wall02
mo_koi_map37_yuka01_pool_wall03_d	mo_koi_map37_yuka01_pool_wall03
p_o_koi_nisu04_d	p_o_koi_nisu04
p_o_koi_nisu04 (1)_d	p_o_koi_nisu04 (1)
p_o_koi_nisu04 (3)_d	p_o_koi_nisu04 (3)
p_o_koi_nisu04 (4)_d	p_o_koi_nisu04 (4)
