Idle	0	0	3	3	3	3	3	-100	25	-10	30	-100	25	-10	30
Insert	0	0	0	0	0	0	0	-100	25	-10	30	-100	25	-10	30
InsertIdle	0	0	0	0	0	0	0	-100	25	-10	30	-100	25	-10	30
WLoop	0	0	3	3	3	3	3	-100	25	-10	30	-100	25	-10	30
SLoop	0	0	0	0	0	0	3	-100	25	-10	30	-100	25	-10	30
OLoop	0	0	0	0	0	0	0	-100	25	-10	30	-100	25	-10	30
M_IN_Start	0	0	0	0	0	0	0	-100	25	-10	30	-100	25	-10	30
M_IN_Loop	0	0	0	0	0	0	0	-100	25	-10	30	-100	25	-10	30
WF_IN_Start	0	0	0	0	0	0	0	-100	25	-10	30	-100	25	-10	30
WF_IN_Loop	0	0	0	0	0	0	0	-100	25	-10	30	-100	25	-10	30
WS_IN_Start	0	0	0	0	0	0	0	-100	25	-10	30	-100	25	-10	30
WS_IN_Loop	0	0	0	0	0	0	0	-100	25	-10	30	-100	25	-10	30
WS_IN_A	0	0	3	3	3	3	3	-100	25	-10	30	-100	25	-10	30
SF_IN_Start	0	0	0	0	0	0	0	-100	25	-10	30	-100	25	-10	30
SF_IN_Loop	0	0	0	0	0	0	0	-100	25	-10	30	-100	25	-10	30
SS_IN_Start	0	0	0	0	0	0	0	-100	25	-10	30	-100	25	-10	30
SS_IN_Loop	0	0	0	0	0	0	0	-100	25	-10	30	-100	25	-10	30
SS_IN_A	0	0	3	3	3	3	3	-100	25	-10	30	-100	25	-10	30
IN_A	0	0	3	3	3	3	3	-100	25	-10	30	-100	25	-10	30
M_OUT_Start	0	0	3	3	3	3	3	-100	25	-10	30	-100	25	-10	30
M_OUT_Loop	0	0	3	3	3	3	3	-100	25	-10	30	-100	25	-10	30
OUT_A	0	0	3	3	3	3	3	-100	25	-10	30	-100	25	-10	30
Pull	0	0	3	3	3	3	3	-100	25	-10	30	-100	25	-10	30
Drop	0	0	3	3	3	3	3	-100	25	-10	30	-100	25	-10	30
A_Idle	0	0	3	3	3	3	3	-100	25	-10	30	-100	25	-10	30
A_Insert	0	0	0	0	0	0	0	-100	25	-10	30	-100	25	-10	30
A_InsertIdle	0	0	0	0	0	0	0	-100	25	-10	30	-100	25	-10	30
A_WLoop	0	0	3	3	3	3	3	-100	25	-10	30	-100	25	-10	30
A_SLoop	0	0	0	0	0	0	3	-100	25	-10	30	-100	25	-10	30
A_OLoop	0	0	0	0	0	0	0	-100	25	-10	30	-100	25	-10	30
A_M_IN_Start	0	0	0	0	0	0	0	-100	25	-10	30	-100	25	-10	30
A_M_IN_Loop	0	0	0	0	0	0	0	-100	25	-10	30	-100	25	-10	30
A_WF_IN_Start	0	0	0	0	0	0	0	-100	25	-10	30	-100	25	-10	30
A_WF_IN_Loop	0	0	0	0	0	0	0	-100	25	-10	30	-100	25	-10	30
A_WS_IN_Start	0	0	0	0	0	0	0	-100	25	-10	30	-100	25	-10	30
A_WS_IN_Loop	0	0	0	0	0	0	0	-100	25	-10	30	-100	25	-10	30
A_WS_IN_A	0	0	3	3	3	3	3	-100	25	-10	30	-100	25	-10	30
A_SF_IN_Start	0	0	0	0	0	0	0	-100	25	-10	30	-100	25	-10	30
A_SF_IN_Loop	0	0	0	0	0	0	0	-100	25	-10	30	-100	25	-10	30
A_SS_IN_Start	0	0	0	0	0	0	0	-100	25	-10	30	-100	25	-10	30
A_SS_IN_Loop	0	0	0	0	0	0	0	-100	25	-10	30	-100	25	-10	30
A_SS_IN_A	0	0	3	3	3	3	3	-100	25	-10	30	-100	25	-10	30
A_IN_A	0	0	3	3	3	3	3	-100	25	-10	30	-100	25	-10	30
A_M_OUT_Start	0	0	3	3	3	3	3	-100	25	-10	30	-100	25	-10	30
A_M_OUT_Loop	0	0	3	3	3	3	3	-100	25	-10	30	-100	25	-10	30
A_OUT_A	0	0	3	3	3	3	3	-100	25	-10	30	-100	25	-10	30
A_Pull	0	0	3	3	3	3	3	-100	25	-10	30	-100	25	-10	30
A_Drop	0	0	3	3	3	3	3	-100	25	-10	30	-100	25	-10	30
