Idle	0	0	3	3	3	3	3	-100	25	-30	10	-100	25	-30	10
Insert	0	0	3	3	3	3	3	-100	25	-30	10	-100	25	-30	10
InsertIdle	0	0	3	3	3	3	3	-100	25	-30	10	-100	25	-30	10
WLoop	0	0	3	3	3	3	3	-100	25	-30	10	-100	25	-30	10
SLoop	0	0	0	0	0	0	3	-100	25	-30	10	-100	25	-30	10
OLoop	0	0	0	0	0	0	0	-100	25	-30	10	-100	25	-30	10
M_IN_Start	0	0	0	0	0	0	0	-100	25	-30	10	-100	25	-30	10
M_IN_Loop	0	0	0	0	0	0	0	-100	25	-30	10	-100	25	-30	10
WF_IN_Start	0	0	0	0	0	0	0	-100	25	-30	10	-100	25	-30	10
WF_IN_Loop	0	0	0	0	0	0	0	-100	25	-30	10	-100	25	-30	10
WS_IN_Start	0	0	0	0	0	0	0	-100	25	-30	10	-100	25	-30	10
WS_IN_Loop	0	0	0	0	0	0	0	-100	25	-30	10	-100	25	-30	10
WS_IN_A	0	0	3	3	3	3	3	-100	25	-30	10	-100	25	-30	10
SF_IN_Start	0	0	0	0	0	0	0	-100	25	-30	10	-100	25	-30	10
SF_IN_Loop	0	0	0	0	0	0	0	-100	25	-30	10	-100	25	-30	10
SS_IN_Start	0	0	0	0	0	0	0	-100	25	-30	10	-100	25	-30	10
SS_IN_Loop	0	0	0	0	0	0	0	-100	25	-30	10	-100	25	-30	10
SS_IN_A	0	0	3	3	3	3	3	-100	25	-30	10	-100	25	-30	10
IN_A	0	0	3	3	3	3	3	-100	25	-30	10	-100	25	-30	10
M_OUT_Start	0	0	3	3	3	3	3	-100	25	-30	10	-100	25	-30	10
M_OUT_Loop	0	0	3	3	3	3	3	-100	25	-30	10	-100	25	-30	10
OUT_A	0	0	3	3	3	3	3	-100	25	-30	10	-100	25	-30	10
Pull	0	0	3	3	3	3	3	-100	25	-30	10	-100	25	-30	10
Drop	0	0	3	3	3	3	3	-100	25	-30	10	-100	25	-30	10
A_Idle	0	0	3	3	3	3	3	-100	25	-30	10	-100	25	-30	10
A_Insert	0	0	3	3	3	3	3	-100	25	-30	10	-100	25	-30	10
A_InsertIdle	0	0	3	3	3	3	3	-100	25	-30	10	-100	25	-30	10
A_WLoop	0	0	3	3	3	3	3	-100	25	-30	10	-100	25	-30	10
A_SLoop	0	0	0	0	0	0	3	-100	25	-30	10	-100	25	-30	10
A_OLoop	0	0	0	0	0	0	0	-100	25	-30	10	-100	25	-30	10
A_M_IN_Start	0	0	0	0	0	0	0	-100	25	-30	10	-100	25	-30	10
A_M_IN_Loop	0	0	0	0	0	0	0	-100	25	-30	10	-100	25	-30	10
A_WF_IN_Start	0	0	0	0	0	0	0	-100	25	-30	10	-100	25	-30	10
A_WF_IN_Loop	0	0	0	0	0	0	0	-100	25	-30	10	-100	25	-30	10
A_WS_IN_Start	0	0	0	0	0	0	0	-100	25	-30	10	-100	25	-30	10
A_WS_IN_Loop	0	0	0	0	0	0	0	-100	25	-30	10	-100	25	-30	10
A_WS_IN_A	0	0	3	3	3	3	3	-100	25	-30	10	-100	25	-30	10
A_SF_IN_Start	0	0	0	0	0	0	0	-100	25	-30	10	-100	25	-30	10
A_SF_IN_Loop	0	0	0	0	0	0	0	-100	25	-30	10	-100	25	-30	10
A_SS_IN_Start	0	0	0	0	0	0	0	-100	25	-30	10	-100	25	-30	10
A_SS_IN_Loop	0	0	0	0	0	0	0	-100	25	-30	10	-100	25	-30	10
A_SS_IN_A	0	0	3	3	3	3	3	-100	25	-30	10	-100	25	-30	10
A_IN_A	0	0	3	3	3	3	3	-100	25	-30	10	-100	25	-30	10
A_M_OUT_Start	0	0	3	3	3	3	3	-100	25	-30	10	-100	25	-30	10
A_M_OUT_Loop	0	0	3	3	3	3	3	-100	25	-30	10	-100	25	-30	10
A_OUT_A	0	0	3	3	3	3	3	-100	25	-30	10	-100	25	-30	10
A_Pull	0	0	3	3	3	3	3	-100	25	-30	10	-100	25	-30	10
A_Drop	0	0	3	3	3	3	3	-100	25	-30	10	-100	25	-30	10
