Idle	0	0	0	10	0	0	0	-25	25	-40	40	-25	25	-40	40
Insert	0	0	0	8	0	0	0	-25	25	-40	40	-25	25	-40	40
InsertIdle	0	0	0	9	0	0	0	-25	25	-40	40	-25	25	-40	40
WLoop	11	2	0	8	3	0	0	-25	25	-40	40	-25	25	-40	40
SLoop	13	10	0	8	5	0	0	-25	25	-40	40	-25	25	-40	40
OLoop	2	4	0	8	7	0	0	-25	25	-40	40	-25	25	-40	40
M_IN_Start	2	35	21	10	7	0	0	-25	25	-40	40	-25	25	-40	40
M_IN_Loop	2	35	21	10	7	0	0	-25	25	-40	40	-25	25	-40	40
WF_IN_Start	11	4	0	8	5	0	0	-25	25	-40	40	-25	25	-40	40
WF_IN_Loop	11	4	0	8	5	0	0	-25	25	-40	40	-25	25	-40	40
WS_IN_Start	2	35	21	10	7	0	0	-25	25	-40	40	-25	25	-40	40
WS_IN_Loop	2	35	21	10	7	0	0	-25	25	-40	40	-25	25	-40	40
WS_IN_A	11	4	0	7	5	0	52	-25	25	-40	40	-25	25	-40	40
SF_IN_Start	11	4	0	8	5	0	0	-25	25	-40	40	-25	25	-40	40
SF_IN_Loop	11	4	0	8	5	0	0	-25	25	-40	40	-25	25	-40	40
SS_IN_Start	2	35	21	10	7	0	0	-25	25	-40	40	-25	25	-40	40
SS_IN_Loop	2	35	21	10	7	0	0	-25	25	-40	40	-25	25	-40	40
SS_IN_A	11	4	0	7	5	0	52	-25	25	-40	40	-25	25	-40	40
IN_A	11	4	0	8	0	0	52	-25	25	-40	40	-25	25	-40	40
M_OUT_Start	2	11	21	10	5	0	0	-25	25	-40	40	-25	25	-40	40
M_OUT_Loop	2	11	21	10	5	0	0	-25	25	-40	40	-25	25	-40	40
OUT_A	11	4	0	8	0	0	52	-25	25	-40	40	-25	25	-40	40
Pull	11	4	0	8	0	0	0	-25	25	-40	40	-25	25	-40	40
Drop	11	4	0	8	0	0	87	-25	25	-40	40	-25	25	-40	40
A_Idle	0	0	0	10	0	0	0	-25	25	-40	40	-25	25	-40	40
A_Insert	0	0	0	8	0	0	0	-25	25	-40	40	-25	25	-40	40
A_InsertIdle	0	0	0	9	0	0	0	-25	25	-40	40	-25	25	-40	40
A_WLoop	11	2	0	8	3	0	0	-25	25	-40	40	-25	25	-40	40
A_SLoop	13	10	0	8	5	0	0	-25	25	-40	40	-25	25	-40	40
A_OLoop	2	4	0	8	7	0	0	-25	25	-40	40	-25	25	-40	40
A_M_IN_Start	2	35	21	10	7	0	0	-25	25	-40	40	-25	25	-40	40
A_M_IN_Loop	2	35	21	10	7	0	0	-25	25	-40	40	-25	25	-40	40
A_WF_IN_Start	11	4	0	8	5	0	0	-25	25	-40	40	-25	25	-40	40
A_WF_IN_Loop	11	4	0	8	5	0	0	-25	25	-40	40	-25	25	-40	40
A_WS_IN_Start	2	35	21	10	7	0	0	-25	25	-40	40	-25	25	-40	40
A_WS_IN_Loop	2	35	21	10	7	0	0	-25	25	-40	40	-25	25	-40	40
A_WS_IN_A	11	4	0	7	5	0	52	-25	25	-40	40	-25	25	-40	40
A_SF_IN_Start	11	4	0	8	5	0	0	-25	25	-40	40	-25	25	-40	40
A_SF_IN_Loop	11	4	0	8	5	0	0	-25	25	-40	40	-25	25	-40	40
A_SS_IN_Start	2	35	21	10	7	0	0	-25	25	-40	40	-25	25	-40	40
A_SS_IN_Loop	2	35	21	10	7	0	0	-25	25	-40	40	-25	25	-40	40
A_SS_IN_A	11	4	0	7	5	0	52	-25	25	-40	40	-25	25	-40	40
A_IN_A	11	4	0	8	0	0	52	-25	25	-40	40	-25	25	-40	40
A_M_OUT_Start	2	11	21	10	5	0	0	-25	25	-40	40	-25	25	-40	40
A_M_OUT_Loop	2	11	21	10	5	0	0	-25	25	-40	40	-25	25	-40	40
A_OUT_A	11	4	0	8	0	0	52	-25	25	-40	40	-25	25	-40	40
A_Pull	11	4	0	8	0	0	0	-25	25	-40	40	-25	25	-40	40
A_Drop	11	4	0	8	0	0	87	-25	25	-40	40	-25	25	-40	40
