Idle	0	0	3	3	3	3	3	-50	0	-20	20	-50	0	-20	20
Insert	0	0	0	0	0	0	0	-50	0	-20	20	-50	0	-20	20
InsertIdle	0	0	3	3	3	3	3	-50	0	-20	20	-50	0	-30	20
WLoop	0	0	3	3	3	3	3	-50	0	-20	0	-50	0	-30	0
SLoop	0	0	3	3	3	3	3	-50	15	-20	20	-50	15	-30	20
OLoop	0	0	3	3	3	3	3	-50	15	-20	20	-50	15	-30	20
M_IN_Start	0	0	0	0	0	0	0	-50	15	-20	0	-50	15	-30	0
M_IN_Loop	0	0	0	0	0	0	0	-50	15	-20	0	-50	15	-30	0
WF_IN_Start	0	0	0	0	0	0	0	-50	15	-20	0	-50	15	-30	0
WF_IN_Loop	0	0	0	0	0	0	0	-50	15	-20	0	-50	15	-30	0
WS_IN_Start	0	0	0	0	0	0	0	-50	15	-20	0	-50	15	-30	0
WS_IN_Loop	0	0	0	0	0	0	0	-50	15	-20	0	-50	15	-30	0
WS_IN_A	0	0	3	3	3	3	3	-50	15	-20	0	-50	15	-30	0
SF_IN_Start	0	0	0	0	0	0	0	-50	15	-20	0	-50	15	-30	0
SF_IN_Loop	0	0	0	0	0	0	0	-50	15	-20	0	-50	15	-30	0
SS_IN_Start	0	0	0	0	0	0	0	-50	15	-20	0	-50	15	-30	0
SS_IN_Loop	0	0	0	0	0	0	0	-50	15	-20	0	-50	15	-30	0
SS_IN_A	0	0	3	3	3	3	3	-50	15	-20	0	-50	15	-30	0
IN_A	0	0	3	3	3	3	3	-50	15	-20	0	-50	15	-30	0
M_OUT_Start	0	0	3	3	3	3	3	-50	15	-20	0	-50	15	-30	0
M_OUT_Loop	0	0	3	3	3	3	3	-50	15	-20	0	-50	15	-30	0
OUT_A	0	0	0	0	0	0	0	-50	15	-20	0	-50	15	-30	0
Pull	0	0	3	3	3	3	3	-50	15	-20	0	-50	15	-30	0
Drop	0	0	3	3	3	3	3	-50	15	-20	0	-50	15	-30	0
