Idle	0	0.3		0	3	0	0	-1	0	0	1	0	0	-1	0	0	1	0	0	-1	0	0	1	1	3	0	0	-1	0	0	1	0	0	-1	0	0	1	0	0	-1	0	0	1
Idle	1	0.3		0	3	0	0	-1	0	0	1	0	0	-1	0	0	1	0	0	-1	0	0	1	1	3	0	0	-1	0	0	1	0	0	-1	0	0	1	0	0	-1	0	0	1
Idle	2	0.3		2	3	0	0	-1	0	0	1	0	0	-1	0	0	1	0	0	-1	0	0	1	3	3	0	0	-1	0	0	1	0	0	-1	0	0	1	0	0	-1	0	0	1
Idle	3	0.3	0	4	3	0	0	0	0	1	0	0	0	-1	0	0	1	0	0	-1	0	0	1	5	3	0	0	-1	0	0	1	0	0	0	0	1	0	0	0	-1	0	0	1
Idle	4	0.3	1	6	3	0	0	0	0	1	0	0	0	-1	0	0	1	0	0	-1	0	0	1	7	3	0	0	-1	0	0	1	0	0	0	0	1	0	0	0	-1	0	0	1
Idle	5	0.3		8	3	-1	0	-1	1	0	1	-1	0	-1	1	0	1	0	0	-1	0	0	1	9	3	-1	0	-1	1	0	1	-1	0	-1	1	0	1	0	0	-1	0	0	1
Idle	6	0.3		10	3	-1	0	-1	1	0	1	-1	0	-1	1	0	1	0	0	-1	0	0	1	11	3	-1	0	-1	1	0	1	-1	0	-1	1	0	1	0	0	-1	0	0	1
M_Idle	0	0.3		0	3	0	0	-1	0	0	1	0	0	-1	0	0	1	0	0	-1	0	0	1	1	3	0	0	-1	0	0	1	0	0	-1	0	0	1	0	0	-1	0	0	1
M_Idle	1	0.3		0	3	0	0	-1	0	0	1	0	0	-1	0	0	1	0	0	-1	0	0	1	1	3	0	0	-1	0	0	1	0	0	-1	0	0	1	0	0	-1	0	0	1
M_Idle	2	0.3		2	3	0	0	-1	0	0	1	0	0	-1	0	0	1	0	0	-1	0	0	1	3	3	0	0	-1	0	0	1	0	0	-1	0	0	1	0	0	-1	0	0	1
M_Idle	3	0.3	0	4	3	0	0	0	0	1	0	0	0	-1	0	0	1	0	0	-1	0	0	1	5	3	0	0	-1	0	0	1	0	0	0	0	1	0	0	0	-1	0	0	1
M_Idle	4	0.3	1	6	3	0	0	0	0	1	0	0	0	-1	0	0	1	0	0	-1	0	0	1	7	3	0	0	-1	0	0	1	0	0	0	0	1	0	0	0	-1	0	0	1
M_Idle	5	0.3		8	3	-1	0	-1	1	0	1	-1	0	-1	1	0	1	0	0	-1	0	0	1	9	3	-1	0	-1	1	0	1	-1	0	-1	1	0	1	0	0	-1	0	0	1
M_Idle	6	0.3		10	3	-1	0	-1	1	0	1	-1	0	-1	1	0	1	0	0	-1	0	0	1	11	3	-1	0	-1	1	0	1	-1	0	-1	1	0	1	0	0	-1	0	0	1
A_Idle	0	0.3		0	3	0	0	-1	0	0	1	0	0	-1	0	0	1	0	0	-1	0	0	1	1	3	0	0	-1	0	0	1	0	0	-1	0	0	1	0	0	-1	0	0	1
A_Idle	1	0.3		0	3	0	0	-1	0	0	1	0	0	-1	0	0	1	0	0	-1	0	0	1	1	3	0	0	-1	0	0	1	0	0	-1	0	0	1	0	0	-1	0	0	1
A_Idle	2	0.3		2	3	0	0	-1	0	0	1	0	0	-1	0	0	1	0	0	-1	0	0	1	3	3	0	0	-1	0	0	1	0	0	-1	0	0	1	0	0	-1	0	0	1
A_Idle	3	0.3	0	4	3	0	0	0	0	1	0	0	0	-1	0	0	1	0	0	-1	0	0	1	5	3	0	0	-1	0	0	1	0	0	0	0	1	0	0	0	-1	0	0	1
A_Idle	4	0.3	1	6	3	0	0	0	0	1	0	0	0	-1	0	0	1	0	0	-1	0	0	1	7	3	0	0	-1	0	0	1	0	0	0	0	1	0	0	0	-1	0	0	1
A_Idle	5	0.3		8	3	-1	0	-1	1	0	1	-1	0	-1	1	0	1	0	0	-1	0	0	1	9	3	-1	0	-1	1	0	1	-1	0	-1	1	0	1	0	0	-1	0	0	1
A_Idle	6	0.3		10	3	-1	0	-1	1	0	1	-1	0	-1	1	0	1	0	0	-1	0	0	1	11	3	-1	0	-1	1	0	1	-1	0	-1	1	0	1	0	0	-1	0	0	1
S_Idle	0	0.3		0	3	0	0	-1	0	0	1	0	0	-1	0	0	1	0	0	-1	0	0	1	1	3	0	0	-1	0	0	1	0	0	-1	0	0	1	0	0	-1	0	0	1
S_Idle	1	0.3		0	3	0	0	-1	0	0	1	0	0	-1	0	0	1	0	0	-1	0	0	1	1	3	0	0	-1	0	0	1	0	0	-1	0	0	1	0	0	-1	0	0	1
S_Idle	2	0.3		2	3	0	0	-1	0	0	1	0	0	-1	0	0	1	0	0	-1	0	0	1	3	3	0	0	-1	0	0	1	0	0	-1	0	0	1	0	0	-1	0	0	1
S_Idle	3	0.3	0	4	3	0	0	0	0	1	0	0	0	-1	0	0	1	0	0	-1	0	0	1	5	3	0	0	-1	0	0	1	0	0	0	0	1	0	0	0	-1	0	0	1
S_Idle	4	0.3	1	6	3	0	0	0	0	1	0	0	0	-1	0	0	1	0	0	-1	0	0	1	7	3	0	0	-1	0	0	1	0	0	0	0	1	0	0	0	-1	0	0	1
S_Idle	5	0.3		8	3	-1	0	-1	1	0	1	-1	0	-1	1	0	1	0	0	-1	0	0	1	9	3	-1	0	-1	1	0	1	-1	0	-1	1	0	1	0	0	-1	0	0	1
S_Idle	6	0.3		10	3	-1	0	-1	1	0	1	-1	0	-1	1	0	1	0	0	-1	0	0	1	11	3	-1	0	-1	1	0	1	-1	0	-1	1	0	1	0	0	-1	0	0	1
Orgasm_A	0	0.3		0	3	0	0	-1	0	0	1	0	0	-1	0	0	1	0	0	-1	0	0	1	1	3	0	0	-1	0	0	1	0	0	-1	0	0	1	0	0	-1	0	0	1
Orgasm_A	1	0.3		0	3	0	0	-1	0	0	1	0	0	-1	0	0	1	0	0	-1	0	0	1	1	3	0	0	-1	0	0	1	0	0	-1	0	0	1	0	0	-1	0	0	1
Orgasm_A	2	0.3		2	3	0	0	-1	0	0	1	0	0	-1	0	0	1	0	0	-1	0	0	1	3	3	0	0	-1	0	0	1	0	0	-1	0	0	1	0	0	-1	0	0	1
Orgasm_A	3	0.3	0	4	3	0	0	0	0	1	0	0	0	-1	0	0	1	0	0	-1	0	0	1	5	3	0	0	-1	0	0	1	0	0	0	0	1	0	0	0	-1	0	0	1
Orgasm_A	4	0.3	1	6	3	0	0	0	0	1	0	0	0	-1	0	0	1	0	0	-1	0	0	1	7	3	0	0	-1	0	0	1	0	0	0	0	1	0	0	0	-1	0	0	1
Orgasm_A	5	0.3		8	3	-1	0	-1	1	0	1	-1	0	-1	1	0	1	0	0	-1	0	0	1	9	3	-1	0	-1	1	0	1	-1	0	-1	1	0	1	0	0	-1	0	0	1
Orgasm_A	6	0.3		10	3	-1	0	-1	1	0	1	-1	0	-1	1	0	1	0	0	-1	0	0	1	11	3	-1	0	-1	1	0	1	-1	0	-1	1	0	1	0	0	-1	0	0	1
