Idle	0	0.3		0	3	0	0	0	0	1	0	0	0	0	0	1	0	0	0	0	0	1	0	1	3	0	0	0	0	1	0	0	0	0	0	1	0	0	0	0	0	1	0
Idle	1	0.3		0	3	0	0	0	0	1	0	0	0	0	0	1	0	0	0	0	0	1	0	1	3	0	0	0	0	1	0	0	0	0	0	1	0	0	0	0	0	1	0
Idle	2	0.3		2	3	0	0	0	0	1	0	0	0	0	0	1	0	0	0	0	0	1	0	3	3	0	0	0	0	1	0	0	0	0	0	1	0	0	0	0	0	1	0
Idle	3	0.3		4	3	0	0	-1	0	0	0	0	0	0	0	0	1	-1	0	0	1	0	0	5	3	0	0	0	0	0	1	0	0	-1	0	0	0	-1	0	0	1	0	0
Idle	4	0.3		6	3	0	0	-1	0	0	0	0	0	0	0	0	1	-1	0	0	1	0	0	7	3	0	0	0	0	0	1	0	0	-1	0	0	0	-1	0	0	1	0	0
Idle	5	0.3		8	3	0	0	-1	0	0	0	0	0	0	0	0	1	-1	0	0	1	0	0	9	3	0	0	0	0	0	1	0	0	-1	0	0	0	-1	0	0	1	0	0
Idle	6	0.3		10	3	0	0	-1	0	0	0	0	0	0	0	0	1	-1	0	0	1	0	0	11	3	0	0	0	0	0	1	0	0	-1	0	0	0	-1	0	0	1	0	0
Insert	0	0.3		0	3	0	0	0	0	1	0	0	0	0	0	1	0	0	0	0	0	1	0	1	3	0	0	0	0	1	0	0	0	0	0	1	0	0	0	0	0	1	0
Insert	1	0.3		0	3	0	0	0	0	1	0	0	0	0	0	1	0	0	0	0	0	1	0	1	3	0	0	0	0	1	0	0	0	0	0	1	0	0	0	0	0	1	0
Insert	2	0.3		2	3	0	0	0	0	1	0	0	0	0	0	1	0	0	0	0	0	1	0	3	3	0	0	0	0	1	0	0	0	0	0	1	0	0	0	0	0	1	0
Insert	3	0.3		4	3	0	0	-1	0	0	0	0	0	0	0	0	1	-1	0	0	1	0	0	5	3	0	0	0	0	0	1	0	0	-1	0	0	0	-1	0	0	1	0	0
Insert	4	0.3		6	3	0	0	-1	0	0	0	0	0	0	0	0	1	-1	0	0	1	0	0	7	3	0	0	0	0	0	1	0	0	-1	0	0	0	-1	0	0	1	0	0
Insert	5	0.3		8	3	0	0	-1	0	0	0	0	0	0	0	0	1	-1	0	0	1	0	0	9	3	0	0	0	0	0	1	0	0	-1	0	0	0	-1	0	0	1	0	0
Insert	6	0.3		10	3	0	0	-1	0	0	0	0	0	0	0	0	1	-1	0	0	1	0	0	11	3	0	0	0	0	0	1	0	0	-1	0	0	0	-1	0	0	1	0	0
InsertIdle	0	0.3		0	3	0	0	0	0	1	0	0	0	0	0	1	0	0	0	0	0	1	0	1	3	0	0	0	0	1	0	0	0	0	0	1	0	0	0	0	0	1	0
InsertIdle	1	0.3		0	3	0	0	0	0	1	0	0	0	0	0	1	0	0	0	0	0	1	0	1	3	0	0	0	0	1	0	0	0	0	0	1	0	0	0	0	0	1	0
InsertIdle	2	0.3		2	3	0	0	0	0	1	0	0	0	0	0	1	0	0	0	0	0	1	0	3	3	0	0	0	0	1	0	0	0	0	0	1	0	0	0	0	0	1	0
InsertIdle	3	0.3		4	3	0	0	-1	0	0	0	0	0	0	0	0	1	-1	0	0	1	0	0	5	3	0	0	0	0	0	1	0	0	-1	0	0	0	-1	0	0	1	0	0
InsertIdle	4	0.3		6	3	0	0	-1	0	0	0	0	0	0	0	0	1	-1	0	0	1	0	0	7	3	0	0	0	0	0	1	0	0	-1	0	0	0	-1	0	0	1	0	0
InsertIdle	5	0.3		8	3	0	0	-1	0	0	0	0	0	0	0	0	1	-1	0	0	1	0	0	9	3	0	0	0	0	0	1	0	0	-1	0	0	0	-1	0	0	1	0	0
InsertIdle	6	0.3		10	3	0	0	-1	0	0	0	0	0	0	0	0	1	-1	0	0	1	0	0	11	3	0	0	0	0	0	1	0	0	-1	0	0	0	-1	0	0	1	0	0
WLoop	0	0.3		0	3	0	0	0	0	1	0	0	0	0	0	1	0	0	0	0	0	1	0	1	3	0	0	0	0	1	0	0	0	0	0	1	0	0	0	0	0	1	0
WLoop	1	0.3		0	3	0	0	0	0	1	0	0	0	0	0	1	0	0	0	0	0	1	0	1	3	0	0	0	0	1	0	0	0	0	0	1	0	0	0	0	0	1	0
WLoop	2	0.3		2	3	0	0	0	0	1	0	0	0	0	0	1	0	0	0	0	0	1	0	3	3	0	0	0	0	1	0	0	0	0	0	1	0	0	0	0	0	1	0
WLoop	3	0.3		4	3	0	0	-1	0	0	0	0	0	0	0	0	1	-1	0	0	1	0	0	5	3	0	0	0	0	0	1	0	0	-1	0	0	0	-1	0	0	1	0	0
WLoop	4	0.3		6	3	0	0	-1	0	0	0	0	0	0	0	0	1	-1	0	0	1	0	0	7	3	0	0	0	0	0	1	0	0	-1	0	0	0	-1	0	0	1	0	0
WLoop	5	0.3		8	3	0	0	-1	0	0	0	0	0	0	0	0	1	-1	0	0	1	0	0	9	3	0	0	0	0	0	1	0	0	-1	0	0	0	-1	0	0	1	0	0
WLoop	6	0.3		10	3	0	0	-1	0	0	0	0	0	0	0	0	1	-1	0	0	1	0	0	11	3	0	0	0	0	0	1	0	0	-1	0	0	0	-1	0	0	1	0	0
SLoop	0	0.3		0	3	0	0	0	0	1	0	0	0	0	0	1	0	0	0	0	0	1	0	1	3	0	0	0	0	1	0	0	0	0	0	1	0	0	0	0	0	1	0
SLoop	1	0.3		0	3	0	0	0	0	1	0	0	0	0	0	1	0	0	0	0	0	1	0	1	3	0	0	0	0	1	0	0	0	0	0	1	0	0	0	0	0	1	0
SLoop	2	0.3		2	3	0	0	0	0	1	0	0	0	0	0	1	0	0	0	0	0	1	0	3	3	0	0	0	0	1	0	0	0	0	0	1	0	0	0	0	0	1	0
SLoop	3	0.3		4	3	0	0	-1	0	0	0	0	0	0	0	0	1	-1	0	0	1	0	0	5	3	0	0	0	0	0	1	0	0	-1	0	0	0	-1	0	0	1	0	0
SLoop	4	0.3		6	3	0	0	-1	0	0	0	0	0	0	0	0	1	-1	0	0	1	0	0	7	3	0	0	0	0	0	1	0	0	-1	0	0	0	-1	0	0	1	0	0
SLoop	5	0.3	2	8	3	0	0	-1	0	0	0	0	0	0	0	0	1	-1	0	0	1	0	0	9	3	0	0	0	0	0	1	0	0	-1	0	0	0	-1	0	0	1	0	0
SLoop	6	0.3		10	3	0	0	-1	0	0	0	0	0	0	0	0	1	-1	0	0	1	0	0	11	3	0	0	0	0	0	1	0	0	-1	0	0	0	-1	0	0	1	0	0
OLoop	0	0.3		0	3	0	0	0	0	1	0	0	0	0	0	1	0	0	0	0	0	1	0	1	3	0	0	0	0	1	0	0	0	0	0	1	0	0	0	0	0	1	0
OLoop	1	0.3		0	3	0	0	0	0	1	0	0	0	0	0	1	0	0	0	0	0	1	0	1	3	0	0	0	0	1	0	0	0	0	0	1	0	0	0	0	0	1	0
OLoop	2	0.3		2	3	0	0	0	0	1	0	0	0	0	0	1	0	0	0	0	0	1	0	3	3	0	0	0	0	1	0	0	0	0	0	1	0	0	0	0	0	1	0
OLoop	3	0.3		4	3	0	0	-1	0	0	0	0	0	0	0	0	1	-1	0	0	1	0	0	5	3	0	0	0	0	0	1	0	0	-1	0	0	0	-1	0	0	1	0	0
OLoop	4	0.3		6	3	0	0	-1	0	0	0	0	0	0	0	0	1	-1	0	0	1	0	0	7	3	0	0	0	0	0	1	0	0	-1	0	0	0	-1	0	0	1	0	0
OLoop	5	0.3	2	8	3	0	0	-1	0	0	0	0	0	0	0	0	1	-1	0	0	1	0	0	9	3	0	0	0	0	0	1	0	0	-1	0	0	0	-1	0	0	1	0	0
OLoop	6	0.3		10	3	0	0	-1	0	0	0	0	0	0	0	0	1	-1	0	0	1	0	0	11	3	0	0	0	0	0	1	0	0	-1	0	0	0	-1	0	0	1	0	0
M_IN_Start	0	0.3		0	3	0	0	0	0	1	0	0	0	0	0	1	0	0	0	0	0	1	0	1	3	0	0	0	0	1	0	0	0	0	0	1	0	0	0	0	0	1	0
M_IN_Start	1	0.3		0	3	0	0	0	0	1	0	0	0	0	0	1	0	0	0	0	0	1	0	1	3	0	0	0	0	1	0	0	0	0	0	1	0	0	0	0	0	1	0
M_IN_Start	2	0.3		2	3	0	0	0	0	1	0	0	0	0	0	1	0	0	0	0	0	1	0	3	3	0	0	0	0	1	0	0	0	0	0	1	0	0	0	0	0	1	0
M_IN_Start	3	0.3		4	3	0	0	-1	0	0	0	0	0	0	0	0	1	-1	0	0	1	0	0	5	3	0	0	0	0	0	1	0	0	-1	0	0	0	-1	0	0	1	0	0
M_IN_Start	4	0.3		6	3	0	0	-1	0	0	0	0	0	0	0	0	1	-1	0	0	1	0	0	7	3	0	0	0	0	0	1	0	0	-1	0	0	0	-1	0	0	1	0	0
M_IN_Start	5	0.3	2	8	3	0	0	-1	0	0	0	0	0	0	0	0	1	-1	0	0	1	0	0	9	3	0	0	0	0	0	1	0	0	-1	0	0	0	-1	0	0	1	0	0
M_IN_Start	6	0.3		10	3	0	0	-1	0	0	0	0	0	0	0	0	1	-1	0	0	1	0	0	11	3	0	0	0	0	0	1	0	0	-1	0	0	0	-1	0	0	1	0	0
M_IN_Loop	0	0.3		0	3	0	0	0	0	1	0	0	0	0	0	1	0	0	0	0	0	1	0	1	3	0	0	0	0	1	0	0	0	0	0	1	0	0	0	0	0	1	0
M_IN_Loop	1	0.3		0	3	0	0	0	0	1	0	0	0	0	0	1	0	0	0	0	0	1	0	1	3	0	0	0	0	1	0	0	0	0	0	1	0	0	0	0	0	1	0
M_IN_Loop	2	0.3		2	3	0	0	0	0	1	0	0	0	0	0	1	0	0	0	0	0	1	0	3	3	0	0	0	0	1	0	0	0	0	0	1	0	0	0	0	0	1	0
M_IN_Loop	3	0.3		4	3	0	0	-1	0	0	0	0	0	0	0	0	1	-1	0	0	1	0	0	5	3	0	0	0	0	0	1	0	0	-1	0	0	0	-1	0	0	1	0	0
M_IN_Loop	4	0.3		6	3	0	0	-1	0	0	0	0	0	0	0	0	1	-1	0	0	1	0	0	7	3	0	0	0	0	0	1	0	0	-1	0	0	0	-1	0	0	1	0	0
M_IN_Loop	5	0.3	2	8	3	0	0	-1	0	0	0	0	0	0	0	0	1	-1	0	0	1	0	0	9	3	0	0	0	0	0	1	0	0	-1	0	0	0	-1	0	0	1	0	0
M_IN_Loop	6	0.3		10	3	0	0	-1	0	0	0	0	0	0	0	0	1	-1	0	0	1	0	0	11	3	0	0	0	0	0	1	0	0	-1	0	0	0	-1	0	0	1	0	0
WF_IN_Start	0	0.3		0	3	0	0	0	0	1	0	0	0	0	0	1	0	0	0	0	0	1	0	1	3	0	0	0	0	1	0	0	0	0	0	1	0	0	0	0	0	1	0
WF_IN_Start	1	0.3		0	3	0	0	0	0	1	0	0	0	0	0	1	0	0	0	0	0	1	0	1	3	0	0	0	0	1	0	0	0	0	0	1	0	0	0	0	0	1	0
WF_IN_Start	2	0.3		2	3	0	0	0	0	1	0	0	0	0	0	1	0	0	0	0	0	1	0	3	3	0	0	0	0	1	0	0	0	0	0	1	0	0	0	0	0	1	0
WF_IN_Start	3	0.3		4	3	0	0	-1	0	0	0	0	0	0	0	0	1	-1	0	0	1	0	0	5	3	0	0	0	0	0	1	0	0	-1	0	0	0	-1	0	0	1	0	0
WF_IN_Start	4	0.3		6	3	0	0	-1	0	0	0	0	0	0	0	0	1	-1	0	0	1	0	0	7	3	0	0	0	0	0	1	0	0	-1	0	0	0	-1	0	0	1	0	0
WF_IN_Start	5	0.3	2	8	3	0	0	-1	0	0	0	0	0	0	0	0	1	-1	0	0	1	0	0	9	3	0	0	0	0	0	1	0	0	-1	0	0	0	-1	0	0	1	0	0
WF_IN_Start	6	0.3		10	3	0	0	-1	0	0	0	0	0	0	0	0	1	-1	0	0	1	0	0	11	3	0	0	0	0	0	1	0	0	-1	0	0	0	-1	0	0	1	0	0
WF_IN_Loop	0	0.3		0	3	0	0	0	0	1	0	0	0	0	0	1	0	0	0	0	0	1	0	1	3	0	0	0	0	1	0	0	0	0	0	1	0	0	0	0	0	1	0
WF_IN_Loop	1	0.3		0	3	0	0	0	0	1	0	0	0	0	0	1	0	0	0	0	0	1	0	1	3	0	0	0	0	1	0	0	0	0	0	1	0	0	0	0	0	1	0
WF_IN_Loop	2	0.3		2	3	0	0	0	0	1	0	0	0	0	0	1	0	0	0	0	0	1	0	3	3	0	0	0	0	1	0	0	0	0	0	1	0	0	0	0	0	1	0
WF_IN_Loop	3	0.3		4	3	0	0	-1	0	0	0	0	0	0	0	0	1	-1	0	0	1	0	0	5	3	0	0	0	0	0	1	0	0	-1	0	0	0	-1	0	0	1	0	0
WF_IN_Loop	4	0.3		6	3	0	0	-1	0	0	0	0	0	0	0	0	1	-1	0	0	1	0	0	7	3	0	0	0	0	0	1	0	0	-1	0	0	0	-1	0	0	1	0	0
WF_IN_Loop	5	0.3	2	8	3	0	0	-1	0	0	0	0	0	0	0	0	1	-1	0	0	1	0	0	9	3	0	0	0	0	0	1	0	0	-1	0	0	0	-1	0	0	1	0	0
WF_IN_Loop	6	0.3		10	3	0	0	-1	0	0	0	0	0	0	0	0	1	-1	0	0	1	0	0	11	3	0	0	0	0	0	1	0	0	-1	0	0	0	-1	0	0	1	0	0
WS_IN_Start	0	0.3		0	3	0	0	0	0	1	0	0	0	0	0	1	0	0	0	0	0	1	0	1	3	0	0	0	0	1	0	0	0	0	0	1	0	0	0	0	0	1	0
WS_IN_Start	1	0.3		0	3	0	0	0	0	1	0	0	0	0	0	1	0	0	0	0	0	1	0	1	3	0	0	0	0	1	0	0	0	0	0	1	0	0	0	0	0	1	0
WS_IN_Start	2	0.3		2	3	0	0	0	0	1	0	0	0	0	0	1	0	0	0	0	0	1	0	3	3	0	0	0	0	1	0	0	0	0	0	1	0	0	0	0	0	1	0
WS_IN_Start	3	0.3		4	3	0	0	-1	0	0	0	0	0	0	0	0	1	-1	0	0	1	0	0	5	3	0	0	0	0	0	1	0	0	-1	0	0	0	-1	0	0	1	0	0
WS_IN_Start	4	0.3		6	3	0	0	-1	0	0	0	0	0	0	0	0	1	-1	0	0	1	0	0	7	3	0	0	0	0	0	1	0	0	-1	0	0	0	-1	0	0	1	0	0
WS_IN_Start	5	0.3	2	8	3	0	0	-1	0	0	0	0	0	0	0	0	1	-1	0	0	1	0	0	9	3	0	0	0	0	0	1	0	0	-1	0	0	0	-1	0	0	1	0	0
WS_IN_Start	6	0.3		10	3	0	0	-1	0	0	0	0	0	0	0	0	1	-1	0	0	1	0	0	11	3	0	0	0	0	0	1	0	0	-1	0	0	0	-1	0	0	1	0	0
WS_IN_Loop	0	0.3		0	3	0	0	0	0	1	0	0	0	0	0	1	0	0	0	0	0	1	0	1	3	0	0	0	0	1	0	0	0	0	0	1	0	0	0	0	0	1	0
WS_IN_Loop	1	0.3		0	3	0	0	0	0	1	0	0	0	0	0	1	0	0	0	0	0	1	0	1	3	0	0	0	0	1	0	0	0	0	0	1	0	0	0	0	0	1	0
WS_IN_Loop	2	0.3		2	3	0	0	0	0	1	0	0	0	0	0	1	0	0	0	0	0	1	0	3	3	0	0	0	0	1	0	0	0	0	0	1	0	0	0	0	0	1	0
WS_IN_Loop	3	0.3		4	3	0	0	-1	0	0	0	0	0	0	0	0	1	-1	0	0	1	0	0	5	3	0	0	0	0	0	1	0	0	-1	0	0	0	-1	0	0	1	0	0
WS_IN_Loop	4	0.3		6	3	0	0	-1	0	0	0	0	0	0	0	0	1	-1	0	0	1	0	0	7	3	0	0	0	0	0	1	0	0	-1	0	0	0	-1	0	0	1	0	0
WS_IN_Loop	5	0.3	2	8	3	0	0	-1	0	0	0	0	0	0	0	0	1	-1	0	0	1	0	0	9	3	0	0	0	0	0	1	0	0	-1	0	0	0	-1	0	0	1	0	0
WS_IN_Loop	6	0.3		10	3	0	0	-1	0	0	0	0	0	0	0	0	1	-1	0	0	1	0	0	11	3	0	0	0	0	0	1	0	0	-1	0	0	0	-1	0	0	1	0	0
WS_IN_A	0	0.3		0	3	0	0	0	0	1	0	0	0	0	0	1	0	0	0	0	0	1	0	1	3	0	0	0	0	1	0	0	0	0	0	1	0	0	0	0	0	1	0
WS_IN_A	1	0.3		0	3	0	0	0	0	1	0	0	0	0	0	1	0	0	0	0	0	1	0	1	3	0	0	0	0	1	0	0	0	0	0	1	0	0	0	0	0	1	0
WS_IN_A	2	0.3		2	3	0	0	0	0	1	0	0	0	0	0	1	0	0	0	0	0	1	0	3	3	0	0	0	0	1	0	0	0	0	0	1	0	0	0	0	0	1	0
WS_IN_A	3	0.3		4	3	0	0	-1	0	0	0	0	0	0	0	0	1	-1	0	0	1	0	0	5	3	0	0	0	0	0	1	0	0	-1	0	0	0	-1	0	0	1	0	0
WS_IN_A	4	0.3		6	3	0	0	-1	0	0	0	0	0	0	0	0	1	-1	0	0	1	0	0	7	3	0	0	0	0	0	1	0	0	-1	0	0	0	-1	0	0	1	0	0
WS_IN_A	5	0.3	2	8	3	0	0	-1	0	0	0	0	0	0	0	0	1	-1	0	0	1	0	0	9	3	0	0	0	0	0	1	0	0	-1	0	0	0	-1	0	0	1	0	0
WS_IN_A	6	0.3		10	3	0	0	-1	0	0	0	0	0	0	0	0	1	-1	0	0	1	0	0	11	3	0	0	0	0	0	1	0	0	-1	0	0	0	-1	0	0	1	0	0
SF_IN_Start	0	0.3		0	3	0	0	0	0	1	0	0	0	0	0	1	0	0	0	0	0	1	0	1	3	0	0	0	0	1	0	0	0	0	0	1	0	0	0	0	0	1	0
SF_IN_Start	1	0.3		0	3	0	0	0	0	1	0	0	0	0	0	1	0	0	0	0	0	1	0	1	3	0	0	0	0	1	0	0	0	0	0	1	0	0	0	0	0	1	0
SF_IN_Start	2	0.3		2	3	0	0	0	0	1	0	0	0	0	0	1	0	0	0	0	0	1	0	3	3	0	0	0	0	1	0	0	0	0	0	1	0	0	0	0	0	1	0
SF_IN_Start	3	0.3		4	3	0	0	-1	0	0	0	0	0	0	0	0	1	-1	0	0	1	0	0	5	3	0	0	0	0	0	1	0	0	-1	0	0	0	-1	0	0	1	0	0
SF_IN_Start	4	0.3		6	3	0	0	-1	0	0	0	0	0	0	0	0	1	-1	0	0	1	0	0	7	3	0	0	0	0	0	1	0	0	-1	0	0	0	-1	0	0	1	0	0
SF_IN_Start	5	0.3	2	8	3	0	0	-1	0	0	0	0	0	0	0	0	1	-1	0	0	1	0	0	9	3	0	0	0	0	0	1	0	0	-1	0	0	0	-1	0	0	1	0	0
SF_IN_Start	6	0.3		10	3	0	0	-1	0	0	0	0	0	0	0	0	1	-1	0	0	1	0	0	11	3	0	0	0	0	0	1	0	0	-1	0	0	0	-1	0	0	1	0	0
SF_IN_Loop	0	0.3		0	3	0	0	0	0	1	0	0	0	0	0	1	0	0	0	0	0	1	0	1	3	0	0	0	0	1	0	0	0	0	0	1	0	0	0	0	0	1	0
SF_IN_Loop	1	0.3		0	3	0	0	0	0	1	0	0	0	0	0	1	0	0	0	0	0	1	0	1	3	0	0	0	0	1	0	0	0	0	0	1	0	0	0	0	0	1	0
SF_IN_Loop	2	0.3		2	3	0	0	0	0	1	0	0	0	0	0	1	0	0	0	0	0	1	0	3	3	0	0	0	0	1	0	0	0	0	0	1	0	0	0	0	0	1	0
SF_IN_Loop	3	0.3		4	3	0	0	-1	0	0	0	0	0	0	0	0	1	-1	0	0	1	0	0	5	3	0	0	0	0	0	1	0	0	-1	0	0	0	-1	0	0	1	0	0
SF_IN_Loop	4	0.3		6	3	0	0	-1	0	0	0	0	0	0	0	0	1	-1	0	0	1	0	0	7	3	0	0	0	0	0	1	0	0	-1	0	0	0	-1	0	0	1	0	0
SF_IN_Loop	5	0.3	2	8	3	0	0	-1	0	0	0	0	0	0	0	0	1	-1	0	0	1	0	0	9	3	0	0	0	0	0	1	0	0	-1	0	0	0	-1	0	0	1	0	0
SF_IN_Loop	6	0.3		10	3	0	0	-1	0	0	0	0	0	0	0	0	1	-1	0	0	1	0	0	11	3	0	0	0	0	0	1	0	0	-1	0	0	0	-1	0	0	1	0	0
SS_IN_Start	0	0.3		0	3	0	0	0	0	1	0	0	0	0	0	1	0	0	0	0	0	1	0	1	3	0	0	0	0	1	0	0	0	0	0	1	0	0	0	0	0	1	0
SS_IN_Start	1	0.3		0	3	0	0	0	0	1	0	0	0	0	0	1	0	0	0	0	0	1	0	1	3	0	0	0	0	1	0	0	0	0	0	1	0	0	0	0	0	1	0
SS_IN_Start	2	0.3		2	3	0	0	0	0	1	0	0	0	0	0	1	0	0	0	0	0	1	0	3	3	0	0	0	0	1	0	0	0	0	0	1	0	0	0	0	0	1	0
SS_IN_Start	3	0.3		4	3	0	0	-1	0	0	0	0	0	0	0	0	1	-1	0	0	1	0	0	5	3	0	0	0	0	0	1	0	0	-1	0	0	0	-1	0	0	1	0	0
SS_IN_Start	4	0.3		6	3	0	0	-1	0	0	0	0	0	0	0	0	1	-1	0	0	1	0	0	7	3	0	0	0	0	0	1	0	0	-1	0	0	0	-1	0	0	1	0	0
SS_IN_Start	5	0.3	2	8	3	0	0	-1	0	0	0	0	0	0	0	0	1	-1	0	0	1	0	0	9	3	0	0	0	0	0	1	0	0	-1	0	0	0	-1	0	0	1	0	0
SS_IN_Start	6	0.3		10	3	0	0	-1	0	0	0	0	0	0	0	0	1	-1	0	0	1	0	0	11	3	0	0	0	0	0	1	0	0	-1	0	0	0	-1	0	0	1	0	0
SS_IN_Loop	0	0.3		0	3	0	0	0	0	1	0	0	0	0	0	1	0	0	0	0	0	1	0	1	3	0	0	0	0	1	0	0	0	0	0	1	0	0	0	0	0	1	0
SS_IN_Loop	1	0.3		0	3	0	0	0	0	1	0	0	0	0	0	1	0	0	0	0	0	1	0	1	3	0	0	0	0	1	0	0	0	0	0	1	0	0	0	0	0	1	0
SS_IN_Loop	2	0.3		2	3	0	0	0	0	1	0	0	0	0	0	1	0	0	0	0	0	1	0	3	3	0	0	0	0	1	0	0	0	0	0	1	0	0	0	0	0	1	0
SS_IN_Loop	3	0.3		4	3	0	0	-1	0	0	0	0	0	0	0	0	1	-1	0	0	1	0	0	5	3	0	0	0	0	0	1	0	0	-1	0	0	0	-1	0	0	1	0	0
SS_IN_Loop	4	0.3		6	3	0	0	-1	0	0	0	0	0	0	0	0	1	-1	0	0	1	0	0	7	3	0	0	0	0	0	1	0	0	-1	0	0	0	-1	0	0	1	0	0
SS_IN_Loop	5	0.3	2	8	3	0	0	-1	0	0	0	0	0	0	0	0	1	-1	0	0	1	0	0	9	3	0	0	0	0	0	1	0	0	-1	0	0	0	-1	0	0	1	0	0
SS_IN_Loop	6	0.3		10	3	0	0	-1	0	0	0	0	0	0	0	0	1	-1	0	0	1	0	0	11	3	0	0	0	0	0	1	0	0	-1	0	0	0	-1	0	0	1	0	0
SS_IN_A	0	0.3		0	3	0	0	0	0	1	0	0	0	0	0	1	0	0	0	0	0	1	0	1	3	0	0	0	0	1	0	0	0	0	0	1	0	0	0	0	0	1	0
SS_IN_A	1	0.3		0	3	0	0	0	0	1	0	0	0	0	0	1	0	0	0	0	0	1	0	1	3	0	0	0	0	1	0	0	0	0	0	1	0	0	0	0	0	1	0
SS_IN_A	2	0.3		2	3	0	0	0	0	1	0	0	0	0	0	1	0	0	0	0	0	1	0	3	3	0	0	0	0	1	0	0	0	0	0	1	0	0	0	0	0	1	0
SS_IN_A	3	0.3		4	3	0	0	-1	0	0	0	0	0	0	0	0	1	-1	0	0	1	0	0	5	3	0	0	0	0	0	1	0	0	-1	0	0	0	-1	0	0	1	0	0
SS_IN_A	4	0.3		6	3	0	0	-1	0	0	0	0	0	0	0	0	1	-1	0	0	1	0	0	7	3	0	0	0	0	0	1	0	0	-1	0	0	0	-1	0	0	1	0	0
SS_IN_A	5	0.3	2	8	3	0	0	-1	0	0	0	0	0	0	0	0	1	-1	0	0	1	0	0	9	3	0	0	0	0	0	1	0	0	-1	0	0	0	-1	0	0	1	0	0
SS_IN_A	6	0.3		10	3	0	0	-1	0	0	0	0	0	0	0	0	1	-1	0	0	1	0	0	11	3	0	0	0	0	0	1	0	0	-1	0	0	0	-1	0	0	1	0	0
IN_A	0	0.3		0	3	0	0	0	0	1	0	0	0	0	0	1	0	0	0	0	0	1	0	1	3	0	0	0	0	1	0	0	0	0	0	1	0	0	0	0	0	1	0
IN_A	1	0.3		0	3	0	0	0	0	1	0	0	0	0	0	1	0	0	0	0	0	1	0	1	3	0	0	0	0	1	0	0	0	0	0	1	0	0	0	0	0	1	0
IN_A	2	0.3		2	3	0	0	0	0	1	0	0	0	0	0	1	0	0	0	0	0	1	0	3	3	0	0	0	0	1	0	0	0	0	0	1	0	0	0	0	0	1	0
IN_A	3	0.3		4	3	0	0	-1	0	0	0	0	0	0	0	0	1	-1	0	0	1	0	0	5	3	0	0	0	0	0	1	0	0	-1	0	0	0	-1	0	0	1	0	0
IN_A	4	0.3		6	3	0	0	-1	0	0	0	0	0	0	0	0	1	-1	0	0	1	0	0	7	3	0	0	0	0	0	1	0	0	-1	0	0	0	-1	0	0	1	0	0
IN_A	5	0.3	2	8	3	0	0	-1	0	0	0	0	0	0	0	0	1	-1	0	0	1	0	0	9	3	0	0	0	0	0	1	0	0	-1	0	0	0	-1	0	0	1	0	0
IN_A	6	0.3		10	3	0	0	-1	0	0	0	0	0	0	0	0	1	-1	0	0	1	0	0	11	3	0	0	0	0	0	1	0	0	-1	0	0	0	-1	0	0	1	0	0
M_OUT_Start	0	0.3		0	3	0	0	0	0	1	0	0	0	0	0	1	0	0	0	0	0	1	0	1	3	0	0	0	0	1	0	0	0	0	0	1	0	0	0	0	0	1	0
M_OUT_Start	1	0.3		0	3	0	0	0	0	1	0	0	0	0	0	1	0	0	0	0	0	1	0	1	3	0	0	0	0	1	0	0	0	0	0	1	0	0	0	0	0	1	0
M_OUT_Start	2	0.3		2	3	0	0	0	0	1	0	0	0	0	0	1	0	0	0	0	0	1	0	3	3	0	0	0	0	1	0	0	0	0	0	1	0	0	0	0	0	1	0
M_OUT_Start	3	0.3		4	3	0	0	-1	0	0	0	0	0	0	0	0	1	-1	0	0	1	0	0	5	3	0	0	0	0	0	1	0	0	-1	0	0	0	-1	0	0	1	0	0
M_OUT_Start	4	0.3		6	3	0	0	-1	0	0	0	0	0	0	0	0	1	-1	0	0	1	0	0	7	3	0	0	0	0	0	1	0	0	-1	0	0	0	-1	0	0	1	0	0
M_OUT_Start	5	0.3	2	8	3	0	0	-1	0	0	0	0	0	0	0	0	1	-1	0	0	1	0	0	9	3	0	0	0	0	0	1	0	0	-1	0	0	0	-1	0	0	1	0	0
M_OUT_Start	6	0.3		10	3	0	0	-1	0	0	0	0	0	0	0	0	1	-1	0	0	1	0	0	11	3	0	0	0	0	0	1	0	0	-1	0	0	0	-1	0	0	1	0	0
OUT_A	0	0.3		0	3	0	0	0	0	1	0	0	0	0	0	1	0	0	0	0	0	1	0	1	3	0	0	0	0	1	0	0	0	0	0	1	0	0	0	0	0	1	0
OUT_A	1	0.3		0	3	0	0	0	0	1	0	0	0	0	0	1	0	0	0	0	0	1	0	1	3	0	0	0	0	1	0	0	0	0	0	1	0	0	0	0	0	1	0
OUT_A	2	0.3		2	3	0	0	0	0	1	0	0	0	0	0	1	0	0	0	0	0	1	0	3	3	0	0	0	0	1	0	0	0	0	0	1	0	0	0	0	0	1	0
OUT_A	3	0.3		4	3	0	0	-1	0	0	0	0	0	0	0	0	1	-1	0	0	1	0	0	5	3	0	0	0	0	0	1	0	0	-1	0	0	0	-1	0	0	1	0	0
OUT_A	4	0.3		6	3	0	0	-1	0	0	0	0	0	0	0	0	1	-1	0	0	1	0	0	7	3	0	0	0	0	0	1	0	0	-1	0	0	0	-1	0	0	1	0	0
OUT_A	5	0.3	2	8	3	0	0	-1	0	0	0	0	0	0	0	0	1	-1	0	0	1	0	0	9	3	0	0	0	0	0	1	0	0	-1	0	0	0	-1	0	0	1	0	0
OUT_A	6	0.3		10	3	0	0	-1	0	0	0	0	0	0	0	0	1	-1	0	0	1	0	0	11	3	0	0	0	0	0	1	0	0	-1	0	0	0	-1	0	0	1	0	0
Pull	0	0.3		0	3	0	0	0	0	1	0	0	0	0	0	1	0	0	0	0	0	1	0	1	3	0	0	0	0	1	0	0	0	0	0	1	0	0	0	0	0	1	0
Pull	1	0.3		0	3	0	0	0	0	1	0	0	0	0	0	1	0	0	0	0	0	1	0	1	3	0	0	0	0	1	0	0	0	0	0	1	0	0	0	0	0	1	0
Pull	2	0.3		2	3	0	0	0	0	1	0	0	0	0	0	1	0	0	0	0	0	1	0	3	3	0	0	0	0	1	0	0	0	0	0	1	0	0	0	0	0	1	0
Pull	3	0.3		4	3	0	0	-1	0	0	0	0	0	0	0	0	1	-1	0	0	1	0	0	5	3	0	0	0	0	0	1	0	0	-1	0	0	0	-1	0	0	1	0	0
Pull	4	0.3		6	3	0	0	-1	0	0	0	0	0	0	0	0	1	-1	0	0	1	0	0	7	3	0	0	0	0	0	1	0	0	-1	0	0	0	-1	0	0	1	0	0
Pull	5	0.3	2	8	3	0	0	-1	0	0	0	0	0	0	0	0	1	-1	0	0	1	0	0	9	3	0	0	0	0	0	1	0	0	-1	0	0	0	-1	0	0	1	0	0
Pull	6	0.3		10	3	0	0	-1	0	0	0	0	0	0	0	0	1	-1	0	0	1	0	0	11	3	0	0	0	0	0	1	0	0	-1	0	0	0	-1	0	0	1	0	0
A_Idle	0	0.3		0	3	0	0	0	0	1	0	0	0	0	0	1	0	0	0	0	0	1	0	1	3	0	0	0	0	1	0	0	0	0	0	1	0	0	0	0	0	1	0
A_Idle	1	0.3		0	3	0	0	0	0	1	0	0	0	0	0	1	0	0	0	0	0	1	0	1	3	0	0	0	0	1	0	0	0	0	0	1	0	0	0	0	0	1	0
A_Idle	2	0.3		2	3	0	0	0	0	1	0	0	0	0	0	1	0	0	0	0	0	1	0	3	3	0	0	0	0	1	0	0	0	0	0	1	0	0	0	0	0	1	0
A_Idle	3	0.3		4	3	0	0	-1	0	0	0	0	0	0	0	0	1	-1	0	0	1	0	0	5	3	0	0	0	0	0	1	0	0	-1	0	0	0	-1	0	0	1	0	0
A_Idle	4	0.3		6	3	0	0	-1	0	0	0	0	0	0	0	0	1	-1	0	0	1	0	0	7	3	0	0	0	0	0	1	0	0	-1	0	0	0	-1	0	0	1	0	0
A_Idle	5	0.3		8	3	0	0	-1	0	0	0	0	0	0	0	0	1	-1	0	0	1	0	0	9	3	0	0	0	0	0	1	0	0	-1	0	0	0	-1	0	0	1	0	0
A_Idle	6	0.3		10	3	0	0	-1	0	0	0	0	0	0	0	0	1	-1	0	0	1	0	0	11	3	0	0	0	0	0	1	0	0	-1	0	0	0	-1	0	0	1	0	0
A_Insert	0	0.3		0	3	0	0	0	0	1	0	0	0	0	0	1	0	0	0	0	0	1	0	1	3	0	0	0	0	1	0	0	0	0	0	1	0	0	0	0	0	1	0
A_Insert	1	0.3		0	3	0	0	0	0	1	0	0	0	0	0	1	0	0	0	0	0	1	0	1	3	0	0	0	0	1	0	0	0	0	0	1	0	0	0	0	0	1	0
A_Insert	2	0.3		2	3	0	0	0	0	1	0	0	0	0	0	1	0	0	0	0	0	1	0	3	3	0	0	0	0	1	0	0	0	0	0	1	0	0	0	0	0	1	0
A_Insert	3	0.3		4	3	0	0	-1	0	0	0	0	0	0	0	0	1	-1	0	0	1	0	0	5	3	0	0	0	0	0	1	0	0	-1	0	0	0	-1	0	0	1	0	0
A_Insert	4	0.3		6	3	0	0	-1	0	0	0	0	0	0	0	0	1	-1	0	0	1	0	0	7	3	0	0	0	0	0	1	0	0	-1	0	0	0	-1	0	0	1	0	0
A_Insert	5	0.3		8	3	0	0	-1	0	0	0	0	0	0	0	0	1	-1	0	0	1	0	0	9	3	0	0	0	0	0	1	0	0	-1	0	0	0	-1	0	0	1	0	0
A_Insert	6	0.3		10	3	0	0	-1	0	0	0	0	0	0	0	0	1	-1	0	0	1	0	0	11	3	0	0	0	0	0	1	0	0	-1	0	0	0	-1	0	0	1	0	0
A_InsertIdle	0	0.3		0	3	0	0	0	0	1	0	0	0	0	0	1	0	0	0	0	0	1	0	1	3	0	0	0	0	1	0	0	0	0	0	1	0	0	0	0	0	1	0
A_InsertIdle	1	0.3		0	3	0	0	0	0	1	0	0	0	0	0	1	0	0	0	0	0	1	0	1	3	0	0	0	0	1	0	0	0	0	0	1	0	0	0	0	0	1	0
A_InsertIdle	2	0.3		2	3	0	0	0	0	1	0	0	0	0	0	1	0	0	0	0	0	1	0	3	3	0	0	0	0	1	0	0	0	0	0	1	0	0	0	0	0	1	0
A_InsertIdle	3	0.3		4	3	0	0	-1	0	0	0	0	0	0	0	0	1	-1	0	0	1	0	0	5	3	0	0	0	0	0	1	0	0	-1	0	0	0	-1	0	0	1	0	0
A_InsertIdle	4	0.3		6	3	0	0	-1	0	0	0	0	0	0	0	0	1	-1	0	0	1	0	0	7	3	0	0	0	0	0	1	0	0	-1	0	0	0	-1	0	0	1	0	0
A_InsertIdle	5	0.3		8	3	0	0	-1	0	0	0	0	0	0	0	0	1	-1	0	0	1	0	0	9	3	0	0	0	0	0	1	0	0	-1	0	0	0	-1	0	0	1	0	0
A_InsertIdle	6	0.3		10	3	0	0	-1	0	0	0	0	0	0	0	0	1	-1	0	0	1	0	0	11	3	0	0	0	0	0	1	0	0	-1	0	0	0	-1	0	0	1	0	0
A_WLoop	0	0.3		0	3	0	0	0	0	1	0	0	0	0	0	1	0	0	0	0	0	1	0	1	3	0	0	0	0	1	0	0	0	0	0	1	0	0	0	0	0	1	0
A_WLoop	1	0.3		0	3	0	0	0	0	1	0	0	0	0	0	1	0	0	0	0	0	1	0	1	3	0	0	0	0	1	0	0	0	0	0	1	0	0	0	0	0	1	0
A_WLoop	2	0.3		2	3	0	0	0	0	1	0	0	0	0	0	1	0	0	0	0	0	1	0	3	3	0	0	0	0	1	0	0	0	0	0	1	0	0	0	0	0	1	0
A_WLoop	3	0.3		4	3	0	0	-1	0	0	0	0	0	0	0	0	1	-1	0	0	1	0	0	5	3	0	0	0	0	0	1	0	0	-1	0	0	0	-1	0	0	1	0	0
A_WLoop	4	0.3		6	3	0	0	-1	0	0	0	0	0	0	0	0	1	-1	0	0	1	0	0	7	3	0	0	0	0	0	1	0	0	-1	0	0	0	-1	0	0	1	0	0
A_WLoop	5	0.3		8	3	0	0	-1	0	0	0	0	0	0	0	0	1	-1	0	0	1	0	0	9	3	0	0	0	0	0	1	0	0	-1	0	0	0	-1	0	0	1	0	0
A_WLoop	6	0.3		10	3	0	0	-1	0	0	0	0	0	0	0	0	1	-1	0	0	1	0	0	11	3	0	0	0	0	0	1	0	0	-1	0	0	0	-1	0	0	1	0	0
A_SLoop	0	0.3		0	3	0	0	0	0	1	0	0	0	0	0	1	0	0	0	0	0	1	0	1	3	0	0	0	0	1	0	0	0	0	0	1	0	0	0	0	0	1	0
A_SLoop	1	0.3		0	3	0	0	0	0	1	0	0	0	0	0	1	0	0	0	0	0	1	0	1	3	0	0	0	0	1	0	0	0	0	0	1	0	0	0	0	0	1	0
A_SLoop	2	0.3		2	3	0	0	0	0	1	0	0	0	0	0	1	0	0	0	0	0	1	0	3	3	0	0	0	0	1	0	0	0	0	0	1	0	0	0	0	0	1	0
A_SLoop	3	0.3		4	3	0	0	-1	0	0	0	0	0	0	0	0	1	-1	0	0	1	0	0	5	3	0	0	0	0	0	1	0	0	-1	0	0	0	-1	0	0	1	0	0
A_SLoop	4	0.3		6	3	0	0	-1	0	0	0	0	0	0	0	0	1	-1	0	0	1	0	0	7	3	0	0	0	0	0	1	0	0	-1	0	0	0	-1	0	0	1	0	0
A_SLoop	5	0.3	2	8	3	0	0	-1	0	0	0	0	0	0	0	0	1	-1	0	0	1	0	0	9	3	0	0	0	0	0	1	0	0	-1	0	0	0	-1	0	0	1	0	0
A_SLoop	6	0.3		10	3	0	0	-1	0	0	0	0	0	0	0	0	1	-1	0	0	1	0	0	11	3	0	0	0	0	0	1	0	0	-1	0	0	0	-1	0	0	1	0	0
A_OLoop	0	0.3		0	3	0	0	0	0	1	0	0	0	0	0	1	0	0	0	0	0	1	0	1	3	0	0	0	0	1	0	0	0	0	0	1	0	0	0	0	0	1	0
A_OLoop	1	0.3		0	3	0	0	0	0	1	0	0	0	0	0	1	0	0	0	0	0	1	0	1	3	0	0	0	0	1	0	0	0	0	0	1	0	0	0	0	0	1	0
A_OLoop	2	0.3		2	3	0	0	0	0	1	0	0	0	0	0	1	0	0	0	0	0	1	0	3	3	0	0	0	0	1	0	0	0	0	0	1	0	0	0	0	0	1	0
A_OLoop	3	0.3		4	3	0	0	-1	0	0	0	0	0	0	0	0	1	-1	0	0	1	0	0	5	3	0	0	0	0	0	1	0	0	-1	0	0	0	-1	0	0	1	0	0
A_OLoop	4	0.3		6	3	0	0	-1	0	0	0	0	0	0	0	0	1	-1	0	0	1	0	0	7	3	0	0	0	0	0	1	0	0	-1	0	0	0	-1	0	0	1	0	0
A_OLoop	5	0.3	2	8	3	0	0	-1	0	0	0	0	0	0	0	0	1	-1	0	0	1	0	0	9	3	0	0	0	0	0	1	0	0	-1	0	0	0	-1	0	0	1	0	0
A_OLoop	6	0.3		10	3	0	0	-1	0	0	0	0	0	0	0	0	1	-1	0	0	1	0	0	11	3	0	0	0	0	0	1	0	0	-1	0	0	0	-1	0	0	1	0	0
A_M_IN_Start	0	0.3		0	3	0	0	0	0	1	0	0	0	0	0	1	0	0	0	0	0	1	0	1	3	0	0	0	0	1	0	0	0	0	0	1	0	0	0	0	0	1	0
A_M_IN_Start	1	0.3		0	3	0	0	0	0	1	0	0	0	0	0	1	0	0	0	0	0	1	0	1	3	0	0	0	0	1	0	0	0	0	0	1	0	0	0	0	0	1	0
A_M_IN_Start	2	0.3		2	3	0	0	0	0	1	0	0	0	0	0	1	0	0	0	0	0	1	0	3	3	0	0	0	0	1	0	0	0	0	0	1	0	0	0	0	0	1	0
A_M_IN_Start	3	0.3		4	3	0	0	-1	0	0	0	0	0	0	0	0	1	-1	0	0	1	0	0	5	3	0	0	0	0	0	1	0	0	-1	0	0	0	-1	0	0	1	0	0
A_M_IN_Start	4	0.3		6	3	0	0	-1	0	0	0	0	0	0	0	0	1	-1	0	0	1	0	0	7	3	0	0	0	0	0	1	0	0	-1	0	0	0	-1	0	0	1	0	0
A_M_IN_Start	5	0.3	2	8	3	0	0	-1	0	0	0	0	0	0	0	0	1	-1	0	0	1	0	0	9	3	0	0	0	0	0	1	0	0	-1	0	0	0	-1	0	0	1	0	0
A_M_IN_Start	6	0.3		10	3	0	0	-1	0	0	0	0	0	0	0	0	1	-1	0	0	1	0	0	11	3	0	0	0	0	0	1	0	0	-1	0	0	0	-1	0	0	1	0	0
A_M_IN_Loop	0	0.3		0	3	0	0	0	0	1	0	0	0	0	0	1	0	0	0	0	0	1	0	1	3	0	0	0	0	1	0	0	0	0	0	1	0	0	0	0	0	1	0
A_M_IN_Loop	1	0.3		0	3	0	0	0	0	1	0	0	0	0	0	1	0	0	0	0	0	1	0	1	3	0	0	0	0	1	0	0	0	0	0	1	0	0	0	0	0	1	0
A_M_IN_Loop	2	0.3		2	3	0	0	0	0	1	0	0	0	0	0	1	0	0	0	0	0	1	0	3	3	0	0	0	0	1	0	0	0	0	0	1	0	0	0	0	0	1	0
A_M_IN_Loop	3	0.3		4	3	0	0	-1	0	0	0	0	0	0	0	0	1	-1	0	0	1	0	0	5	3	0	0	0	0	0	1	0	0	-1	0	0	0	-1	0	0	1	0	0
A_M_IN_Loop	4	0.3		6	3	0	0	-1	0	0	0	0	0	0	0	0	1	-1	0	0	1	0	0	7	3	0	0	0	0	0	1	0	0	-1	0	0	0	-1	0	0	1	0	0
A_M_IN_Loop	5	0.3	2	8	3	0	0	-1	0	0	0	0	0	0	0	0	1	-1	0	0	1	0	0	9	3	0	0	0	0	0	1	0	0	-1	0	0	0	-1	0	0	1	0	0
A_M_IN_Loop	6	0.3		10	3	0	0	-1	0	0	0	0	0	0	0	0	1	-1	0	0	1	0	0	11	3	0	0	0	0	0	1	0	0	-1	0	0	0	-1	0	0	1	0	0
A_WF_IN_Start	0	0.3		0	3	0	0	0	0	1	0	0	0	0	0	1	0	0	0	0	0	1	0	1	3	0	0	0	0	1	0	0	0	0	0	1	0	0	0	0	0	1	0
A_WF_IN_Start	1	0.3		0	3	0	0	0	0	1	0	0	0	0	0	1	0	0	0	0	0	1	0	1	3	0	0	0	0	1	0	0	0	0	0	1	0	0	0	0	0	1	0
A_WF_IN_Start	2	0.3		2	3	0	0	0	0	1	0	0	0	0	0	1	0	0	0	0	0	1	0	3	3	0	0	0	0	1	0	0	0	0	0	1	0	0	0	0	0	1	0
A_WF_IN_Start	3	0.3		4	3	0	0	-1	0	0	0	0	0	0	0	0	1	-1	0	0	1	0	0	5	3	0	0	0	0	0	1	0	0	-1	0	0	0	-1	0	0	1	0	0
A_WF_IN_Start	4	0.3		6	3	0	0	-1	0	0	0	0	0	0	0	0	1	-1	0	0	1	0	0	7	3	0	0	0	0	0	1	0	0	-1	0	0	0	-1	0	0	1	0	0
A_WF_IN_Start	5	0.3	2	8	3	0	0	-1	0	0	0	0	0	0	0	0	1	-1	0	0	1	0	0	9	3	0	0	0	0	0	1	0	0	-1	0	0	0	-1	0	0	1	0	0
A_WF_IN_Start	6	0.3		10	3	0	0	-1	0	0	0	0	0	0	0	0	1	-1	0	0	1	0	0	11	3	0	0	0	0	0	1	0	0	-1	0	0	0	-1	0	0	1	0	0
A_WF_IN_Loop	0	0.3		0	3	0	0	0	0	1	0	0	0	0	0	1	0	0	0	0	0	1	0	1	3	0	0	0	0	1	0	0	0	0	0	1	0	0	0	0	0	1	0
A_WF_IN_Loop	1	0.3		0	3	0	0	0	0	1	0	0	0	0	0	1	0	0	0	0	0	1	0	1	3	0	0	0	0	1	0	0	0	0	0	1	0	0	0	0	0	1	0
A_WF_IN_Loop	2	0.3		2	3	0	0	0	0	1	0	0	0	0	0	1	0	0	0	0	0	1	0	3	3	0	0	0	0	1	0	0	0	0	0	1	0	0	0	0	0	1	0
A_WF_IN_Loop	3	0.3		4	3	0	0	-1	0	0	0	0	0	0	0	0	1	-1	0	0	1	0	0	5	3	0	0	0	0	0	1	0	0	-1	0	0	0	-1	0	0	1	0	0
A_WF_IN_Loop	4	0.3		6	3	0	0	-1	0	0	0	0	0	0	0	0	1	-1	0	0	1	0	0	7	3	0	0	0	0	0	1	0	0	-1	0	0	0	-1	0	0	1	0	0
A_WF_IN_Loop	5	0.3	2	8	3	0	0	-1	0	0	0	0	0	0	0	0	1	-1	0	0	1	0	0	9	3	0	0	0	0	0	1	0	0	-1	0	0	0	-1	0	0	1	0	0
A_WF_IN_Loop	6	0.3		10	3	0	0	-1	0	0	0	0	0	0	0	0	1	-1	0	0	1	0	0	11	3	0	0	0	0	0	1	0	0	-1	0	0	0	-1	0	0	1	0	0
A_WS_IN_Start	0	0.3		0	3	0	0	0	0	1	0	0	0	0	0	1	0	0	0	0	0	1	0	1	3	0	0	0	0	1	0	0	0	0	0	1	0	0	0	0	0	1	0
A_WS_IN_Start	1	0.3		0	3	0	0	0	0	1	0	0	0	0	0	1	0	0	0	0	0	1	0	1	3	0	0	0	0	1	0	0	0	0	0	1	0	0	0	0	0	1	0
A_WS_IN_Start	2	0.3		2	3	0	0	0	0	1	0	0	0	0	0	1	0	0	0	0	0	1	0	3	3	0	0	0	0	1	0	0	0	0	0	1	0	0	0	0	0	1	0
A_WS_IN_Start	3	0.3		4	3	0	0	-1	0	0	0	0	0	0	0	0	1	-1	0	0	1	0	0	5	3	0	0	0	0	0	1	0	0	-1	0	0	0	-1	0	0	1	0	0
A_WS_IN_Start	4	0.3		6	3	0	0	-1	0	0	0	0	0	0	0	0	1	-1	0	0	1	0	0	7	3	0	0	0	0	0	1	0	0	-1	0	0	0	-1	0	0	1	0	0
A_WS_IN_Start	5	0.3	2	8	3	0	0	-1	0	0	0	0	0	0	0	0	1	-1	0	0	1	0	0	9	3	0	0	0	0	0	1	0	0	-1	0	0	0	-1	0	0	1	0	0
A_WS_IN_Start	6	0.3		10	3	0	0	-1	0	0	0	0	0	0	0	0	1	-1	0	0	1	0	0	11	3	0	0	0	0	0	1	0	0	-1	0	0	0	-1	0	0	1	0	0
A_WS_IN_Loop	0	0.3		0	3	0	0	0	0	1	0	0	0	0	0	1	0	0	0	0	0	1	0	1	3	0	0	0	0	1	0	0	0	0	0	1	0	0	0	0	0	1	0
A_WS_IN_Loop	1	0.3		0	3	0	0	0	0	1	0	0	0	0	0	1	0	0	0	0	0	1	0	1	3	0	0	0	0	1	0	0	0	0	0	1	0	0	0	0	0	1	0
A_WS_IN_Loop	2	0.3		2	3	0	0	0	0	1	0	0	0	0	0	1	0	0	0	0	0	1	0	3	3	0	0	0	0	1	0	0	0	0	0	1	0	0	0	0	0	1	0
A_WS_IN_Loop	3	0.3		4	3	0	0	-1	0	0	0	0	0	0	0	0	1	-1	0	0	1	0	0	5	3	0	0	0	0	0	1	0	0	-1	0	0	0	-1	0	0	1	0	0
A_WS_IN_Loop	4	0.3		6	3	0	0	-1	0	0	0	0	0	0	0	0	1	-1	0	0	1	0	0	7	3	0	0	0	0	0	1	0	0	-1	0	0	0	-1	0	0	1	0	0
A_WS_IN_Loop	5	0.3	2	8	3	0	0	-1	0	0	0	0	0	0	0	0	1	-1	0	0	1	0	0	9	3	0	0	0	0	0	1	0	0	-1	0	0	0	-1	0	0	1	0	0
A_WS_IN_Loop	6	0.3		10	3	0	0	-1	0	0	0	0	0	0	0	0	1	-1	0	0	1	0	0	11	3	0	0	0	0	0	1	0	0	-1	0	0	0	-1	0	0	1	0	0
A_WS_IN_A	0	0.3		0	3	0	0	0	0	1	0	0	0	0	0	1	0	0	0	0	0	1	0	1	3	0	0	0	0	1	0	0	0	0	0	1	0	0	0	0	0	1	0
A_WS_IN_A	1	0.3		0	3	0	0	0	0	1	0	0	0	0	0	1	0	0	0	0	0	1	0	1	3	0	0	0	0	1	0	0	0	0	0	1	0	0	0	0	0	1	0
A_WS_IN_A	2	0.3		2	3	0	0	0	0	1	0	0	0	0	0	1	0	0	0	0	0	1	0	3	3	0	0	0	0	1	0	0	0	0	0	1	0	0	0	0	0	1	0
A_WS_IN_A	3	0.3		4	3	0	0	-1	0	0	0	0	0	0	0	0	1	-1	0	0	1	0	0	5	3	0	0	0	0	0	1	0	0	-1	0	0	0	-1	0	0	1	0	0
A_WS_IN_A	4	0.3		6	3	0	0	-1	0	0	0	0	0	0	0	0	1	-1	0	0	1	0	0	7	3	0	0	0	0	0	1	0	0	-1	0	0	0	-1	0	0	1	0	0
A_WS_IN_A	5	0.3	2	8	3	0	0	-1	0	0	0	0	0	0	0	0	1	-1	0	0	1	0	0	9	3	0	0	0	0	0	1	0	0	-1	0	0	0	-1	0	0	1	0	0
A_WS_IN_A	6	0.3		10	3	0	0	-1	0	0	0	0	0	0	0	0	1	-1	0	0	1	0	0	11	3	0	0	0	0	0	1	0	0	-1	0	0	0	-1	0	0	1	0	0
A_SF_IN_Start	0	0.3		0	3	0	0	0	0	1	0	0	0	0	0	1	0	0	0	0	0	1	0	1	3	0	0	0	0	1	0	0	0	0	0	1	0	0	0	0	0	1	0
A_SF_IN_Start	1	0.3		0	3	0	0	0	0	1	0	0	0	0	0	1	0	0	0	0	0	1	0	1	3	0	0	0	0	1	0	0	0	0	0	1	0	0	0	0	0	1	0
A_SF_IN_Start	2	0.3		2	3	0	0	0	0	1	0	0	0	0	0	1	0	0	0	0	0	1	0	3	3	0	0	0	0	1	0	0	0	0	0	1	0	0	0	0	0	1	0
A_SF_IN_Start	3	0.3		4	3	0	0	-1	0	0	0	0	0	0	0	0	1	-1	0	0	1	0	0	5	3	0	0	0	0	0	1	0	0	-1	0	0	0	-1	0	0	1	0	0
A_SF_IN_Start	4	0.3		6	3	0	0	-1	0	0	0	0	0	0	0	0	1	-1	0	0	1	0	0	7	3	0	0	0	0	0	1	0	0	-1	0	0	0	-1	0	0	1	0	0
A_SF_IN_Start	5	0.3	2	8	3	0	0	-1	0	0	0	0	0	0	0	0	1	-1	0	0	1	0	0	9	3	0	0	0	0	0	1	0	0	-1	0	0	0	-1	0	0	1	0	0
A_SF_IN_Start	6	0.3		10	3	0	0	-1	0	0	0	0	0	0	0	0	1	-1	0	0	1	0	0	11	3	0	0	0	0	0	1	0	0	-1	0	0	0	-1	0	0	1	0	0
A_SF_IN_Loop	0	0.3		0	3	0	0	0	0	1	0	0	0	0	0	1	0	0	0	0	0	1	0	1	3	0	0	0	0	1	0	0	0	0	0	1	0	0	0	0	0	1	0
A_SF_IN_Loop	1	0.3		0	3	0	0	0	0	1	0	0	0	0	0	1	0	0	0	0	0	1	0	1	3	0	0	0	0	1	0	0	0	0	0	1	0	0	0	0	0	1	0
A_SF_IN_Loop	2	0.3		2	3	0	0	0	0	1	0	0	0	0	0	1	0	0	0	0	0	1	0	3	3	0	0	0	0	1	0	0	0	0	0	1	0	0	0	0	0	1	0
A_SF_IN_Loop	3	0.3		4	3	0	0	-1	0	0	0	0	0	0	0	0	1	-1	0	0	1	0	0	5	3	0	0	0	0	0	1	0	0	-1	0	0	0	-1	0	0	1	0	0
A_SF_IN_Loop	4	0.3		6	3	0	0	-1	0	0	0	0	0	0	0	0	1	-1	0	0	1	0	0	7	3	0	0	0	0	0	1	0	0	-1	0	0	0	-1	0	0	1	0	0
A_SF_IN_Loop	5	0.3	2	8	3	0	0	-1	0	0	0	0	0	0	0	0	1	-1	0	0	1	0	0	9	3	0	0	0	0	0	1	0	0	-1	0	0	0	-1	0	0	1	0	0
A_SF_IN_Loop	6	0.3		10	3	0	0	-1	0	0	0	0	0	0	0	0	1	-1	0	0	1	0	0	11	3	0	0	0	0	0	1	0	0	-1	0	0	0	-1	0	0	1	0	0
A_SS_IN_Start	0	0.3		0	3	0	0	0	0	1	0	0	0	0	0	1	0	0	0	0	0	1	0	1	3	0	0	0	0	1	0	0	0	0	0	1	0	0	0	0	0	1	0
A_SS_IN_Start	1	0.3		0	3	0	0	0	0	1	0	0	0	0	0	1	0	0	0	0	0	1	0	1	3	0	0	0	0	1	0	0	0	0	0	1	0	0	0	0	0	1	0
A_SS_IN_Start	2	0.3		2	3	0	0	0	0	1	0	0	0	0	0	1	0	0	0	0	0	1	0	3	3	0	0	0	0	1	0	0	0	0	0	1	0	0	0	0	0	1	0
A_SS_IN_Start	3	0.3		4	3	0	0	-1	0	0	0	0	0	0	0	0	1	-1	0	0	1	0	0	5	3	0	0	0	0	0	1	0	0	-1	0	0	0	-1	0	0	1	0	0
A_SS_IN_Start	4	0.3		6	3	0	0	-1	0	0	0	0	0	0	0	0	1	-1	0	0	1	0	0	7	3	0	0	0	0	0	1	0	0	-1	0	0	0	-1	0	0	1	0	0
A_SS_IN_Start	5	0.3	2	8	3	0	0	-1	0	0	0	0	0	0	0	0	1	-1	0	0	1	0	0	9	3	0	0	0	0	0	1	0	0	-1	0	0	0	-1	0	0	1	0	0
A_SS_IN_Start	6	0.3		10	3	0	0	-1	0	0	0	0	0	0	0	0	1	-1	0	0	1	0	0	11	3	0	0	0	0	0	1	0	0	-1	0	0	0	-1	0	0	1	0	0
A_SS_IN_Loop	0	0.3		0	3	0	0	0	0	1	0	0	0	0	0	1	0	0	0	0	0	1	0	1	3	0	0	0	0	1	0	0	0	0	0	1	0	0	0	0	0	1	0
A_SS_IN_Loop	1	0.3		0	3	0	0	0	0	1	0	0	0	0	0	1	0	0	0	0	0	1	0	1	3	0	0	0	0	1	0	0	0	0	0	1	0	0	0	0	0	1	0
A_SS_IN_Loop	2	0.3		2	3	0	0	0	0	1	0	0	0	0	0	1	0	0	0	0	0	1	0	3	3	0	0	0	0	1	0	0	0	0	0	1	0	0	0	0	0	1	0
A_SS_IN_Loop	3	0.3		4	3	0	0	-1	0	0	0	0	0	0	0	0	1	-1	0	0	1	0	0	5	3	0	0	0	0	0	1	0	0	-1	0	0	0	-1	0	0	1	0	0
A_SS_IN_Loop	4	0.3		6	3	0	0	-1	0	0	0	0	0	0	0	0	1	-1	0	0	1	0	0	7	3	0	0	0	0	0	1	0	0	-1	0	0	0	-1	0	0	1	0	0
A_SS_IN_Loop	5	0.3	2	8	3	0	0	-1	0	0	0	0	0	0	0	0	1	-1	0	0	1	0	0	9	3	0	0	0	0	0	1	0	0	-1	0	0	0	-1	0	0	1	0	0
A_SS_IN_Loop	6	0.3		10	3	0	0	-1	0	0	0	0	0	0	0	0	1	-1	0	0	1	0	0	11	3	0	0	0	0	0	1	0	0	-1	0	0	0	-1	0	0	1	0	0
A_SS_IN_A	0	0.3		0	3	0	0	0	0	1	0	0	0	0	0	1	0	0	0	0	0	1	0	1	3	0	0	0	0	1	0	0	0	0	0	1	0	0	0	0	0	1	0
A_SS_IN_A	1	0.3		0	3	0	0	0	0	1	0	0	0	0	0	1	0	0	0	0	0	1	0	1	3	0	0	0	0	1	0	0	0	0	0	1	0	0	0	0	0	1	0
A_SS_IN_A	2	0.3		2	3	0	0	0	0	1	0	0	0	0	0	1	0	0	0	0	0	1	0	3	3	0	0	0	0	1	0	0	0	0	0	1	0	0	0	0	0	1	0
A_SS_IN_A	3	0.3		4	3	0	0	-1	0	0	0	0	0	0	0	0	1	-1	0	0	1	0	0	5	3	0	0	0	0	0	1	0	0	-1	0	0	0	-1	0	0	1	0	0
A_SS_IN_A	4	0.3		6	3	0	0	-1	0	0	0	0	0	0	0	0	1	-1	0	0	1	0	0	7	3	0	0	0	0	0	1	0	0	-1	0	0	0	-1	0	0	1	0	0
A_SS_IN_A	5	0.3	2	8	3	0	0	-1	0	0	0	0	0	0	0	0	1	-1	0	0	1	0	0	9	3	0	0	0	0	0	1	0	0	-1	0	0	0	-1	0	0	1	0	0
A_SS_IN_A	6	0.3		10	3	0	0	-1	0	0	0	0	0	0	0	0	1	-1	0	0	1	0	0	11	3	0	0	0	0	0	1	0	0	-1	0	0	0	-1	0	0	1	0	0
A_IN_A	0	0.3		0	3	0	0	0	0	1	0	0	0	0	0	1	0	0	0	0	0	1	0	1	3	0	0	0	0	1	0	0	0	0	0	1	0	0	0	0	0	1	0
A_IN_A	1	0.3		0	3	0	0	0	0	1	0	0	0	0	0	1	0	0	0	0	0	1	0	1	3	0	0	0	0	1	0	0	0	0	0	1	0	0	0	0	0	1	0
A_IN_A	2	0.3		2	3	0	0	0	0	1	0	0	0	0	0	1	0	0	0	0	0	1	0	3	3	0	0	0	0	1	0	0	0	0	0	1	0	0	0	0	0	1	0
A_IN_A	3	0.3		4	3	0	0	-1	0	0	0	0	0	0	0	0	1	-1	0	0	1	0	0	5	3	0	0	0	0	0	1	0	0	-1	0	0	0	-1	0	0	1	0	0
A_IN_A	4	0.3		6	3	0	0	-1	0	0	0	0	0	0	0	0	1	-1	0	0	1	0	0	7	3	0	0	0	0	0	1	0	0	-1	0	0	0	-1	0	0	1	0	0
A_IN_A	5	0.3	2	8	3	0	0	-1	0	0	0	0	0	0	0	0	1	-1	0	0	1	0	0	9	3	0	0	0	0	0	1	0	0	-1	0	0	0	-1	0	0	1	0	0
A_IN_A	6	0.3		10	3	0	0	-1	0	0	0	0	0	0	0	0	1	-1	0	0	1	0	0	11	3	0	0	0	0	0	1	0	0	-1	0	0	0	-1	0	0	1	0	0
A_M_OUT_Start	0	0.3		0	3	0	0	0	0	1	0	0	0	0	0	1	0	0	0	0	0	1	0	1	3	0	0	0	0	1	0	0	0	0	0	1	0	0	0	0	0	1	0
A_M_OUT_Start	1	0.3		0	3	0	0	0	0	1	0	0	0	0	0	1	0	0	0	0	0	1	0	1	3	0	0	0	0	1	0	0	0	0	0	1	0	0	0	0	0	1	0
A_M_OUT_Start	2	0.3		2	3	0	0	0	0	1	0	0	0	0	0	1	0	0	0	0	0	1	0	3	3	0	0	0	0	1	0	0	0	0	0	1	0	0	0	0	0	1	0
A_M_OUT_Start	3	0.3		4	3	0	0	-1	0	0	0	0	0	0	0	0	1	-1	0	0	1	0	0	5	3	0	0	0	0	0	1	0	0	-1	0	0	0	-1	0	0	1	0	0
A_M_OUT_Start	4	0.3		6	3	0	0	-1	0	0	0	0	0	0	0	0	1	-1	0	0	1	0	0	7	3	0	0	0	0	0	1	0	0	-1	0	0	0	-1	0	0	1	0	0
A_M_OUT_Start	5	0.3	2	8	3	0	0	-1	0	0	0	0	0	0	0	0	1	-1	0	0	1	0	0	9	3	0	0	0	0	0	1	0	0	-1	0	0	0	-1	0	0	1	0	0
A_M_OUT_Start	6	0.3		10	3	0	0	-1	0	0	0	0	0	0	0	0	1	-1	0	0	1	0	0	11	3	0	0	0	0	0	1	0	0	-1	0	0	0	-1	0	0	1	0	0
A_OUT_A	0	0.3		0	3	0	0	0	0	1	0	0	0	0	0	1	0	0	0	0	0	1	0	1	3	0	0	0	0	1	0	0	0	0	0	1	0	0	0	0	0	1	0
A_OUT_A	1	0.3		0	3	0	0	0	0	1	0	0	0	0	0	1	0	0	0	0	0	1	0	1	3	0	0	0	0	1	0	0	0	0	0	1	0	0	0	0	0	1	0
A_OUT_A	2	0.3		2	3	0	0	0	0	1	0	0	0	0	0	1	0	0	0	0	0	1	0	3	3	0	0	0	0	1	0	0	0	0	0	1	0	0	0	0	0	1	0
A_OUT_A	3	0.3		4	3	0	0	-1	0	0	0	0	0	0	0	0	1	-1	0	0	1	0	0	5	3	0	0	0	0	0	1	0	0	-1	0	0	0	-1	0	0	1	0	0
A_OUT_A	4	0.3		6	3	0	0	-1	0	0	0	0	0	0	0	0	1	-1	0	0	1	0	0	7	3	0	0	0	0	0	1	0	0	-1	0	0	0	-1	0	0	1	0	0
A_OUT_A	5	0.3	2	8	3	0	0	-1	0	0	0	0	0	0	0	0	1	-1	0	0	1	0	0	9	3	0	0	0	0	0	1	0	0	-1	0	0	0	-1	0	0	1	0	0
A_OUT_A	6	0.3		10	3	0	0	-1	0	0	0	0	0	0	0	0	1	-1	0	0	1	0	0	11	3	0	0	0	0	0	1	0	0	-1	0	0	0	-1	0	0	1	0	0
A_Pull	0	0.3		0	3	0	0	0	0	1	0	0	0	0	0	1	0	0	0	0	0	1	0	1	3	0	0	0	0	1	0	0	0	0	0	1	0	0	0	0	0	1	0
A_Pull	1	0.3		0	3	0	0	0	0	1	0	0	0	0	0	1	0	0	0	0	0	1	0	1	3	0	0	0	0	1	0	0	0	0	0	1	0	0	0	0	0	1	0
A_Pull	2	0.3		2	3	0	0	0	0	1	0	0	0	0	0	1	0	0	0	0	0	1	0	3	3	0	0	0	0	1	0	0	0	0	0	1	0	0	0	0	0	1	0
A_Pull	3	0.3		4	3	0	0	-1	0	0	0	0	0	0	0	0	1	-1	0	0	1	0	0	5	3	0	0	0	0	0	1	0	0	-1	0	0	0	-1	0	0	1	0	0
A_Pull	4	0.3		6	3	0	0	-1	0	0	0	0	0	0	0	0	1	-1	0	0	1	0	0	7	3	0	0	0	0	0	1	0	0	-1	0	0	0	-1	0	0	1	0	0
A_Pull	5	0.3	2	8	3	0	0	-1	0	0	0	0	0	0	0	0	1	-1	0	0	1	0	0	9	3	0	0	0	0	0	1	0	0	-1	0	0	0	-1	0	0	1	0	0
A_Pull	6	0.3		10	3	0	0	-1	0	0	0	0	0	0	0	0	1	-1	0	0	1	0	0	11	3	0	0	0	0	0	1	0	0	-1	0	0	0	-1	0	0	1	0	0
