0	Insert	0	cm_J_dan109_00	0.2	0	0	sound/data/se/h/00/00_00.unity3d	khse_07	0		0
1	WLoop	0	cm_J_dan109_00	0.01	0	0	sound/data/se/h/00/00_00.unity3d	khse_07	0		0
2	SLoop	0	cm_J_dan109_00	0.01	0	0	sound/data/se/h/00/00_00.unity3d	khse_08	0		0
3	OLoop	0	cm_J_dan109_00	0.25	0	0	sound/data/se/h/00/00_00.unity3d	khse_09	0		0
4	OLoop	0	cm_J_dan109_00	0.75	0	0	sound/data/se/h/00/00_00.unity3d	khse_09	0		0
5	M_IN_Loop	0	cm_J_dan109_00	0.1	0	0	sound/data/se/h/00/00_00.unity3d	khse_11	0		0
6	M_IN_Loop	0	cm_J_dan109_00	0.7	0	0	sound/data/se/h/00/00_00.unity3d	khse_11	0		0
7	WS_IN_Loop	0	cm_J_dan109_00	0.1	0	0	sound/data/se/h/00/00_00.unity3d	khse_11	0		0
8	SS_IN_Loop	0	cm_J_dan109_00	0.1	0	0	sound/data/se/h/00/00_00.unity3d	khse_11	0		0
9	M_OUT_Loop	0	cm_J_dan109_00	0.3	0	0	sound/data/se/h/00/00_00.unity3d	khse_10	0		0
10	M_OUT_Loop	0	cm_J_dan109_00	0.8	0	0	sound/data/se/h/00/00_00.unity3d	khse_10	0		0
11	M_OUT_Start	0	cm_J_dan109_00	0.02	0	0	sound/data/se/h/00/00_00.unity3d	khse_04	0		0
12	M_OUT_Start	0	cm_J_dan109_00	0.44	0	0	sound/data/se/h/00/00_00.unity3d	khse_04	0		0
13	M_OUT_Start	0	cm_J_dan109_00	0.74	0	0	sound/data/se/h/00/00_00.unity3d	khse_04	0		0
14	M_OUT_Loop	0	cm_J_dan109_00	0.02	0	0	sound/data/se/h/00/00_00.unity3d	khse_04	0		0
15	M_OUT_Loop	0	cm_J_dan109_00	0.22	0	0	sound/data/se/h/00/00_00.unity3d	khse_04	0		0
16	M_OUT_Loop	0	cm_J_dan109_00	0.42	0	0	sound/data/se/h/00/00_00.unity3d	khse_04	0		0
17	M_OUT_Loop	0	cm_J_dan109_00	0.62	0	0	sound/data/se/h/00/00_00.unity3d	khse_04	0		0
18	M_OUT_Loop	0	cm_J_dan109_00	0.82	0	0	sound/data/se/h/00/00_00.unity3d	khse_04	0		0
19	A_Insert	0	cm_J_dan109_00	0.2	0	0	sound/data/se/h/00/00_00.unity3d	khse_07	0		0
20	A_WLoop	0	cm_J_dan109_00	0.01	0	0	sound/data/se/h/00/00_00.unity3d	khse_07	0		0
21	A_SLoop	0	cm_J_dan109_00	0.01	0	0	sound/data/se/h/00/00_00.unity3d	khse_08	0		0
22	A_OLoop	0	cm_J_dan109_00	0.25	0	0	sound/data/se/h/00/00_00.unity3d	khse_09	0		0
23	A_OLoop	0	cm_J_dan109_00	0.75	0	0	sound/data/se/h/00/00_00.unity3d	khse_09	0		0
24	A_M_IN_Loop	0	cm_J_dan109_00	0.1	0	0	sound/data/se/h/00/00_00.unity3d	khse_11	0		0
25	A_M_IN_Loop	0	cm_J_dan109_00	0.7	0	0	sound/data/se/h/00/00_00.unity3d	khse_11	0		0
26	A_WS_IN_Loop	0	cm_J_dan109_00	0.1	0	0	sound/data/se/h/00/00_00.unity3d	khse_11	0		0
27	A_SS_IN_Loop	0	cm_J_dan109_00	0.1	0	0	sound/data/se/h/00/00_00.unity3d	khse_11	0		0
28	A_M_OUT_Loop	0	cm_J_dan109_00	0.3	0	0	sound/data/se/h/00/00_00.unity3d	khse_10	0		0
29	A_M_OUT_Loop	0	cm_J_dan109_00	0.8	0	0	sound/data/se/h/00/00_00.unity3d	khse_10	0		0
30	M_OUT_Start	0	cm_J_dan109_00	0.02	0	0	sound/data/se/h/00/00_00.unity3d	khse_04	0		0
31	M_OUT_Start	0	cm_J_dan109_00	0.44	0	0	sound/data/se/h/00/00_00.unity3d	khse_04	0		0
32	M_OUT_Start	0	cm_J_dan109_00	0.74	0	0	sound/data/se/h/00/00_00.unity3d	khse_04	0		0
33	A_M_OUT_Loop	0	cm_J_dan109_00	0.02	0	0	sound/data/se/h/00/00_00.unity3d	khse_04	0		0
34	A_M_OUT_Loop	0	cm_J_dan109_00	0.22	0	0	sound/data/se/h/00/00_00.unity3d	khse_04	0		0
35	A_M_OUT_Loop	0	cm_J_dan109_00	0.42	0	0	sound/data/se/h/00/00_00.unity3d	khse_04	0		0
36	A_M_OUT_Loop	0	cm_J_dan109_00	0.62	0	0	sound/data/se/h/00/00_00.unity3d	khse_04	0		0
37	A_M_OUT_Loop	0	cm_J_dan109_00	0.82	0	0	sound/data/se/h/00/00_00.unity3d	khse_04	0		0
