0	0,1,2,3,4,5,6,7,8	0	-1	0,1,2	0	107,108	0	0	-1/0																											
1	0,1,2,3,4,5,6,7,8	1	-1	3,4	2	109,110	0	0	-1/0																											
2	0,1,2,3,4,5,6,7,8	1	0	5,6	2	111,112	0	0	-1/0	0,1,2,3,4,5,6,7,8	1	1	7,8	2	113,114	0	0	-1/0	9	0	-1	179	-1		0	0	-1/0									
3	0,1,2,3,4,5,6,7,8	1	-1	9,10,11	3	115,116	0	0	-1/0	9	0	-1	180	-1		0	0	-1/0																		
4	0,1,2,3,4,5,6,7,8	2	-1	35,36,37	4	132,133	0	0	-1/0	10	2	-1	198,199	-1		0	0	-1/0																		
5	0,1,2,3,4,5,6,7,8	3	-1	35,36,37	4	132,133	0	0	-1/0	10	3	-1	198,199	-1		0	0	-1/0																		
6	0,1,2,3,4,5,6,7,8	4	-1	35,36,37	4	132,133	0	0	-1/0	10	4	-1	198,199	-1		0	0	-1/0																		
7	0,1,2,3,4,5,6,7,8	5	-1	35,36,37	4	132,133	0	0	-1/0	10	5	-1	198,199	-1		0	0	-1/0																		
8	0,1,2,3,4,5,6,7,8	6	-1	35,36,37	4	132,133	0	0	-1/0	10	6	-1	198,199	-1		0	0	-1/0																		
9	0,1,2,3,4,5,6,7,8	4	-1	38,39,40	5	134,135	0	0	-1/0																											
10	0,1,2,3,4,5,6,7,8	7	-1	41,42,43	6	136,137	0	0	-1/0																											
11	0,1,2,3,4,5,6,7,8	2	2	12,13,14,15,16,17,18,19,44,45,46,47,48	7	117,118,119,120,121,138,139,140,141	0	0	-1/0	0,1,2,3,4,5,6,7,8	2	3	23,24,25	7	124,125	0	0	-1/0	9	2	-1	181,182,183,184,185	-1		0	0	-1/0	10	2	-1	193,194,195,196,197	-1		0	0	-1/0
12	0,1,2,3,4,5,6,7,8	2	2	12,13,14,15,16,17,18,19,44,45,46,47,48	8	117,118,119,120,121,138,139,140,141	0	0	-1/0	0,1,2,3,4,5,6,7,8	2	3	23,24,25	8	124,125	0	0	-1/0	9	2	-1	181,182,183,184,185	-1		0	0	-1/0	10	2	-1	193,194,195,196,197	-1		0	0	-1/0
13	0,1,2,3,4,5,6,7,8	3	4	12,13,14,15,16,17,18,19,60,61,62	9	117,118,119,120,121	0	0	-1/0	0,1,2,3,4,5,6,7,8	3	5	23,24,25,29,30,31	9	124,125,128,129	0	0	-1/0	9	3	-1	181,182,183,184,185	-1		0	0	-1/0	10	3	-1	193,194,195,196,197	-1		0	0	-1/0
14	0,1,2,3,4,5,6,7,8	3	4	12,13,14,15,16,17,18,19,60,61,62	10	117,118,119,120,121	0	0	-1/0	0,1,2,3,4,5,6,7,8	3	5	23,24,25,29,30,31	10	124,125,128,129	0	0	-1/0	9	3	-1	181,182,183,184,185	-1		0	0	-1/0	10	3	-1	193,194,195,196,197	-1		0	0	-1/0
15	0,1,2,3,4,5,6,7,8	4	6	12,13,14,15,16,17,18,19,20,21,22,57,58,59	11	117,118,119,120,121,122,123	0	0	-1/0	0,1,2,3,4,5,6,7,8	4	7	23,24,25,32,33,34	11	124,125,130,131	0	0	-1/0	9	4	-1	181,182,183,184,185	-1		0	0	-1/0	10	4	-1	193,194,195,196,197	-1		0	0	-1/0
16	0,1,2,3,4,5,6,7,8	4	6	12,13,14,15,16,17,18,19,20,21,22,63,64,65	12	117,118,119,120,121,122,123	0	0	-1/0	0,1,2,3,4,5,6,7,8	4	7	23,24,25,32,33,34	12	124,125,130,131	0	0	-1/0	9	4	-1	181,182,183,184,185	-1		0	0	-1/0	10	4	-1	193,194,195,196,197	-1		0	0	-1/0
17	0,1,2,3,4,5,6,7,8	5	8	12,13,14,15,16,17,18,19,44,45,46,49,50	13	117,118,119,120,121,138,139,142,143	0	0	-1/0	0,1,2,3,4,5,6,7,8	5	9	23,24,25	13	124,125	0	0	-1/0	9	5	-1	181,182,183,184,185	-1		0	0	-1/0	10	5	-1	193,194,195,196,197	-1		0	0	-1/0
18	0,1,2,3,4,5,6,7,8	5	8	12,13,14,15,16,17,18,19,44,45,46,49,50	14	117,118,119,120,121,138,139,142,143	0	0	-1/0	0,1,2,3,4,5,6,7,8	5	9	23,24,25	14	124,125	0	0	-1/0	9	5	-1	181,182,183,184,185	-1		0	0	-1/0	10	5	-1	193,194,195,196,197	-1		0	0	-1/0
19	0,1,2,3,4,5,6,7,8	3	4	12,13,14,15,16,17,18,19,66,67,68	15	117,118,119,120,121,154,155	0	0	-1/0	0,1,2,3,4,5,6,7,8	3	5	23,24,25,29,30,31	15	124,125,128,129	0	0	-1/0	9	3	-1	181,182,183,184,185	-1		0	0	-1/0	10	3	-1	193,194,195,196,197	-1		0	0	-1/0
20	0,1,2,3,4,5,6,7,8	3	4	12,13,14,15,16,17,18,19,72,73,74	16	117,118,119,120,121,158,159	0	0	-1/0	0,1,2,3,4,5,6,7,8	3	5	23,24,25,29,30,31	16	124,125,128,129	0	0	-1/0	9	3	-1	181,182,183,184,185	-1		0	0	-1/0	10	3	-1	193,194,195,196,197	-1		0	0	-1/0
21	0,1,2,3,4,5,6,7,8	4	6	12,13,14,15,16,17,18,19,20,21,22,69,70,71	17	117,118,119,120,121,122,123,156,157	0	0	-1/0	0,1,2,3,4,5,6,7,8	4	7	23,24,25,32,33,34	17	124,125,130,131	0	0	-1/0	9	4	-1	181,182,183,184,185	-1		0	0	-1/0	10	4	-1	193,194,195,196,197	-1		0	0	-1/0
22	0,1,2,3,4,5,6,7,8	4	6	12,13,14,15,16,17,18,19,20,21,22,75,76,77	18	117,118,119,120,121,122,123,160,161	0	0	-1/0	0,1,2,3,4,5,6,7,8	4	7	23,24,25,32,33,34	18	124,125,130,131	0	0	-1/0	9	4	-1	181,182,183,184,185	-1		0	0	-1/0	10	4	-1	193,194,195,196,197	-1		0	0	-1/0
23	0,1,2,3,4,5,6,7,8	6	10	12,13,14,15,16,17,18,19,51,52,53	19	117,118,119,120,121,144,145	0	0	-1/0	0,1,2,3,4,5,6,7,8	6	11	23,24,25,26,27,28	19	124,125,126,127	0	0	-1/0	9	6	-1	181,182,183,184,185	-1		0	0	-1/0	10	6	-1	193,194,195,196,197	-1		0	0	-1/0
24	0,1,2,3,4,5,6,7,8	6	10	12,13,14,15,16,17,18,19,54,55,56	20	117,118,119,120,121,146,147	0	0	-1/0	0,1,2,3,4,5,6,7,8	6	11	23,24,25,26,27,28	20	124,125,126,127	0	0	-1/0	9	6	-1	181,182,183,184,185	-1		0	0	-1/0	10	6	-1	193,194,195,196,197	-1		0	0	-1/0
25	0,1,2,3,4,5,6,7,8	3	4	12,13,14,15,16,17,18,19,78,79,80,83,84	21	117,118,119,120,121,162,163,166,167	0	0	-1/0	0,1,2,3,4,5,6,7,8	3	5	23,24,25	21	124,125	0	0	-1/0	9	3	-1	181,182,183,184,185	-1		0	0	-1/0	10	3	-1	193,194,195,196,197	-1		0	0	-1/0
26	0,1,2,3,4,5,6,7,8	3	4	12,13,14,15,16,17,18,19,78,79,80,83,84	22	117,118,119,120,121,162,163,166,167	0	0	-1/0	0,1,2,3,4,5,6,7,8	3	5	23,24,25	22	124,125	0	0	-1/0	9	3	-1	181,182,183,184,185	-1		0	0	-1/0	10	3	-1	193,194,195,196,197	-1		0	0	-1/0
27	0,1,2,3,4,5,6,7,8	4	6	12,13,14,15,16,17,18,19,20,21,22,78,79,80,85,86	23	117,118,119,120,121,122,123,162,163,168,169	0	0	-1/0	0,1,2,3,4,5,6,7,8	4	7	23,24,25	23	124,125	0	0	-1/0	9	4	-1	181,182,183,184,185	-1		0	0	-1/0	10	4	-1	193,194,195,196,197	-1		0	0	-1/0
28	0,1,2,3,4,5,6,7,8	4	6	12,13,14,15,16,17,18,19,20,21,22,87,88,89	24	117,118,119,120,121,122,123,170,171	0	0	-1/0	0,1,2,3,4,5,6,7,8	4	7	23,24,25	24	124,125	0	0	-1/0	9	4	-1	181,182,183,184,185	-1		0	0	-1/0	10	4	-1	193,194,195,196,197	-1		0	0	-1/0
29	0,1,2,3,4,5,6,7,8	5	8	12,13,14,15,16,17,18,19,78,79,80	25	117,118,119,120,121,162,163	0	0	-1/0	0,1,2,3,4,5,6,7,8	5	9	23,24,25	25	124,125	0	0	-1/0	9	5	-1	181,182,183,184,185	-1		0	0	-1/0	10	5	-1	193,194,195,196,197	-1		0	0	-1/0
30	0,1,2,3,4,5,6,7,8	5	8	12,13,14,15,16,17,18,19,78,79,80	26	117,118,119,120,121,162,163	0	0	-1/0	0,1,2,3,4,5,6,7,8	5	9	23,24,25	26	124,125	0	0	-1/0	9	5	-1	181,182,183,184,185	-1		0	0	-1/0	10	5	-1	193,194,195,196,197	-1		0	0	-1/0
31	0,1,2,3,4,5,6,7,8	6	10	12,13,14,15,16,17,18,19,78,79,80,81,82	27	117,118,119,120,121,162,163,164,165	0	0	-1/0	0,1,2,3,4,5,6,7,8	6	11	23,24,25	27	124,125	0	0	-1/0	9	6	-1	181,182,183,184,185	-1		0	0	-1/0	10	6	-1	193,194,195,196,197	-1		0	0	-1/0
32	0,1,2,3,4,5,6,7,8	6	10	12,13,14,15,16,17,18,19,78,79,80,81,82	28	117,118,119,120,121,162,163,164,165	0	0	-1/0	0,1,2,3,4,5,6,7,8	6	11	23,24,25	28	124,125	0	0	-1/0	9	6	-1	181,182,183,184,185	-1		0	0	-1/0	10	6	-1	193,194,195,196,197	-1		0	0	-1/0
33	0,1,2,3,4,5,6,7,8	3	4	12,13,14,15,16,17,18,19,90,91,92,93,94,95,98,99	29	117,118,119,120,121,172,173	0	0	-1/0	0,1,2,3,4,5,6,7,8	3	5	23,24,25	29	124,125	0	0	-1/0	9	3	-1	181,182,183,184,185	-1		0	0	-1/0	10	3	-1	193,194,195,196,197	-1		0	0	-1/0
34	0,1,2,3,4,5,6,7,8	3	4	12,13,14,15,16,17,18,19,90,91,92,93,94,95,98,99	30	117,118,119,120,121,172,173	0	0	-1/0	0,1,2,3,4,5,6,7,8	3	5	23,24,25	30	124,125	0	0	-1/0	9	3	-1	181,182,183,184,185	-1		0	0	-1/0	10	3	-1	193,194,195,196,197	-1		0	0	-1/0
35	0,1,2,3,4,5,6,7,8	5	8	12,13,14,15,16,17,18,19,90,91,92	31	117,118,119,120,121	0	0	-1/0	0,1,2,3,4,5,6,7,8	5	9	23,24,25	31	124,125	0	0	-1/0	9	5	-1	181,182,183,184,185	-1		0	0	-1/0	10	5	-1	193,194,195,196,197	-1		0	0	-1/0
36	0,1,2,3,4,5,6,7,8	5	8	12,13,14,15,16,17,18,19,90,91,92	32	117,118,119,120,121	0	0	-1/0	0,1,2,3,4,5,6,7,8	5	9	23,24,25	32	124,125	0	0	-1/0	9	5	-1	181,182,183,184,185	-1		0	0	-1/0	10	5	-1	193,194,195,196,197	-1		0	0	-1/0
37	0,1,2,3,4,5,6,7,8	6	10	12,13,14,15,16,17,18,19,90,91,92,93,94,95,96,97	33	117,118,119,120,121,172,173	0	0	-1/0	0,1,2,3,4,5,6,7,8	6	11	23,24,25	33	124,125	0	0	-1/0	9	6	-1	181,182,183,184,185	-1		0	0	-1/0	10	6	-1	193,194,195,196,197	-1		0	0	-1/0
38	0,1,2,3,4,5,6,7,8	6	10	12,13,14,15,16,17,18,19,90,91,92,93,94,95,96,97	34	117,118,119,120,121,172,173	0	0	-1/0	0,1,2,3,4,5,6,7,8	6	11	23,24,25	34	124,125	0	0	-1/0	9	6	-1	181,182,183,184,185	-1		0	0	-1/0	10	6	-1	193,194,195,196,197	-1		0	0	-1/0
39	0,1,2,3,4,5,6,7,8	3	4	12,13,14,15,16,17,18,19	35	117,118,119,120,121	0	0	-1/0	0,1,2,3,4,5,6,7,8	3	5	23,24,25	35	124,125	0	0	-1/0	9	3	-1	181,182,183,184,185	-1		0	0	-1/0	10	3	-1	193,194,195,196,197	-1		0	0	-1/0
40	0,1,2,3,4,5,6,7,8	3	4	12,13,14,15,16,17,18,19	36	117,118,119,120,121	0	0	-1/0	0,1,2,3,4,5,6,7,8	3	5	23,24,25	36	124,125	0	0	-1/0	9	3	-1	181,182,183,184,185	-1		0	0	-1/0	10	3	-1	193,194,195,196,197	-1		0	0	-1/0
41	0,1,2,3,4,5,6,7,8	0	-1	100,101,102	1	174,175	0	0	-1/0	9	0	-1	186,187	-1		0	0	-1/0	10	0	-1	200,201	-1		0	0	-1/0									
42	0,1,2,3,4,5,6,7,8	0	-1	103	-1		0	0	-1/0	9	0	-1	188	-1		0	0	-1/0	10	0	-1	202	-1		0	0	-1/0									
43	0,1,2,3,4,5,6,7,8	0	-1	104,105,106	1	176,177	0	0	-1/0	9	0	-1	189,190	-1		0	0	-1/0	10	0	-1	203,204	-1		0	0	-1/0									
44	9	0	-1	178	-1		0	0	-1/0	10	0	-1	191	-1		0	0	-1/0																		
45	10	0	-1	192	-1		0	0	-1/0																											
