Idle	0	0	3	3	2	2	52	-25	25	-40	40	-25	25	-40	40
Insert	0	0	3	3	2	2	2	-25	25	-40	40	-25	25	-40	40
InsertIdle	0	0	3	3	2	2	52	-25	25	-40	40	-25	25	-40	40
WLoop	0	0	3	3	2	2	52	-25	25	-40	40	-25	25	-40	40
SLoop	0	0	0	0	0	0	2	-25	25	-40	40	-25	25	-40	40
OLoop	0	0	3	3	2	2	2	-25	25	-40	40	-25	25	-40	40
M_IN_Start	0	0	0	0	0	0	0	-25	25	-40	40	-25	25	-40	40
M_IN_Loop	0	0	0	0	0	0	0	-25	25	-40	40	-25	25	-40	40
WF_IN_Start	0	0	0	0	0	0	0	-25	25	-40	40	-25	25	-40	40
WF_IN_Loop	0	0	0	0	0	0	0	-25	25	-40	40	-25	25	-40	40
WS_IN_Start	0	0	0	0	0	0	0	-25	25	-40	40	-25	25	-40	40
WS_IN_Loop	0	0	0	0	0	0	0	-25	25	-40	40	-25	25	-40	40
WS_IN_A	0	0	3	3	2	2	2	-25	25	-40	40	-25	25	-40	40
SF_IN_Start	0	0	0	0	0	0	0	-25	25	-40	40	-25	25	-40	40
SF_IN_Loop	0	0	0	0	0	0	0	-25	25	-40	40	-25	25	-40	40
SS_IN_Start	0	0	0	0	0	0	0	-25	25	-40	40	-25	25	-40	40
SS_IN_Loop	0	0	0	0	0	0	0	-25	25	-40	40	-25	25	-40	40
SS_IN_A	0	0	3	3	2	2	2	-25	25	-40	40	-25	25	-40	40
IN_A	0	0	3	3	2	2	2	-25	25	-40	40	-25	25	-40	40
M_OUT_Start	0	0	3	3	3	3	3	-25	25	-40	40	-25	25	-40	40
M_OUT_Loop	0	0	3	3	3	3	3	-25	25	-40	40	-25	25	-40	40
OUT_A	0	0	3	3	2	2	2	-25	25	-40	40	-25	25	-40	40
Pull	0	0	3	3	2	2	2	-25	25	-40	40	-25	25	-40	40
Drop	0	0	3	3	3	3	3	-25	25	-40	40	-25	25	-40	40
