0	Ｈシーンに入った時	13	2	1	0	0	0	0.5	1	1	0
1	もう一度してほしいな	13	2	1	0	0	0	0.5	1	1	0
2	このままもう一回したいな	13	2	1	0	0	0	0.5	1	1	0
3	触っていい？	13	2	1	0	0	0	0.5	1	1	0
4	奉仕してくれる？	13	2	1	0	0	0	0.5	1	1	0
5	挿れたいな	13	2	1	0	0	0	0.5	1	1	0
6	ゴム付けて	2	2	1	0	0	0	0.5	1	1	0
7	危険日だからゴム付けて	2	2	1	0	0	0	0.5	1	1	0
8	安全日だからいいよ	13	2	1	0	0	0	0.5	1	1	0
9	恋人で淫乱なら生解禁	13	2	1	0	0	0	0.5	1	1	0
10	挿入、愛撫、奉仕共通	13	2	1	0	0	0	0.5	1	1	0
11	女主導（騎乗位）	13	20	1	19	0	0	0.5	1	1	0
12	汎用系（寝てみて、立ってみて、こっち向いて）	13	2	1	0	0	0	0.5	1	1	0
13	恥ずかしい系（後ろ向いて、四つん這いになって）	13	15	1	0	0	0	0.8	1	1	0
14	手で触って	13	2	1	0	0	0	0.5	1	1	0
15	口でお願い（舐める、咥える共通）	13	2	1	0	0	0	0.5	1	1	0
16	胸を使って	13	2	1	0	0	0	0.5	1	1	0
17	挿入、愛撫、奉仕共通（汎用）	13	2	1	0	0	0	0.5	1	1	0
18	女主導（騎乗位とか）	13	20	1	19	0	0	0.5	1	1	0
19	汎用系　（寝てみて、立ってみて、こっち向いてコマンド後から体勢を変更した直後）	13	2	1	0	0	0	0.5	1	1	0
20	恥ずかしい系　（後ろ向いて、四つん這いになってコマンド後から体勢を変更した直後）	13	15	1	0	0	0	0.8	1	1	0
21	向かい合う系体位（正常位で、立位で、椅子対面など）	13	2	1	0	0	0	0.5	1	1	0
22	後ろから系体位（後背位、椅子バック、壁バックなど）	13	2	1	0	0	0	0.5	1	1	0
23	恥ずかしい系'（'駅弁とか）	13	15	1	0	0	0	0.8	1	1	0
100	Ｈシーンに入った時	0	2	1	1	0	0	0.5	1	1	0
101	もう一度してほしいな	0	2	1	1	0	0	0.5	1	1	0
102	このままもう一回したいな	0	2	1	1	0	0	0.5	1	1	0
103	触っていい？	0	2	1	1	0	0	0.5	1	1	0
104	奉仕してくれる？	0	2	1	1	0	0	0.5	1	1	0
105	挿れたいな	0	2	1	1	0	0	0.5	1	1	0
106	ゴム付けて	2	2	1	1	0	0	0.5	1	1	0
107	危険日だからゴム付けて	2	2	1	1	0	0	0.5	1	1	0
108	安全日だからいいよ	0	2	1	1	0	0	0.5	1	1	0
109	恋人で淫乱なら生解禁	0	2	1	1	0	0	0.5	1	1	0
110	挿入、愛撫、奉仕共通	0	2	1	1	0	0	0.5	1	1	0
111	女主導（騎乗位）	0	20	1	19	0	0	0.5	1	1	0
112	汎用系（寝てみて、立ってみて、こっち向いて）	0	2	1	1	0	0	0.5	1	1	0
113	恥ずかしい系（後ろ向いて、四つん這いになって）	0	15	1	1	0	0	0.8	1	1	0
114	手で触って	0	2	1	1	0	0	0.5	1	1	0
115	口でお願い（舐める、咥える共通）	0	2	1	1	0	0	0.5	1	1	0
116	胸を使って	0	2	1	1	0	0	0.5	1	1	0
117	挿入、愛撫、奉仕共通（汎用）	0	2	1	1	0	0	0.5	1	1	0
118	女主導（騎乗位とか）	0	20	1	19	0	0	0.5	1	1	0
119	汎用系　（寝てみて、立ってみて、こっち向いてコマンド後から体勢を変更した直後）	0	2	1	1	0	0	0.5	1	1	0
120	恥ずかしい系　（後ろ向いて、四つん這いになってコマンド後から体勢を変更した直後）	0	15	1	1	0	0	0.8	1	1	0
121	向かい合う系体位（正常位で、立位で、椅子対面など）	0	2	1	1	0	0	0.5	1	1	0
122	後ろから系体位（後背位、椅子バック、壁バックなど）	0	2	1	1	0	0	0.5	1	1	0
123	恥ずかしい系'（'駅弁とか）	0	15	1	1	0	0	0.8	1	1	0
200	Ｈシーンに入った時	11	7	1	39	0	0	0.5	1	1	0
201	もう一度してほしいな	11	7	1	39	0	0	0.5	1	1	0
202	このままもう一回したいな	11	7	1	39	0	0	0.5	1	1	0
203	触っていい？	11	7	1	39	0	0	0.5	1	1	0
204	奉仕してくれる？	11	7	1	39	0	0	0.5	1	1	0
205	挿れたいな	11	7	1	39	0	0	0.5	1	1	0
206	ゴム付けて	2	7	1	39	0	0	0.5	1	1	0
207	危険日だからゴム付けて	2	7	1	39	0	0	0.5	1	1	0
208	安全日だからいいよ	11	7	1	39	0	0	0.5	1	1	0
209	恋人で淫乱なら生解禁	11	7	1	39	0	0	0.5	1	1	0
210	挿入、愛撫、奉仕共通	11	7	1	39	0	0	0.5	1	1	0
211	女主導（騎乗位）	14	20	1	39	0	0	0.5	1	1	0
212	汎用系（寝てみて、立ってみて、こっち向いて）	11	7	1	39	0	0	0.5	1	1	0
213	恥ずかしい系（後ろ向いて、四つん這いになって）	11	15	1	39	0	0	0.8	1	1	0
214	手で触って	11	7	1	39	0	0	0.5	1	1	0
215	口でお願い（舐める、咥える共通）	11	7	1	39	0	0	0.5	1	1	0
216	胸を使って	11	7	1	39	0	0	0.5	1	1	0
217	挿入、愛撫、奉仕共通（汎用）	11	7	1	39	0	0	0.5	1	1	0
218	女主導（騎乗位とか）	14	20	1	39	0	0	0.5	1	1	0
219	汎用系　（寝てみて、立ってみて、こっち向いてコマンド後から体勢を変更した直後）	11	7	1	39	0	0	0.5	1	1	0
220	恥ずかしい系　（後ろ向いて、四つん這いになってコマンド後から体勢を変更した直後）	11	15	1	39	0	0	0.8	1	1	0
221	向かい合う系体位（正常位で、立位で、椅子対面など）	11	7	1	39	0	0	0.5	1	1	0
222	後ろから系体位（後背位、椅子バック、壁バックなど）	11	7	1	39	0	0	0.5	1	1	0
223	恥ずかしい系'（'駅弁とか）	11	15	1	39	0	0	0.8	1	1	0
